08:18:24.045 [INFO] (trainer.py:175) Episode = 1, T_Steps = 63, E_Steps = 63, R = -0.6402, succ =  0.0000, FPS = 10.26
08:18:28.523 [INFO] (trainer.py:175) Episode = 2, T_Steps = 244, E_Steps = 181, R = -0.1736, succ =  0.0000, FPS = 40.43
08:18:33.177 [INFO] (trainer.py:175) Episode = 3, T_Steps = 424, E_Steps = 180, R = -0.1608, succ =  0.0000, FPS = 38.68
08:18:37.513 [INFO] (trainer.py:175) Episode = 4, T_Steps = 604, E_Steps = 180, R = -0.1387, succ =  0.0000, FPS = 41.52
08:18:42.734 [INFO] (trainer.py:175) Episode = 5, T_Steps = 817, E_Steps = 213, R = -0.1882, succ =  0.0000, FPS = 40.81
08:18:47.562 [INFO] (trainer.py:175) Episode = 6, T_Steps = 1016, E_Steps = 199, R = -0.1422, succ =  0.0000, FPS = 41.23
08:18:51.653 [INFO] (trainer.py:175) Episode = 7, T_Steps = 1183, E_Steps = 167, R = -0.1494, succ =  0.0000, FPS = 40.84
08:18:56.067 [INFO] (trainer.py:175) Episode = 8, T_Steps = 1362, E_Steps = 179, R = -0.1160, succ =  0.0000, FPS = 40.56
08:19:00.079 [INFO] (trainer.py:175) Episode = 9, T_Steps = 1530, E_Steps = 168, R = -0.1890, succ =  0.0000, FPS = 41.90
08:19:04.537 [INFO] (trainer.py:175) Episode = 10, T_Steps = 1713, E_Steps = 183, R = -0.1628, succ =  0.0000, FPS = 41.06
08:19:08.718 [INFO] (trainer.py:175) Episode = 11, T_Steps = 1888, E_Steps = 175, R = -0.1381, succ =  0.0000, FPS = 41.87
08:19:12.857 [INFO] (trainer.py:175) Episode = 12, T_Steps = 2059, E_Steps = 171, R = -0.0953, succ =  0.0000, FPS = 41.32
08:19:17.395 [INFO] (trainer.py:175) Episode = 13, T_Steps = 2236, E_Steps = 177, R = -0.1445, succ =  0.0000, FPS = 39.02
08:19:21.630 [INFO] (trainer.py:175) Episode = 14, T_Steps = 2401, E_Steps = 165, R = -0.1143, succ =  0.0000, FPS = 38.97
08:19:25.407 [INFO] (trainer.py:175) Episode = 15, T_Steps = 2556, E_Steps = 155, R = -0.1014, succ =  0.0000, FPS = 41.06
08:19:30.098 [INFO] (trainer.py:175) Episode = 16, T_Steps = 2748, E_Steps = 192, R = -0.1274, succ =  0.0000, FPS = 40.94
08:19:34.189 [INFO] (trainer.py:175) Episode = 17, T_Steps = 2920, E_Steps = 172, R = -0.1169, succ =  0.0000, FPS = 42.05
08:19:38.263 [INFO] (trainer.py:175) Episode = 18, T_Steps = 3092, E_Steps = 172, R = -0.0804, succ =  0.0000, FPS = 42.24
08:19:43.006 [INFO] (trainer.py:175) Episode = 19, T_Steps = 3282, E_Steps = 190, R = -0.0959, succ =  0.0000, FPS = 40.07
08:19:47.620 [INFO] (trainer.py:175) Episode = 20, T_Steps = 3462, E_Steps = 180, R = -0.1852, succ =  0.0000, FPS = 39.02
08:19:48.786 [INFO] (trainer.py:175) Episode = 21, T_Steps = 3510, E_Steps = 48, R = -0.6650, succ =  0.0000, FPS = 41.21
08:19:53.447 [INFO] (trainer.py:175) Episode = 22, T_Steps = 3702, E_Steps = 192, R = -0.1704, succ =  0.0000, FPS = 41.21
08:19:58.239 [INFO] (trainer.py:175) Episode = 23, T_Steps = 3903, E_Steps = 201, R = -0.2011, succ =  0.0000, FPS = 41.96
08:20:02.784 [INFO] (trainer.py:175) Episode = 24, T_Steps = 4085, E_Steps = 182, R = -0.1857, succ =  0.0000, FPS = 40.05
08:20:06.517 [INFO] (trainer.py:175) Episode = 25, T_Steps = 4234, E_Steps = 149, R = -0.1147, succ =  0.0000, FPS = 39.93
08:20:10.949 [INFO] (trainer.py:175) Episode = 26, T_Steps = 4411, E_Steps = 177, R = -0.1766, succ =  0.0000, FPS = 39.95
08:20:12.897 [INFO] (trainer.py:175) Episode = 27, T_Steps = 4484, E_Steps = 73, R = -0.6462, succ =  0.0000, FPS = 37.51
08:20:14.454 [INFO] (trainer.py:175) Episode = 28, T_Steps = 4543, E_Steps = 59, R = -0.7667, succ =  0.0000, FPS = 37.91
08:20:17.744 [INFO] (trainer.py:175) Episode = 29, T_Steps = 4692, E_Steps = 149, R = -0.1008, succ =  0.0000, FPS = 45.31
08:20:22.106 [INFO] (trainer.py:175) Episode = 30, T_Steps = 4874, E_Steps = 182, R = -0.1482, succ =  0.0000, FPS = 41.73
08:20:26.376 [INFO] (trainer.py:175) Episode = 31, T_Steps = 5051, E_Steps = 177, R = -0.1276, succ =  0.0000, FPS = 41.47
08:20:31.322 [INFO] (trainer.py:175) Episode = 32, T_Steps = 5239, E_Steps = 188, R = -0.1433, succ =  0.0000, FPS = 38.02
08:20:35.645 [INFO] (trainer.py:175) Episode = 33, T_Steps = 5406, E_Steps = 167, R = -0.1612, succ =  0.0000, FPS = 38.64
08:20:40.012 [INFO] (trainer.py:175) Episode = 34, T_Steps = 5578, E_Steps = 172, R = -0.1675, succ =  0.0000, FPS = 39.40
08:20:44.416 [INFO] (trainer.py:175) Episode = 35, T_Steps = 5757, E_Steps = 179, R = -0.1917, succ =  0.0000, FPS = 40.65
08:20:46.129 [INFO] (trainer.py:175) Episode = 36, T_Steps = 5828, E_Steps = 71, R = -0.6588, succ =  0.0000, FPS = 41.49
08:20:50.449 [INFO] (trainer.py:175) Episode = 37, T_Steps = 6000, E_Steps = 172, R = -0.1546, succ =  0.0000, FPS = 39.83
08:21:08.325 [INFO] (trainer.py:175) Episode = 38, T_Steps = 6157, E_Steps = 157, R = -0.5042, succ =  0.0000, FPS =  8.78
08:21:23.150 [INFO] (trainer.py:175) Episode = 39, T_Steps = 6315, E_Steps = 158, R = -0.4802, succ =  0.0000, FPS = 10.66
08:21:30.764 [INFO] (trainer.py:175) Episode = 40, T_Steps = 6394, E_Steps = 79, R = -0.7084, succ =  0.0000, FPS = 10.38
08:21:38.108 [INFO] (trainer.py:175) Episode = 41, T_Steps = 6473, E_Steps = 79, R = -0.7449, succ =  0.0000, FPS = 10.76
08:21:45.607 [INFO] (trainer.py:175) Episode = 42, T_Steps = 6554, E_Steps = 81, R = -0.7136, succ =  0.0000, FPS = 10.80
08:22:09.092 [INFO] (trainer.py:175) Episode = 43, T_Steps = 6803, E_Steps = 249, R =  1.7546, succ =  0.0500, FPS = 10.60
08:22:19.442 [INFO] (trainer.py:175) Episode = 44, T_Steps = 6914, E_Steps = 111, R = -0.6442, succ =  0.0500, FPS = 10.73
08:22:25.761 [INFO] (trainer.py:175) Episode = 45, T_Steps = 6982, E_Steps = 68, R = -0.7661, succ =  0.0500, FPS = 10.76
08:22:50.124 [INFO] (trainer.py:175) Episode = 46, T_Steps = 7240, E_Steps = 258, R =  1.8103, succ =  0.1000, FPS = 10.59
08:23:16.265 [INFO] (trainer.py:175) Episode = 47, T_Steps = 7519, E_Steps = 279, R =  1.8665, succ =  0.1500, FPS = 10.67
08:23:25.283 [INFO] (trainer.py:175) Episode = 48, T_Steps = 7615, E_Steps = 96, R = -0.6844, succ =  0.1500, FPS = 10.65
08:23:53.091 [INFO] (trainer.py:175) Episode = 49, T_Steps = 7911, E_Steps = 296, R =  1.8797, succ =  0.2000, FPS = 10.65
08:24:04.581 [INFO] (trainer.py:175) Episode = 50, T_Steps = 8035, E_Steps = 124, R = -0.5849, succ =  0.2000, FPS = 10.79
08:24:33.879 [INFO] (trainer.py:175) Episode = 51, T_Steps = 8354, E_Steps = 319, R =  1.9455, succ =  0.2500, FPS = 10.89
08:25:01.990 [INFO] (trainer.py:175) Episode = 52, T_Steps = 8654, E_Steps = 300, R =  1.9052, succ =  0.3000, FPS = 10.67
08:25:19.589 [INFO] (trainer.py:175) Episode = 53, T_Steps = 8842, E_Steps = 188, R = -0.4165, succ =  0.3000, FPS = 10.68
08:25:46.486 [INFO] (trainer.py:175) Episode = 54, T_Steps = 9129, E_Steps = 287, R =  1.8900, succ =  0.3500, FPS = 10.67
08:26:02.953 [INFO] (trainer.py:175) Episode = 55, T_Steps = 9302, E_Steps = 173, R = -0.4897, succ =  0.3500, FPS = 10.51
08:26:30.134 [INFO] (trainer.py:175) Episode = 56, T_Steps = 9595, E_Steps = 293, R =  1.9189, succ =  0.4000, FPS = 10.78
08:26:40.420 [INFO] (trainer.py:175) Episode = 57, T_Steps = 9705, E_Steps = 110, R = -0.6524, succ =  0.4000, FPS = 10.70
08:26:49.763 [INFO] (trainer.py:175) Episode = 58, T_Steps = 9804, E_Steps = 99, R = -0.6948, succ =  0.4000, FPS = 10.60
08:27:00.625 [INFO] (trainer.py:175) Episode = 59, T_Steps = 9919, E_Steps = 115, R = -0.6494, succ =  0.4000, FPS = 10.59
08:27:11.540 [INFO] (trainer.py:175) Episode = 60, T_Steps = 10035, E_Steps = 116, R = -0.6220, succ =  0.4000, FPS = 10.63
08:27:21.034 [INFO] (trainer.py:175) Episode = 61, T_Steps = 10135, E_Steps = 100, R = -0.6799, succ =  0.4000, FPS = 10.54
08:27:30.272 [INFO] (trainer.py:175) Episode = 62, T_Steps = 10236, E_Steps = 101, R = -0.6854, succ =  0.4000, FPS = 10.93
08:27:58.109 [INFO] (trainer.py:175) Episode = 63, T_Steps = 10537, E_Steps = 301, R =  1.9228, succ =  0.4000, FPS = 10.81
08:28:16.695 [INFO] (trainer.py:175) Episode = 64, T_Steps = 10736, E_Steps = 199, R = -0.3615, succ =  0.4000, FPS = 10.71
08:28:24.730 [INFO] (trainer.py:175) Episode = 65, T_Steps = 10822, E_Steps = 86, R = -0.7257, succ =  0.4000, FPS = 10.70
08:28:52.326 [INFO] (trainer.py:175) Episode = 66, T_Steps = 11115, E_Steps = 293, R =  1.8512, succ =  0.4000, FPS = 10.62
08:28:59.164 [INFO] (trainer.py:175) Episode = 67, T_Steps = 11188, E_Steps = 73, R = -0.7585, succ =  0.3500, FPS = 10.68
08:29:24.629 [INFO] (trainer.py:175) Episode = 68, T_Steps = 11460, E_Steps = 272, R =  1.8142, succ =  0.4000, FPS = 10.68
08:29:51.854 [INFO] (trainer.py:175) Episode = 69, T_Steps = 11746, E_Steps = 286, R =  1.8268, succ =  0.4000, FPS = 10.51
08:30:18.905 [INFO] (trainer.py:175) Episode = 70, T_Steps = 12031, E_Steps = 285, R =  1.8703, succ =  0.4500, FPS = 10.54
08:30:44.022 [INFO] (trainer.py:175) Episode = 71, T_Steps = 12298, E_Steps = 267, R =  1.8195, succ =  0.4500, FPS = 10.63
08:31:07.854 [INFO] (trainer.py:175) Episode = 72, T_Steps = 12549, E_Steps = 251, R =  1.7626, succ =  0.4500, FPS = 10.53
08:31:33.269 [INFO] (trainer.py:175) Episode = 73, T_Steps = 12817, E_Steps = 268, R =  1.7865, succ =  0.5000, FPS = 10.55
08:31:55.836 [INFO] (trainer.py:175) Episode = 74, T_Steps = 13061, E_Steps = 244, R =  1.7357, succ =  0.5000, FPS = 10.81
08:32:21.096 [INFO] (trainer.py:175) Episode = 75, T_Steps = 13328, E_Steps = 267, R =  1.8192, succ =  0.5500, FPS = 10.57
08:32:45.608 [INFO] (trainer.py:175) Episode = 76, T_Steps = 13587, E_Steps = 259, R =  1.7712, succ =  0.5500, FPS = 10.57
08:33:02.725 [INFO] (trainer.py:175) Episode = 77, T_Steps = 13770, E_Steps = 183, R = -0.4409, succ =  0.5500, FPS = 10.69
08:33:25.141 [INFO] (trainer.py:175) Episode = 78, T_Steps = 14006, E_Steps = 236, R =  1.7867, succ =  0.6000, FPS = 10.53
08:33:42.456 [INFO] (trainer.py:175) Episode = 79, T_Steps = 14191, E_Steps = 185, R = -0.4373, succ =  0.6000, FPS = 10.69
08:34:07.306 [INFO] (trainer.py:175) Episode = 80, T_Steps = 14453, E_Steps = 262, R =  1.7981, succ =  0.6500, FPS = 10.54
08:34:32.213 [INFO] (trainer.py:175) Episode = 81, T_Steps = 14717, E_Steps = 264, R =  1.7425, succ =  0.7000, FPS = 10.60
08:34:59.307 [INFO] (trainer.py:175) Episode = 82, T_Steps = 15003, E_Steps = 286, R =  1.8050, succ =  0.7500, FPS = 10.56
08:35:22.009 [INFO] (trainer.py:175) Episode = 83, T_Steps = 15243, E_Steps = 240, R =  1.6747, succ =  0.7500, FPS = 10.57
08:35:30.211 [INFO] (trainer.py:175) Episode = 84, T_Steps = 15330, E_Steps = 87, R = -0.7196, succ =  0.7500, FPS = 10.61
08:35:55.367 [INFO] (trainer.py:175) Episode = 85, T_Steps = 15604, E_Steps = 274, R =  1.7851, succ =  0.8000, FPS = 10.89
08:36:04.043 [INFO] (trainer.py:175) Episode = 86, T_Steps = 15697, E_Steps = 93, R = -0.6960, succ =  0.7500, FPS = 10.72
08:36:19.490 [INFO] (trainer.py:175) Episode = 87, T_Steps = 15863, E_Steps = 166, R = -0.4496, succ =  0.7500, FPS = 10.75
08:36:26.978 [INFO] (trainer.py:175) Episode = 88, T_Steps = 15943, E_Steps = 80, R = -0.7385, succ =  0.7000, FPS = 10.69
08:36:50.950 [INFO] (trainer.py:175) Episode = 89, T_Steps = 16198, E_Steps = 255, R =  1.7456, succ =  0.7000, FPS = 10.64
08:37:02.305 [INFO] (trainer.py:175) Episode = 90, T_Steps = 16322, E_Steps = 124, R = -0.5992, succ =  0.6500, FPS = 10.92
08:37:11.151 [INFO] (trainer.py:175) Episode = 91, T_Steps = 16415, E_Steps = 93, R = -0.7006, succ =  0.6000, FPS = 10.52
08:37:33.265 [INFO] (trainer.py:175) Episode = 92, T_Steps = 16649, E_Steps = 234, R =  1.7159, succ =  0.6000, FPS = 10.58
08:37:50.559 [INFO] (trainer.py:175) Episode = 93, T_Steps = 16832, E_Steps = 183, R = -0.4095, succ =  0.5500, FPS = 10.58
08:38:00.087 [INFO] (trainer.py:175) Episode = 94, T_Steps = 16935, E_Steps = 103, R = -0.6796, succ =  0.5000, FPS = 10.81
08:38:23.091 [INFO] (trainer.py:175) Episode = 95, T_Steps = 17179, E_Steps = 244, R =  1.7094, succ =  0.5000, FPS = 10.61
08:38:45.969 [INFO] (trainer.py:175) Episode = 96, T_Steps = 17428, E_Steps = 249, R =  1.7365, succ =  0.5000, FPS = 10.88
08:39:08.834 [INFO] (trainer.py:175) Episode = 97, T_Steps = 17674, E_Steps = 246, R =  1.7082, succ =  0.5500, FPS = 10.76
08:39:29.544 [INFO] (trainer.py:175) Episode = 98, T_Steps = 17896, E_Steps = 222, R = -0.1360, succ =  0.5000, FPS = 10.72
08:39:38.277 [INFO] (trainer.py:175) Episode = 99, T_Steps = 17990, E_Steps = 94, R = -0.7036, succ =  0.5000, FPS = 10.77
08:40:00.859 [INFO] (trainer.py:175) Episode = 100, T_Steps = 18229, E_Steps = 239, R =  1.7458, succ =  0.5000, FPS = 10.58
08:40:23.693 [INFO] (trainer.py:175) Episode = 101, T_Steps = 18476, E_Steps = 247, R =  1.7693, succ =  0.5000, FPS = 10.82
08:40:43.777 [INFO] (trainer.py:175) Episode = 102, T_Steps = 18690, E_Steps = 214, R =  1.7643, succ =  0.5000, FPS = 10.66
08:41:05.142 [INFO] (trainer.py:175) Episode = 103, T_Steps = 18920, E_Steps = 230, R =  1.7557, succ =  0.5000, FPS = 10.77
08:41:25.924 [INFO] (trainer.py:175) Episode = 104, T_Steps = 19146, E_Steps = 226, R =  1.6488, succ =  0.5500, FPS = 10.88
08:41:47.982 [INFO] (trainer.py:175) Episode = 105, T_Steps = 19384, E_Steps = 238, R =  1.6916, succ =  0.5500, FPS = 10.79
08:42:09.670 [INFO] (trainer.py:175) Episode = 106, T_Steps = 19619, E_Steps = 235, R =  1.6695, succ =  0.6000, FPS = 10.84
08:42:31.880 [INFO] (trainer.py:175) Episode = 107, T_Steps = 19860, E_Steps = 241, R =  1.7094, succ =  0.6500, FPS = 10.85
08:42:40.960 [INFO] (trainer.py:175) Episode = 108, T_Steps = 19960, E_Steps = 100, R = -0.6921, succ =  0.6500, FPS = 11.02
08:43:03.113 [INFO] (trainer.py:175) Episode = 109, T_Steps = 20197, E_Steps = 237, R =  1.7897, succ =  0.6500, FPS = 10.70
08:43:13.625 [INFO] (trainer.py:175) Episode = 110, T_Steps = 20311, E_Steps = 114, R = -0.6501, succ =  0.6500, FPS = 10.85
08:43:22.519 [INFO] (trainer.py:175) Episode = 111, T_Steps = 20407, E_Steps = 96, R = -0.7033, succ =  0.6500, FPS = 10.80
08:43:43.915 [INFO] (trainer.py:175) Episode = 112, T_Steps = 20637, E_Steps = 230, R =  1.6849, succ =  0.6500, FPS = 10.75
08:44:04.134 [INFO] (trainer.py:175) Episode = 113, T_Steps = 20855, E_Steps = 218, R = -0.1866, succ =  0.6500, FPS = 10.78
08:44:24.914 [INFO] (trainer.py:175) Episode = 114, T_Steps = 21081, E_Steps = 226, R =  1.7795, succ =  0.7000, FPS = 10.88
08:44:32.457 [INFO] (trainer.py:175) Episode = 115, T_Steps = 21161, E_Steps = 80, R = -0.7354, succ =  0.6500, FPS = 10.61
08:44:52.320 [INFO] (trainer.py:175) Episode = 116, T_Steps = 21376, E_Steps = 215, R = -0.1736, succ =  0.6000, FPS = 10.83
08:45:13.627 [INFO] (trainer.py:175) Episode = 117, T_Steps = 21606, E_Steps = 230, R =  1.7619, succ =  0.6000, FPS = 10.79
08:45:34.615 [INFO] (trainer.py:175) Episode = 118, T_Steps = 21837, E_Steps = 231, R =  1.7560, succ =  0.6500, FPS = 11.01
08:45:54.083 [INFO] (trainer.py:175) Episode = 119, T_Steps = 22047, E_Steps = 210, R =  1.7999, succ =  0.7000, FPS = 10.79
08:46:13.828 [INFO] (trainer.py:175) Episode = 120, T_Steps = 22262, E_Steps = 215, R =  1.8383, succ =  0.7000, FPS = 10.89
08:46:35.228 [INFO] (trainer.py:175) Episode = 121, T_Steps = 22494, E_Steps = 232, R =  1.6920, succ =  0.7000, FPS = 10.84
08:46:56.411 [INFO] (trainer.py:175) Episode = 122, T_Steps = 22722, E_Steps = 228, R = -0.2485, succ =  0.6500, FPS = 10.76
08:47:18.308 [INFO] (trainer.py:175) Episode = 123, T_Steps = 22957, E_Steps = 235, R =  1.6402, succ =  0.6500, FPS = 10.73
08:47:27.114 [INFO] (trainer.py:175) Episode = 124, T_Steps = 23051, E_Steps = 94, R = -0.6985, succ =  0.6000, FPS = 10.68
08:47:46.095 [INFO] (trainer.py:175) Episode = 125, T_Steps = 23256, E_Steps = 205, R =  1.7483, succ =  0.6000, FPS = 10.80
08:47:54.909 [INFO] (trainer.py:175) Episode = 126, T_Steps = 23352, E_Steps = 96, R = -0.7120, succ =  0.5500, FPS = 10.89
08:48:16.802 [INFO] (trainer.py:175) Episode = 127, T_Steps = 23587, E_Steps = 235, R =  1.7322, succ =  0.5500, FPS = 10.73
08:48:27.649 [INFO] (trainer.py:175) Episode = 128, T_Steps = 23703, E_Steps = 116, R = -0.6470, succ =  0.5500, FPS = 10.70
08:48:47.506 [INFO] (trainer.py:175) Episode = 129, T_Steps = 23920, E_Steps = 217, R =  1.7014, succ =  0.5500, FPS = 10.93
08:49:04.698 [INFO] (trainer.py:175) Episode = 130, T_Steps = 24101, E_Steps = 181, R = -0.4765, succ =  0.5500, FPS = 10.53
08:49:29.067 [INFO] (trainer.py:175) Episode = 131, T_Steps = 24357, E_Steps = 256, R =  1.7261, succ =  0.6000, FPS = 10.51
08:49:53.395 [INFO] (trainer.py:175) Episode = 132, T_Steps = 24617, E_Steps = 260, R =  1.7855, succ =  0.6000, FPS = 10.69
08:50:00.544 [INFO] (trainer.py:175) Episode = 133, T_Steps = 24695, E_Steps = 78, R = -0.7424, succ =  0.6000, FPS = 10.91
08:50:07.451 [INFO] (trainer.py:175) Episode = 134, T_Steps = 24769, E_Steps = 74, R = -0.7638, succ =  0.5500, FPS = 10.72
08:50:25.767 [INFO] (trainer.py:175) Episode = 135, T_Steps = 24964, E_Steps = 195, R =  1.7728, succ =  0.6000, FPS = 10.65
08:50:45.866 [INFO] (trainer.py:175) Episode = 136, T_Steps = 25180, E_Steps = 216, R =  1.7443, succ =  0.6500, FPS = 10.75
08:51:06.234 [INFO] (trainer.py:175) Episode = 137, T_Steps = 25398, E_Steps = 218, R =  1.7690, succ =  0.6500, FPS = 10.70
08:51:14.706 [INFO] (trainer.py:175) Episode = 138, T_Steps = 25489, E_Steps = 91, R = -0.7077, succ =  0.6000, FPS = 10.74
08:51:36.872 [INFO] (trainer.py:175) Episode = 139, T_Steps = 25725, E_Steps = 236, R =  1.7184, succ =  0.6000, FPS = 10.65
08:51:56.350 [INFO] (trainer.py:175) Episode = 140, T_Steps = 25939, E_Steps = 214, R =  1.6826, succ =  0.6000, FPS = 10.99
08:52:18.743 [INFO] (trainer.py:175) Episode = 141, T_Steps = 26178, E_Steps = 239, R =  1.7357, succ =  0.6000, FPS = 10.67
08:52:38.071 [INFO] (trainer.py:175) Episode = 142, T_Steps = 26383, E_Steps = 205, R =  1.7474, succ =  0.6500, FPS = 10.61
08:52:59.272 [INFO] (trainer.py:175) Episode = 143, T_Steps = 26612, E_Steps = 229, R =  1.7701, succ =  0.6500, FPS = 10.80
08:53:20.624 [INFO] (trainer.py:175) Episode = 144, T_Steps = 26842, E_Steps = 230, R =  1.8287, succ =  0.7000, FPS = 10.77
08:53:45.888 [INFO] (trainer.py:175) Episode = 145, T_Steps = 27110, E_Steps = 268, R =  1.7758, succ =  0.7000, FPS = 10.61
08:54:06.713 [INFO] (trainer.py:175) Episode = 146, T_Steps = 27332, E_Steps = 222, R =  1.7557, succ =  0.7500, FPS = 10.66
08:54:28.117 [INFO] (trainer.py:175) Episode = 147, T_Steps = 27562, E_Steps = 230, R =  1.7177, succ =  0.7500, FPS = 10.75
08:54:48.393 [INFO] (trainer.py:175) Episode = 148, T_Steps = 27822, E_Steps = 260, R = -0.0589, succ =  0.7500, FPS = 12.82
08:55:07.549 [INFO] (trainer.py:175) Episode = 149, T_Steps = 28026, E_Steps = 204, R =  1.6814, succ =  0.7500, FPS = 10.65
08:55:28.950 [INFO] (trainer.py:175) Episode = 150, T_Steps = 28254, E_Steps = 228, R =  1.6523, succ =  0.8000, FPS = 10.65
08:55:47.319 [INFO] (trainer.py:175) Episode = 151, T_Steps = 28454, E_Steps = 200, R =  1.6957, succ =  0.8000, FPS = 10.89
08:55:55.519 [INFO] (trainer.py:175) Episode = 152, T_Steps = 28542, E_Steps = 88, R = -0.7208, succ =  0.7500, FPS = 10.73
08:56:02.522 [INFO] (trainer.py:175) Episode = 153, T_Steps = 28616, E_Steps = 74, R = -0.7537, succ =  0.7500, FPS = 10.57
08:56:22.210 [INFO] (trainer.py:175) Episode = 154, T_Steps = 28826, E_Steps = 210, R =  1.7284, succ =  0.8000, FPS = 10.67
08:56:30.797 [INFO] (trainer.py:175) Episode = 155, T_Steps = 28917, E_Steps = 91, R = -0.7060, succ =  0.7500, FPS = 10.60
08:56:38.123 [INFO] (trainer.py:175) Episode = 156, T_Steps = 28996, E_Steps = 79, R = -0.7396, succ =  0.7000, FPS = 10.78
08:56:58.506 [INFO] (trainer.py:175) Episode = 157, T_Steps = 29217, E_Steps = 221, R =  1.7691, succ =  0.7000, FPS = 10.84
08:57:18.499 [INFO] (trainer.py:175) Episode = 158, T_Steps = 29430, E_Steps = 213, R =  1.7857, succ =  0.7500, FPS = 10.65
08:57:38.752 [INFO] (trainer.py:175) Episode = 159, T_Steps = 29648, E_Steps = 218, R =  1.7462, succ =  0.7500, FPS = 10.76
08:57:59.259 [INFO] (trainer.py:175) Episode = 160, T_Steps = 29871, E_Steps = 223, R =  1.7000, succ =  0.7500, FPS = 10.87
08:58:06.748 [INFO] (trainer.py:175) Episode = 161, T_Steps = 29953, E_Steps = 82, R = -0.6989, succ =  0.7000, FPS = 10.95
08:58:27.156 [INFO] (trainer.py:175) Episode = 162, T_Steps = 30176, E_Steps = 223, R =  1.7233, succ =  0.7000, FPS = 10.93
08:58:34.603 [INFO] (trainer.py:175) Episode = 163, T_Steps = 30256, E_Steps = 80, R = -0.7410, succ =  0.6500, FPS = 10.74
08:58:53.692 [INFO] (trainer.py:175) Episode = 164, T_Steps = 30463, E_Steps = 207, R =  1.7473, succ =  0.6500, FPS = 10.84
08:59:13.714 [INFO] (trainer.py:175) Episode = 165, T_Steps = 30678, E_Steps = 215, R =  1.7139, succ =  0.6500, FPS = 10.74
08:59:21.014 [INFO] (trainer.py:175) Episode = 166, T_Steps = 30756, E_Steps = 78, R = -0.7440, succ =  0.6000, FPS = 10.69
08:59:41.051 [INFO] (trainer.py:175) Episode = 167, T_Steps = 30972, E_Steps = 216, R =  1.7520, succ =  0.6000, FPS = 10.78
08:59:49.032 [INFO] (trainer.py:175) Episode = 168, T_Steps = 31058, E_Steps = 86, R = -0.7002, succ =  0.6000, FPS = 10.78
08:59:57.788 [INFO] (trainer.py:175) Episode = 169, T_Steps = 31152, E_Steps = 94, R = -0.6900, succ =  0.5500, FPS = 10.74
09:00:17.273 [INFO] (trainer.py:175) Episode = 170, T_Steps = 31360, E_Steps = 208, R =  1.7566, succ =  0.5500, FPS = 10.68
09:00:39.197 [INFO] (trainer.py:175) Episode = 171, T_Steps = 31596, E_Steps = 236, R =  1.7228, succ =  0.5500, FPS = 10.77
09:00:48.005 [INFO] (trainer.py:175) Episode = 172, T_Steps = 31691, E_Steps = 95, R = -0.6862, succ =  0.5500, FPS = 10.79
09:01:07.473 [INFO] (trainer.py:175) Episode = 173, T_Steps = 31906, E_Steps = 215, R =  1.8257, succ =  0.6000, FPS = 11.04
09:01:27.455 [INFO] (trainer.py:175) Episode = 174, T_Steps = 32124, E_Steps = 218, R =  1.7941, succ =  0.6000, FPS = 10.91
09:01:46.690 [INFO] (trainer.py:175) Episode = 175, T_Steps = 32331, E_Steps = 207, R =  1.7477, succ =  0.6500, FPS = 10.76
09:02:06.554 [INFO] (trainer.py:175) Episode = 176, T_Steps = 32546, E_Steps = 215, R =  1.7163, succ =  0.7000, FPS = 10.82
09:02:26.245 [INFO] (trainer.py:175) Episode = 177, T_Steps = 32756, E_Steps = 210, R =  1.6789, succ =  0.7000, FPS = 10.67
09:02:45.321 [INFO] (trainer.py:175) Episode = 178, T_Steps = 32961, E_Steps = 205, R =  1.7271, succ =  0.7000, FPS = 10.75
09:03:05.086 [INFO] (trainer.py:175) Episode = 179, T_Steps = 33171, E_Steps = 210, R =  1.7363, succ =  0.7000, FPS = 10.63
09:03:15.331 [INFO] (trainer.py:175) Episode = 180, T_Steps = 33280, E_Steps = 109, R = -0.6695, succ =  0.6500, FPS = 10.64
09:03:35.011 [INFO] (trainer.py:175) Episode = 181, T_Steps = 33491, E_Steps = 211, R =  1.7571, succ =  0.7000, FPS = 10.72
09:04:06.916 [INFO] (trainer.py:175) Episode = 182, T_Steps = 33898, E_Steps = 407, R =  0.4966, succ =  0.6500, FPS = 12.76
09:04:25.586 [INFO] (trainer.py:175) Episode = 183, T_Steps = 34100, E_Steps = 202, R =  1.7404, succ =  0.7000, FPS = 10.82
09:04:32.317 [INFO] (trainer.py:175) Episode = 184, T_Steps = 34173, E_Steps = 73, R = -0.7640, succ =  0.6500, FPS = 10.85
09:04:40.838 [INFO] (trainer.py:175) Episode = 185, T_Steps = 34264, E_Steps = 91, R = -0.7223, succ =  0.6000, FPS = 10.68
09:04:48.648 [INFO] (trainer.py:175) Episode = 186, T_Steps = 34348, E_Steps = 84, R = -0.7284, succ =  0.6000, FPS = 10.76
09:04:56.682 [INFO] (trainer.py:175) Episode = 187, T_Steps = 34434, E_Steps = 86, R = -0.7084, succ =  0.5500, FPS = 10.71
09:05:15.035 [INFO] (trainer.py:175) Episode = 188, T_Steps = 34630, E_Steps = 196, R =  1.7465, succ =  0.6000, FPS = 10.68
09:05:33.575 [INFO] (trainer.py:175) Episode = 189, T_Steps = 34827, E_Steps = 197, R =  1.8049, succ =  0.6500, FPS = 10.63
09:05:52.228 [INFO] (trainer.py:175) Episode = 190, T_Steps = 35027, E_Steps = 200, R =  1.7612, succ =  0.6500, FPS = 10.72
09:06:00.722 [INFO] (trainer.py:175) Episode = 191, T_Steps = 35119, E_Steps = 92, R = -0.7045, succ =  0.6000, FPS = 10.83
09:06:19.809 [INFO] (trainer.py:175) Episode = 192, T_Steps = 35323, E_Steps = 204, R =  1.7913, succ =  0.6500, FPS = 10.69
09:06:39.464 [INFO] (trainer.py:175) Episode = 193, T_Steps = 35528, E_Steps = 205, R =  1.7324, succ =  0.6500, FPS = 10.43
09:06:59.144 [INFO] (trainer.py:175) Episode = 194, T_Steps = 35738, E_Steps = 210, R =  1.7376, succ =  0.6500, FPS = 10.67
09:07:19.204 [INFO] (trainer.py:175) Episode = 195, T_Steps = 35952, E_Steps = 214, R =  1.8668, succ =  0.6500, FPS = 10.67
09:07:32.258 [INFO] (trainer.py:175) Episode = 196, T_Steps = 36093, E_Steps = 141, R = -0.5403, succ =  0.6000, FPS = 10.80
09:07:52.848 [INFO] (trainer.py:175) Episode = 197, T_Steps = 36315, E_Steps = 222, R =  1.9040, succ =  0.6000, FPS = 10.78
09:08:13.106 [INFO] (trainer.py:175) Episode = 198, T_Steps = 36530, E_Steps = 215, R =  1.7880, succ =  0.6000, FPS = 10.61
09:08:31.083 [INFO] (trainer.py:175) Episode = 199, T_Steps = 36723, E_Steps = 193, R =  1.7996, succ =  0.6000, FPS = 10.74
09:08:50.689 [INFO] (trainer.py:175) Episode = 200, T_Steps = 36936, E_Steps = 213, R =  1.8065, succ =  0.6500, FPS = 10.86
09:09:09.408 [INFO] (trainer.py:175) Episode = 201, T_Steps = 37138, E_Steps = 202, R =  1.7511, succ =  0.6500, FPS = 10.79
09:09:23.912 [INFO] (trainer.py:175) Episode = 202, T_Steps = 37300, E_Steps = 162, R = -0.4481, succ =  0.6500, FPS = 11.17
09:09:39.255 [INFO] (trainer.py:175) Episode = 203, T_Steps = 37486, E_Steps = 186, R = -0.3542, succ =  0.6000, FPS = 12.12
09:09:58.807 [INFO] (trainer.py:175) Episode = 204, T_Steps = 37697, E_Steps = 211, R =  1.8473, succ =  0.6500, FPS = 10.79
09:10:18.456 [INFO] (trainer.py:175) Episode = 205, T_Steps = 37908, E_Steps = 211, R =  1.7812, succ =  0.7000, FPS = 10.74
09:10:38.382 [INFO] (trainer.py:175) Episode = 206, T_Steps = 38121, E_Steps = 213, R =  1.8485, succ =  0.7500, FPS = 10.69
09:10:57.327 [INFO] (trainer.py:175) Episode = 207, T_Steps = 38328, E_Steps = 207, R =  1.8755, succ =  0.8000, FPS = 10.93
09:11:14.829 [INFO] (trainer.py:175) Episode = 208, T_Steps = 38514, E_Steps = 186, R =  1.7477, succ =  0.8000, FPS = 10.63
09:11:31.772 [INFO] (trainer.py:175) Episode = 209, T_Steps = 38696, E_Steps = 182, R =  1.8455, succ =  0.8000, FPS = 10.74
09:11:39.695 [INFO] (trainer.py:175) Episode = 210, T_Steps = 38782, E_Steps = 86, R = -0.7101, succ =  0.7500, FPS = 10.86
09:11:57.052 [INFO] (trainer.py:175) Episode = 211, T_Steps = 38970, E_Steps = 188, R =  1.8425, succ =  0.8000, FPS = 10.83
09:12:15.821 [INFO] (trainer.py:175) Episode = 212, T_Steps = 39171, E_Steps = 201, R =  1.9032, succ =  0.8000, FPS = 10.71
09:12:23.837 [INFO] (trainer.py:175) Episode = 213, T_Steps = 39258, E_Steps = 87, R = -0.6947, succ =  0.7500, FPS = 10.85
09:12:40.811 [INFO] (trainer.py:175) Episode = 214, T_Steps = 39441, E_Steps = 183, R =  1.8418, succ =  0.7500, FPS = 10.78
09:12:57.644 [INFO] (trainer.py:175) Episode = 215, T_Steps = 39624, E_Steps = 183, R =  1.8243, succ =  0.7500, FPS = 10.87
09:12:59.107 [INFO] (trainer.py:175) Episode = 216, T_Steps = 39638, E_Steps = 14, R = -0.9064, succ =  0.7500, FPS =  9.58
09:13:06.750 [INFO] (trainer.py:175) Episode = 217, T_Steps = 39721, E_Steps = 83, R = -0.7090, succ =  0.7000, FPS = 10.86
09:13:25.489 [INFO] (trainer.py:175) Episode = 218, T_Steps = 39926, E_Steps = 205, R =  1.8389, succ =  0.7000, FPS = 10.94
09:13:44.401 [INFO] (trainer.py:175) Episode = 219, T_Steps = 40128, E_Steps = 202, R =  1.8145, succ =  0.7000, FPS = 10.68
09:14:04.409 [INFO] (trainer.py:175) Episode = 220, T_Steps = 40343, E_Steps = 215, R =  1.7561, succ =  0.7000, FPS = 10.75
09:14:22.500 [INFO] (trainer.py:175) Episode = 221, T_Steps = 40540, E_Steps = 197, R =  1.7966, succ =  0.7000, FPS = 10.89
09:14:40.510 [INFO] (trainer.py:175) Episode = 222, T_Steps = 40733, E_Steps = 193, R =  1.7964, succ =  0.7500, FPS = 10.72
09:14:59.215 [INFO] (trainer.py:175) Episode = 223, T_Steps = 40932, E_Steps = 199, R =  1.8288, succ =  0.8000, FPS = 10.64
09:15:16.177 [INFO] (trainer.py:175) Episode = 224, T_Steps = 41115, E_Steps = 183, R =  1.8277, succ =  0.8000, FPS = 10.79
09:15:34.718 [INFO] (trainer.py:175) Episode = 225, T_Steps = 41304, E_Steps = 189, R =  1.8624, succ =  0.8000, FPS = 10.19
09:15:45.223 [INFO] (trainer.py:175) Episode = 226, T_Steps = 41397, E_Steps = 93, R = -0.7061, succ =  0.7500, FPS =  8.86
09:16:02.828 [INFO] (trainer.py:175) Episode = 227, T_Steps = 41585, E_Steps = 188, R =  1.8490, succ =  0.7500, FPS = 10.68
09:16:20.058 [INFO] (trainer.py:175) Episode = 228, T_Steps = 41770, E_Steps = 185, R =  1.8030, succ =  0.7500, FPS = 10.74
09:16:36.715 [INFO] (trainer.py:175) Episode = 229, T_Steps = 41953, E_Steps = 183, R =  1.8052, succ =  0.7500, FPS = 10.99
09:16:55.919 [INFO] (trainer.py:175) Episode = 230, T_Steps = 42158, E_Steps = 205, R =  1.8190, succ =  0.8000, FPS = 10.68
09:17:13.311 [INFO] (trainer.py:175) Episode = 231, T_Steps = 42345, E_Steps = 187, R =  1.8365, succ =  0.8000, FPS = 10.75
09:17:30.381 [INFO] (trainer.py:175) Episode = 232, T_Steps = 42528, E_Steps = 183, R =  1.8890, succ =  0.8000, FPS = 10.72
09:17:47.646 [INFO] (trainer.py:175) Episode = 233, T_Steps = 42700, E_Steps = 172, R =  1.8399, succ =  0.8500, FPS =  9.96
09:18:05.493 [INFO] (trainer.py:175) Episode = 234, T_Steps = 42885, E_Steps = 185, R =  1.8540, succ =  0.8500, FPS = 10.37
09:18:13.455 [INFO] (trainer.py:175) Episode = 235, T_Steps = 42971, E_Steps = 86, R = -0.6836, succ =  0.8000, FPS = 10.80
09:18:30.524 [INFO] (trainer.py:175) Episode = 236, T_Steps = 43152, E_Steps = 181, R =  1.8577, succ =  0.8500, FPS = 10.61
09:18:38.069 [INFO] (trainer.py:175) Episode = 237, T_Steps = 43233, E_Steps = 81, R = -0.6996, succ =  0.8500, FPS = 10.74
09:18:54.887 [INFO] (trainer.py:175) Episode = 238, T_Steps = 43412, E_Steps = 179, R =  1.8826, succ =  0.8500, FPS = 10.64
09:19:10.875 [INFO] (trainer.py:175) Episode = 239, T_Steps = 43583, E_Steps = 171, R =  1.8691, succ =  0.8500, FPS = 10.70
09:19:27.145 [INFO] (trainer.py:175) Episode = 240, T_Steps = 43759, E_Steps = 176, R =  1.8666, succ =  0.8500, FPS = 10.82
09:19:39.211 [INFO] (trainer.py:175) Episode = 241, T_Steps = 43888, E_Steps = 129, R = -0.5721, succ =  0.8000, FPS = 10.69
09:19:55.702 [INFO] (trainer.py:175) Episode = 242, T_Steps = 44067, E_Steps = 179, R =  1.9014, succ =  0.8000, FPS = 10.86
09:20:12.890 [INFO] (trainer.py:175) Episode = 243, T_Steps = 44250, E_Steps = 183, R =  1.8344, succ =  0.8000, FPS = 10.65
09:20:29.809 [INFO] (trainer.py:175) Episode = 244, T_Steps = 44433, E_Steps = 183, R =  1.8229, succ =  0.8000, FPS = 10.82
09:20:38.692 [INFO] (trainer.py:175) Episode = 245, T_Steps = 44529, E_Steps = 96, R = -0.6625, succ =  0.7500, FPS = 10.81
09:20:54.476 [INFO] (trainer.py:175) Episode = 246, T_Steps = 44701, E_Steps = 172, R =  1.8390, succ =  0.8000, FPS = 10.90
09:21:11.996 [INFO] (trainer.py:175) Episode = 247, T_Steps = 44890, E_Steps = 189, R =  1.8445, succ =  0.8000, FPS = 10.79
09:21:28.277 [INFO] (trainer.py:175) Episode = 248, T_Steps = 45066, E_Steps = 176, R =  1.8435, succ =  0.8000, FPS = 10.81
09:21:46.757 [INFO] (trainer.py:175) Episode = 249, T_Steps = 45264, E_Steps = 198, R =  1.8816, succ =  0.8000, FPS = 10.72
09:22:03.419 [INFO] (trainer.py:175) Episode = 250, T_Steps = 45442, E_Steps = 178, R =  1.8435, succ =  0.8000, FPS = 10.68
09:22:11.723 [INFO] (trainer.py:175) Episode = 251, T_Steps = 45535, E_Steps = 93, R = -0.6906, succ =  0.7500, FPS = 11.20
09:22:19.778 [INFO] (trainer.py:175) Episode = 252, T_Steps = 45624, E_Steps = 89, R = -0.6935, succ =  0.7000, FPS = 11.05
09:22:28.293 [INFO] (trainer.py:175) Episode = 253, T_Steps = 45716, E_Steps = 92, R = -0.6734, succ =  0.6500, FPS = 10.81
09:22:45.653 [INFO] (trainer.py:175) Episode = 254, T_Steps = 45900, E_Steps = 184, R =  1.8704, succ =  0.6500, FPS = 10.60
09:23:03.905 [INFO] (trainer.py:175) Episode = 255, T_Steps = 46097, E_Steps = 197, R =  1.8640, succ =  0.7000, FPS = 10.79
09:23:22.416 [INFO] (trainer.py:175) Episode = 256, T_Steps = 46297, E_Steps = 200, R =  1.7996, succ =  0.7000, FPS = 10.81
09:23:40.011 [INFO] (trainer.py:175) Episode = 257, T_Steps = 46488, E_Steps = 191, R =  1.8764, succ =  0.7500, FPS = 10.86
09:23:57.467 [INFO] (trainer.py:175) Episode = 258, T_Steps = 46675, E_Steps = 187, R =  1.8617, succ =  0.7500, FPS = 10.71
09:24:14.234 [INFO] (trainer.py:175) Episode = 259, T_Steps = 46858, E_Steps = 183, R =  1.8569, succ =  0.7500, FPS = 10.92
09:24:24.473 [INFO] (trainer.py:175) Episode = 260, T_Steps = 46970, E_Steps = 112, R = -0.6349, succ =  0.7000, FPS = 10.94
09:24:37.664 [INFO] (trainer.py:175) Episode = 261, T_Steps = 47113, E_Steps = 143, R = -0.4042, succ =  0.7000, FPS = 10.84
09:24:54.106 [INFO] (trainer.py:175) Episode = 262, T_Steps = 47296, E_Steps = 183, R =  1.8485, succ =  0.7000, FPS = 11.13
09:25:05.974 [INFO] (trainer.py:175) Episode = 263, T_Steps = 47424, E_Steps = 128, R = -0.4013, succ =  0.6500, FPS = 10.79
09:25:23.211 [INFO] (trainer.py:175) Episode = 264, T_Steps = 47610, E_Steps = 186, R =  1.8905, succ =  0.6500, FPS = 10.79
09:25:41.021 [INFO] (trainer.py:175) Episode = 265, T_Steps = 47801, E_Steps = 191, R =  1.8292, succ =  0.7000, FPS = 10.73
09:25:57.835 [INFO] (trainer.py:175) Episode = 266, T_Steps = 47982, E_Steps = 181, R =  1.8371, succ =  0.7000, FPS = 10.77
09:26:16.266 [INFO] (trainer.py:175) Episode = 267, T_Steps = 48180, E_Steps = 198, R =  1.8488, succ =  0.7000, FPS = 10.74
09:26:33.997 [INFO] (trainer.py:175) Episode = 268, T_Steps = 48371, E_Steps = 191, R =  1.8704, succ =  0.7000, FPS = 10.77
09:26:44.557 [INFO] (trainer.py:175) Episode = 269, T_Steps = 48489, E_Steps = 118, R = -0.6013, succ =  0.6500, FPS = 11.18
09:27:01.588 [INFO] (trainer.py:175) Episode = 270, T_Steps = 48671, E_Steps = 182, R =  1.8823, succ =  0.6500, FPS = 10.69
09:27:17.225 [INFO] (trainer.py:175) Episode = 271, T_Steps = 48841, E_Steps = 170, R =  1.8483, succ =  0.7000, FPS = 10.87
09:27:29.609 [INFO] (trainer.py:175) Episode = 272, T_Steps = 48974, E_Steps = 133, R = -0.4050, succ =  0.7000, FPS = 10.74
09:27:46.895 [INFO] (trainer.py:175) Episode = 273, T_Steps = 49164, E_Steps = 190, R =  1.9123, succ =  0.7500, FPS = 10.99
09:28:04.274 [INFO] (trainer.py:175) Episode = 274, T_Steps = 49352, E_Steps = 188, R =  1.8306, succ =  0.7500, FPS = 10.82
09:28:20.616 [INFO] (trainer.py:175) Episode = 275, T_Steps = 49530, E_Steps = 178, R =  1.8673, succ =  0.7500, FPS = 10.89
09:28:38.266 [INFO] (trainer.py:175) Episode = 276, T_Steps = 49719, E_Steps = 189, R =  1.8972, succ =  0.7500, FPS = 10.71
09:28:55.362 [INFO] (trainer.py:175) Episode = 277, T_Steps = 49903, E_Steps = 184, R =  1.8811, succ =  0.7500, FPS = 10.76
09:29:11.434 [INFO] (trainer.py:175) Episode = 278, T_Steps = 50077, E_Steps = 174, R =  1.8666, succ =  0.7500, FPS = 10.83
09:29:26.822 [INFO] (trainer.py:175) Episode = 279, T_Steps = 50244, E_Steps = 167, R =  1.8363, succ =  0.7500, FPS = 10.85
09:29:43.090 [INFO] (trainer.py:175) Episode = 280, T_Steps = 50419, E_Steps = 175, R =  1.8998, succ =  0.8000, FPS = 10.76
09:30:01.906 [INFO] (trainer.py:175) Episode = 281, T_Steps = 50603, E_Steps = 184, R =  1.8720, succ =  0.8500, FPS =  9.78
09:30:19.091 [INFO] (trainer.py:175) Episode = 282, T_Steps = 50778, E_Steps = 175, R =  1.8214, succ =  0.8500, FPS = 10.18
09:30:36.530 [INFO] (trainer.py:175) Episode = 283, T_Steps = 50967, E_Steps = 189, R =  1.8751, succ =  0.9000, FPS = 10.84
09:30:54.681 [INFO] (trainer.py:175) Episode = 284, T_Steps = 51144, E_Steps = 177, R =  1.8459, succ =  0.9000, FPS =  9.75
09:31:09.324 [INFO] (trainer.py:175) Episode = 285, T_Steps = 51305, E_Steps = 161, R =  1.8425, succ =  0.9000, FPS = 11.00
09:31:24.446 [INFO] (trainer.py:175) Episode = 286, T_Steps = 51469, E_Steps = 164, R =  1.8319, succ =  0.9000, FPS = 10.85
09:31:40.189 [INFO] (trainer.py:175) Episode = 287, T_Steps = 51642, E_Steps = 173, R =  1.8891, succ =  0.9000, FPS = 10.99
09:31:56.656 [INFO] (trainer.py:175) Episode = 288, T_Steps = 51821, E_Steps = 179, R =  1.8667, succ =  0.9000, FPS = 10.87
09:32:12.080 [INFO] (trainer.py:175) Episode = 289, T_Steps = 51987, E_Steps = 166, R =  1.8684, succ =  0.9500, FPS = 10.76
09:32:27.894 [INFO] (trainer.py:175) Episode = 290, T_Steps = 52158, E_Steps = 171, R =  1.8708, succ =  0.9500, FPS = 10.81
09:32:43.835 [INFO] (trainer.py:175) Episode = 291, T_Steps = 52331, E_Steps = 173, R =  1.8376, succ =  0.9500, FPS = 10.85
09:32:59.181 [INFO] (trainer.py:175) Episode = 292, T_Steps = 52497, E_Steps = 166, R =  1.8608, succ =  1.0000, FPS = 10.82
09:33:11.995 [INFO] (trainer.py:175) Episode = 293, T_Steps = 52634, E_Steps = 137, R = -0.3855, succ =  0.9500, FPS = 10.69
09:33:22.682 [INFO] (trainer.py:175) Episode = 294, T_Steps = 52749, E_Steps = 115, R = -0.5812, succ =  0.9000, FPS = 10.76
09:33:59.597 [INFO] (trainer.py:175) Episode = 295, T_Steps = 53225, E_Steps = 476, R =  0.7928, succ =  0.8500, FPS = 12.89
09:34:07.840 [INFO] (trainer.py:175) Episode = 296, T_Steps = 53315, E_Steps = 90, R = -0.6697, succ =  0.8000, FPS = 10.92
09:34:15.798 [INFO] (trainer.py:175) Episode = 297, T_Steps = 53402, E_Steps = 87, R = -0.6597, succ =  0.7500, FPS = 10.94
09:34:31.124 [INFO] (trainer.py:175) Episode = 298, T_Steps = 53571, E_Steps = 169, R =  1.8748, succ =  0.7500, FPS = 11.03
09:34:47.173 [INFO] (trainer.py:175) Episode = 299, T_Steps = 53744, E_Steps = 173, R =  1.8729, succ =  0.7500, FPS = 10.78
09:35:04.198 [INFO] (trainer.py:175) Episode = 300, T_Steps = 53929, E_Steps = 185, R =  1.9103, succ =  0.7500, FPS = 10.87
09:35:21.670 [INFO] (trainer.py:175) Episode = 301, T_Steps = 54118, E_Steps = 189, R =  1.8368, succ =  0.7500, FPS = 10.82
09:35:38.389 [INFO] (trainer.py:175) Episode = 302, T_Steps = 54298, E_Steps = 180, R =  1.8747, succ =  0.7500, FPS = 10.77
09:35:55.094 [INFO] (trainer.py:175) Episode = 303, T_Steps = 54480, E_Steps = 182, R =  1.8859, succ =  0.7500, FPS = 10.90
09:36:12.523 [INFO] (trainer.py:175) Episode = 304, T_Steps = 54666, E_Steps = 186, R =  1.8322, succ =  0.7500, FPS = 10.67
09:36:29.027 [INFO] (trainer.py:175) Episode = 305, T_Steps = 54845, E_Steps = 179, R =  1.8625, succ =  0.7500, FPS = 10.85
09:36:46.481 [INFO] (trainer.py:175) Episode = 306, T_Steps = 55031, E_Steps = 186, R =  1.8196, succ =  0.7500, FPS = 10.66
09:37:03.271 [INFO] (trainer.py:175) Episode = 307, T_Steps = 55214, E_Steps = 183, R =  1.8687, succ =  0.7500, FPS = 10.90
09:37:20.189 [INFO] (trainer.py:175) Episode = 308, T_Steps = 55398, E_Steps = 184, R =  1.8800, succ =  0.7500, FPS = 10.88
09:37:36.087 [INFO] (trainer.py:175) Episode = 309, T_Steps = 55572, E_Steps = 174, R =  1.8487, succ =  0.7500, FPS = 10.95
09:37:52.607 [INFO] (trainer.py:175) Episode = 310, T_Steps = 55749, E_Steps = 177, R =  1.8274, succ =  0.7500, FPS = 10.72
09:38:09.737 [INFO] (trainer.py:175) Episode = 311, T_Steps = 55934, E_Steps = 185, R =  1.9074, succ =  0.7500, FPS = 10.80
09:38:28.712 [INFO] (trainer.py:175) Episode = 312, T_Steps = 56139, E_Steps = 205, R =  1.9249, succ =  0.7500, FPS = 10.80
09:38:47.318 [INFO] (trainer.py:175) Episode = 313, T_Steps = 56339, E_Steps = 200, R =  1.8804, succ =  0.8000, FPS = 10.75
09:38:59.907 [INFO] (trainer.py:175) Episode = 314, T_Steps = 56471, E_Steps = 132, R = -0.4083, succ =  0.8000, FPS = 10.49
09:39:16.347 [INFO] (trainer.py:175) Episode = 315, T_Steps = 56648, E_Steps = 177, R =  1.8802, succ =  0.8500, FPS = 10.77
09:39:29.738 [INFO] (trainer.py:175) Episode = 316, T_Steps = 56790, E_Steps = 142, R = -0.4035, succ =  0.8500, FPS = 10.60
09:39:41.927 [INFO] (trainer.py:175) Episode = 317, T_Steps = 56920, E_Steps = 130, R = -0.4322, succ =  0.8500, FPS = 10.67
09:39:59.222 [INFO] (trainer.py:175) Episode = 318, T_Steps = 57108, E_Steps = 188, R =  1.9118, succ =  0.8500, FPS = 10.87
09:40:16.911 [INFO] (trainer.py:175) Episode = 319, T_Steps = 57297, E_Steps = 189, R =  1.8848, succ =  0.8500, FPS = 10.69
09:40:34.304 [INFO] (trainer.py:175) Episode = 320, T_Steps = 57487, E_Steps = 190, R =  1.8681, succ =  0.8500, FPS = 10.92
09:40:51.732 [INFO] (trainer.py:175) Episode = 321, T_Steps = 57675, E_Steps = 188, R =  1.9114, succ =  0.8500, FPS = 10.79
09:41:08.570 [INFO] (trainer.py:175) Episode = 322, T_Steps = 57859, E_Steps = 184, R =  1.8695, succ =  0.8500, FPS = 10.93
09:41:25.405 [INFO] (trainer.py:175) Episode = 323, T_Steps = 58042, E_Steps = 183, R =  1.8750, succ =  0.8500, FPS = 10.87
09:41:43.411 [INFO] (trainer.py:175) Episode = 324, T_Steps = 58233, E_Steps = 191, R =  1.9000, succ =  0.8500, FPS = 10.61
09:41:59.633 [INFO] (trainer.py:175) Episode = 325, T_Steps = 58407, E_Steps = 174, R =  1.8706, succ =  0.8500, FPS = 10.73
09:42:16.845 [INFO] (trainer.py:175) Episode = 326, T_Steps = 58593, E_Steps = 186, R =  1.8692, succ =  0.8500, FPS = 10.81
09:42:34.350 [INFO] (trainer.py:175) Episode = 327, T_Steps = 58778, E_Steps = 185, R =  1.8802, succ =  0.8500, FPS = 10.57
09:42:52.305 [INFO] (trainer.py:175) Episode = 328, T_Steps = 58969, E_Steps = 191, R =  1.8814, succ =  0.8500, FPS = 10.64
09:43:09.370 [INFO] (trainer.py:175) Episode = 329, T_Steps = 59148, E_Steps = 179, R =  1.8907, succ =  0.8500, FPS = 10.49
09:43:26.202 [INFO] (trainer.py:175) Episode = 330, T_Steps = 59327, E_Steps = 179, R =  1.8842, succ =  0.8500, FPS = 10.64
09:43:41.542 [INFO] (trainer.py:175) Episode = 331, T_Steps = 59493, E_Steps = 166, R =  1.8655, succ =  0.8500, FPS = 10.82
09:43:57.378 [INFO] (trainer.py:175) Episode = 332, T_Steps = 59666, E_Steps = 173, R =  1.8744, succ =  0.8500, FPS = 10.93
09:44:14.461 [INFO] (trainer.py:175) Episode = 333, T_Steps = 59850, E_Steps = 184, R =  1.9042, succ =  0.8500, FPS = 10.77
09:44:31.285 [INFO] (trainer.py:175) Episode = 334, T_Steps = 60030, E_Steps = 180, R =  1.9110, succ =  0.9000, FPS = 10.70
09:44:47.593 [INFO] (trainer.py:175) Episode = 335, T_Steps = 60204, E_Steps = 174, R =  1.8638, succ =  0.9000, FPS = 10.67
09:45:05.450 [INFO] (trainer.py:175) Episode = 336, T_Steps = 60393, E_Steps = 189, R =  1.9244, succ =  0.9500, FPS = 10.58
09:45:18.032 [INFO] (trainer.py:175) Episode = 337, T_Steps = 60529, E_Steps = 136, R = -0.5523, succ =  0.9500, FPS = 10.81
09:45:35.010 [INFO] (trainer.py:175) Episode = 338, T_Steps = 60709, E_Steps = 180, R =  1.8834, succ =  0.9500, FPS = 10.60
09:45:43.958 [INFO] (trainer.py:175) Episode = 339, T_Steps = 60807, E_Steps = 98, R = -0.6661, succ =  0.9000, FPS = 10.95
09:46:01.740 [INFO] (trainer.py:175) Episode = 340, T_Steps = 60997, E_Steps = 190, R =  1.9263, succ =  0.9000, FPS = 10.69
09:46:10.843 [INFO] (trainer.py:175) Episode = 341, T_Steps = 61096, E_Steps = 99, R = -0.6634, succ =  0.8500, FPS = 10.88
09:46:19.054 [INFO] (trainer.py:175) Episode = 342, T_Steps = 61184, E_Steps = 88, R = -0.6667, succ =  0.8000, FPS = 10.72
09:46:35.574 [INFO] (trainer.py:175) Episode = 343, T_Steps = 61361, E_Steps = 177, R =  1.8738, succ =  0.8000, FPS = 10.72
09:46:49.010 [INFO] (trainer.py:175) Episode = 344, T_Steps = 61501, E_Steps = 140, R = -0.3767, succ =  0.7500, FPS = 10.42
09:47:05.611 [INFO] (trainer.py:175) Episode = 345, T_Steps = 61678, E_Steps = 177, R =  1.8600, succ =  0.7500, FPS = 10.66
09:47:22.669 [INFO] (trainer.py:175) Episode = 346, T_Steps = 61860, E_Steps = 182, R =  1.8917, succ =  0.7500, FPS = 10.67
09:47:39.896 [INFO] (trainer.py:175) Episode = 347, T_Steps = 62045, E_Steps = 185, R =  1.9047, succ =  0.7500, FPS = 10.74
09:47:56.742 [INFO] (trainer.py:175) Episode = 348, T_Steps = 62226, E_Steps = 181, R =  1.8971, succ =  0.7500, FPS = 10.75
09:48:12.880 [INFO] (trainer.py:175) Episode = 349, T_Steps = 62400, E_Steps = 174, R =  1.8786, succ =  0.7500, FPS = 10.78
09:48:23.730 [INFO] (trainer.py:175) Episode = 350, T_Steps = 62517, E_Steps = 117, R = -0.6107, succ =  0.7000, FPS = 10.79
09:48:37.158 [INFO] (trainer.py:175) Episode = 351, T_Steps = 62661, E_Steps = 144, R = -0.3396, succ =  0.6500, FPS = 10.73
09:48:54.086 [INFO] (trainer.py:175) Episode = 352, T_Steps = 62842, E_Steps = 181, R =  1.8758, succ =  0.6500, FPS = 10.69
09:49:09.862 [INFO] (trainer.py:175) Episode = 353, T_Steps = 63014, E_Steps = 172, R =  1.8790, succ =  0.6500, FPS = 10.90
09:49:25.731 [INFO] (trainer.py:175) Episode = 354, T_Steps = 63185, E_Steps = 171, R =  1.8617, succ =  0.6500, FPS = 10.78
09:49:37.944 [INFO] (trainer.py:175) Episode = 355, T_Steps = 63315, E_Steps = 130, R = -0.4554, succ =  0.6000, FPS = 10.65
09:49:53.784 [INFO] (trainer.py:175) Episode = 356, T_Steps = 63487, E_Steps = 172, R =  1.8995, succ =  0.6000, FPS = 10.86
09:50:09.221 [INFO] (trainer.py:175) Episode = 357, T_Steps = 63657, E_Steps = 170, R = -0.4051, succ =  0.6000, FPS = 11.01
09:50:25.669 [INFO] (trainer.py:175) Episode = 358, T_Steps = 63834, E_Steps = 177, R =  1.8803, succ =  0.6000, FPS = 10.76
09:50:41.751 [INFO] (trainer.py:175) Episode = 359, T_Steps = 64005, E_Steps = 171, R =  1.8659, succ =  0.6500, FPS = 10.63
09:50:58.311 [INFO] (trainer.py:175) Episode = 360, T_Steps = 64183, E_Steps = 178, R =  1.8942, succ =  0.6500, FPS = 10.75
09:51:14.611 [INFO] (trainer.py:175) Episode = 361, T_Steps = 64358, E_Steps = 175, R =  1.8595, succ =  0.7000, FPS = 10.74
09:51:30.849 [INFO] (trainer.py:175) Episode = 362, T_Steps = 64533, E_Steps = 175, R =  1.8816, succ =  0.7500, FPS = 10.78
09:51:42.391 [INFO] (trainer.py:175) Episode = 363, T_Steps = 64658, E_Steps = 125, R = -0.5983, succ =  0.7000, FPS = 10.83
09:51:57.814 [INFO] (trainer.py:175) Episode = 364, T_Steps = 64825, E_Steps = 167, R =  1.8584, succ =  0.7500, FPS = 10.83
09:52:17.414 [INFO] (trainer.py:175) Episode = 365, T_Steps = 65035, E_Steps = 210, R =  1.9132, succ =  0.7500, FPS = 10.72
09:52:36.974 [INFO] (trainer.py:175) Episode = 366, T_Steps = 65246, E_Steps = 211, R = -0.1984, succ =  0.7000, FPS = 10.79
09:52:54.047 [INFO] (trainer.py:175) Episode = 367, T_Steps = 65429, E_Steps = 183, R =  1.8818, succ =  0.7000, FPS = 10.72
09:53:03.627 [INFO] (trainer.py:175) Episode = 368, T_Steps = 65532, E_Steps = 103, R = -0.6416, succ =  0.6500, FPS = 10.75
09:53:19.804 [INFO] (trainer.py:175) Episode = 369, T_Steps = 65705, E_Steps = 173, R =  1.8623, succ =  0.6500, FPS = 10.70
09:53:36.332 [INFO] (trainer.py:175) Episode = 370, T_Steps = 65883, E_Steps = 178, R =  1.8511, succ =  0.7000, FPS = 10.77
09:53:44.529 [INFO] (trainer.py:175) Episode = 371, T_Steps = 65972, E_Steps = 89, R = -0.7047, succ =  0.7000, FPS = 10.86
09:54:00.531 [INFO] (trainer.py:175) Episode = 372, T_Steps = 66145, E_Steps = 173, R =  1.8014, succ =  0.7000, FPS = 10.81
09:54:16.529 [INFO] (trainer.py:175) Episode = 373, T_Steps = 66317, E_Steps = 172, R =  1.8451, succ =  0.7000, FPS = 10.75
09:54:24.284 [INFO] (trainer.py:175) Episode = 374, T_Steps = 66398, E_Steps = 81, R = -0.7253, succ =  0.6500, FPS = 10.45
09:54:32.808 [INFO] (trainer.py:175) Episode = 375, T_Steps = 66488, E_Steps = 90, R = -0.6818, succ =  0.6500, FPS = 10.56
09:54:34.405 [INFO] (trainer.py:175) Episode = 376, T_Steps = 66503, E_Steps = 15, R = -0.9009, succ =  0.6000, FPS =  9.40
09:54:51.138 [INFO] (trainer.py:175) Episode = 377, T_Steps = 66682, E_Steps = 179, R =  1.8458, succ =  0.6500, FPS = 10.70
09:55:03.944 [INFO] (trainer.py:175) Episode = 378, T_Steps = 66821, E_Steps = 139, R = -0.4269, succ =  0.6000, FPS = 10.86
09:55:20.637 [INFO] (trainer.py:175) Episode = 379, T_Steps = 67002, E_Steps = 181, R =  1.8268, succ =  0.6000, FPS = 10.84
09:55:29.305 [INFO] (trainer.py:175) Episode = 380, T_Steps = 67096, E_Steps = 94, R = -0.6899, succ =  0.5500, FPS = 10.85
09:55:46.150 [INFO] (trainer.py:175) Episode = 381, T_Steps = 67279, E_Steps = 183, R =  1.8519, succ =  0.5500, FPS = 10.86
09:56:01.916 [INFO] (trainer.py:175) Episode = 382, T_Steps = 67450, E_Steps = 171, R =  1.8490, succ =  0.5500, FPS = 10.85
09:56:18.149 [INFO] (trainer.py:175) Episode = 383, T_Steps = 67624, E_Steps = 174, R =  1.8754, succ =  0.6000, FPS = 10.72
09:56:34.300 [INFO] (trainer.py:175) Episode = 384, T_Steps = 67797, E_Steps = 173, R =  1.8567, succ =  0.6000, FPS = 10.71
09:56:51.205 [INFO] (trainer.py:175) Episode = 385, T_Steps = 67980, E_Steps = 183, R =  1.8602, succ =  0.6000, FPS = 10.83
09:57:06.130 [INFO] (trainer.py:175) Episode = 386, T_Steps = 68144, E_Steps = 164, R =  1.8306, succ =  0.6500, FPS = 10.99
09:57:15.963 [INFO] (trainer.py:175) Episode = 387, T_Steps = 68252, E_Steps = 108, R = -0.6483, succ =  0.6000, FPS = 10.99
09:57:32.945 [INFO] (trainer.py:175) Episode = 388, T_Steps = 68434, E_Steps = 182, R =  1.8847, succ =  0.6500, FPS = 10.72
09:57:49.013 [INFO] (trainer.py:175) Episode = 389, T_Steps = 68609, E_Steps = 175, R =  1.8704, succ =  0.6500, FPS = 10.89
09:58:05.244 [INFO] (trainer.py:175) Episode = 390, T_Steps = 68783, E_Steps = 174, R =  1.8573, succ =  0.6500, FPS = 10.72
09:58:21.665 [INFO] (trainer.py:175) Episode = 391, T_Steps = 68957, E_Steps = 174, R =  1.8539, succ =  0.7000, FPS = 10.60
09:58:33.060 [INFO] (trainer.py:175) Episode = 392, T_Steps = 69081, E_Steps = 124, R = -0.4432, succ =  0.6500, FPS = 10.88
09:58:48.158 [INFO] (trainer.py:175) Episode = 393, T_Steps = 69245, E_Steps = 164, R =  1.8465, succ =  0.6500, FPS = 10.86
09:58:55.787 [INFO] (trainer.py:175) Episode = 394, T_Steps = 69327, E_Steps = 82, R = -0.7315, succ =  0.6500, FPS = 10.75
09:59:10.762 [INFO] (trainer.py:175) Episode = 395, T_Steps = 69490, E_Steps = 163, R =  1.8330, succ =  0.7000, FPS = 10.89
09:59:12.394 [INFO] (trainer.py:175) Episode = 396, T_Steps = 69504, E_Steps = 14, R = -0.9056, succ =  0.7000, FPS =  8.59
09:59:27.632 [INFO] (trainer.py:175) Episode = 397, T_Steps = 69672, E_Steps = 168, R =  1.8239, succ =  0.7000, FPS = 11.03
09:59:43.167 [INFO] (trainer.py:175) Episode = 398, T_Steps = 69839, E_Steps = 167, R =  1.8363, succ =  0.7500, FPS = 10.75
09:59:58.688 [INFO] (trainer.py:175) Episode = 399, T_Steps = 70006, E_Steps = 167, R =  1.8429, succ =  0.7500, FPS = 10.76
10:00:11.228 [INFO] (trainer.py:175) Episode = 400, T_Steps = 70141, E_Steps = 135, R = -0.4686, succ =  0.7500, FPS = 10.77
10:00:26.560 [INFO] (trainer.py:175) Episode = 401, T_Steps = 70304, E_Steps = 163, R =  1.8411, succ =  0.7500, FPS = 10.63
10:00:38.392 [INFO] (trainer.py:175) Episode = 402, T_Steps = 70431, E_Steps = 127, R = -0.4559, succ =  0.7000, FPS = 10.73
10:00:54.367 [INFO] (trainer.py:175) Episode = 403, T_Steps = 70602, E_Steps = 171, R =  1.8285, succ =  0.7000, FPS = 10.71
10:01:11.175 [INFO] (trainer.py:175) Episode = 404, T_Steps = 70783, E_Steps = 181, R =  1.8691, succ =  0.7000, FPS = 10.77
10:01:24.555 [INFO] (trainer.py:175) Episode = 405, T_Steps = 70927, E_Steps = 144, R = -0.3810, succ =  0.6500, FPS = 10.76
10:01:34.173 [INFO] (trainer.py:175) Episode = 406, T_Steps = 71029, E_Steps = 102, R = -0.6852, succ =  0.6000, FPS = 10.61
10:01:47.738 [INFO] (trainer.py:175) Episode = 407, T_Steps = 71173, E_Steps = 144, R = -0.4372, succ =  0.6000, FPS = 10.62
10:02:05.632 [INFO] (trainer.py:175) Episode = 408, T_Steps = 71365, E_Steps = 192, R =  1.8506, succ =  0.6000, FPS = 10.73
10:02:22.292 [INFO] (trainer.py:175) Episode = 409, T_Steps = 71547, E_Steps = 182, R =  1.8347, succ =  0.6000, FPS = 10.93
10:02:37.478 [INFO] (trainer.py:175) Episode = 410, T_Steps = 71710, E_Steps = 163, R =  1.7966, succ =  0.6000, FPS = 10.73
10:02:53.977 [INFO] (trainer.py:175) Episode = 411, T_Steps = 71888, E_Steps = 178, R =  1.8545, succ =  0.6000, FPS = 10.79
10:03:02.133 [INFO] (trainer.py:175) Episode = 412, T_Steps = 71976, E_Steps = 88, R = -0.7088, succ =  0.6000, FPS = 10.79
10:03:17.797 [INFO] (trainer.py:175) Episode = 413, T_Steps = 72144, E_Steps = 168, R =  1.8175, succ =  0.6000, FPS = 10.73
10:03:34.114 [INFO] (trainer.py:175) Episode = 414, T_Steps = 72319, E_Steps = 175, R =  1.8351, succ =  0.6500, FPS = 10.73
10:03:50.058 [INFO] (trainer.py:175) Episode = 415, T_Steps = 72489, E_Steps = 170, R =  1.7963, succ =  0.6500, FPS = 10.66
10:04:05.546 [INFO] (trainer.py:175) Episode = 416, T_Steps = 72657, E_Steps = 168, R =  1.8242, succ =  0.7000, FPS = 10.85
10:04:21.293 [INFO] (trainer.py:175) Episode = 417, T_Steps = 72827, E_Steps = 170, R =  1.8594, succ =  0.7000, FPS = 10.80
10:04:37.062 [INFO] (trainer.py:175) Episode = 418, T_Steps = 72998, E_Steps = 171, R =  1.8370, succ =  0.7000, FPS = 10.84
10:04:52.886 [INFO] (trainer.py:175) Episode = 419, T_Steps = 73168, E_Steps = 170, R =  1.8417, succ =  0.7000, FPS = 10.74
10:05:08.105 [INFO] (trainer.py:175) Episode = 420, T_Steps = 73332, E_Steps = 164, R =  1.8259, succ =  0.7500, FPS = 10.78
10:05:24.095 [INFO] (trainer.py:175) Episode = 421, T_Steps = 73503, E_Steps = 171, R =  1.8332, succ =  0.7500, FPS = 10.69
10:05:40.878 [INFO] (trainer.py:175) Episode = 422, T_Steps = 73684, E_Steps = 181, R =  1.8700, succ =  0.8000, FPS = 10.79
10:05:57.281 [INFO] (trainer.py:175) Episode = 423, T_Steps = 73858, E_Steps = 174, R =  1.8585, succ =  0.8000, FPS = 10.61
10:06:07.334 [INFO] (trainer.py:175) Episode = 424, T_Steps = 73965, E_Steps = 107, R = -0.6600, succ =  0.7500, FPS = 10.64
10:06:23.514 [INFO] (trainer.py:175) Episode = 425, T_Steps = 74138, E_Steps = 173, R =  1.8691, succ =  0.8000, FPS = 10.69
10:06:40.395 [INFO] (trainer.py:175) Episode = 426, T_Steps = 74320, E_Steps = 182, R =  1.8724, succ =  0.8500, FPS = 10.78
10:06:49.892 [INFO] (trainer.py:175) Episode = 427, T_Steps = 74422, E_Steps = 102, R = -0.6855, succ =  0.8500, FPS = 10.74
10:07:06.133 [INFO] (trainer.py:175) Episode = 428, T_Steps = 74597, E_Steps = 175, R =  1.8243, succ =  0.8500, FPS = 10.78
10:07:22.464 [INFO] (trainer.py:175) Episode = 429, T_Steps = 74773, E_Steps = 176, R = -0.1294, succ =  0.8000, FPS = 10.78
10:07:31.981 [INFO] (trainer.py:175) Episode = 430, T_Steps = 74876, E_Steps = 103, R = -0.6732, succ =  0.7500, FPS = 10.82
10:07:46.337 [INFO] (trainer.py:175) Episode = 431, T_Steps = 75032, E_Steps = 156, R =  1.8230, succ =  0.7500, FPS = 10.87
10:08:01.795 [INFO] (trainer.py:175) Episode = 432, T_Steps = 75200, E_Steps = 168, R =  1.8368, succ =  0.8000, FPS = 10.87
10:08:10.463 [INFO] (trainer.py:175) Episode = 433, T_Steps = 75291, E_Steps = 91, R = -0.6931, succ =  0.7500, FPS = 10.50
10:08:25.343 [INFO] (trainer.py:175) Episode = 434, T_Steps = 75452, E_Steps = 161, R =  1.8355, succ =  0.7500, FPS = 10.82
10:08:33.557 [INFO] (trainer.py:175) Episode = 435, T_Steps = 75541, E_Steps = 89, R = -0.7021, succ =  0.7000, FPS = 10.84
10:08:50.058 [INFO] (trainer.py:175) Episode = 436, T_Steps = 75719, E_Steps = 178, R =  1.8585, succ =  0.7000, FPS = 10.79
10:09:05.501 [INFO] (trainer.py:175) Episode = 437, T_Steps = 75885, E_Steps = 166, R =  1.8407, succ =  0.7000, FPS = 10.75
10:09:20.321 [INFO] (trainer.py:175) Episode = 438, T_Steps = 76043, E_Steps = 158, R =  1.8484, succ =  0.7000, FPS = 10.66
10:09:36.269 [INFO] (trainer.py:175) Episode = 439, T_Steps = 76214, E_Steps = 171, R =  1.8307, succ =  0.7000, FPS = 10.72
10:09:53.277 [INFO] (trainer.py:175) Episode = 440, T_Steps = 76396, E_Steps = 182, R =  1.8899, succ =  0.7000, FPS = 10.70
10:10:09.606 [INFO] (trainer.py:175) Episode = 441, T_Steps = 76570, E_Steps = 174, R =  1.8376, succ =  0.7000, FPS = 10.66
10:10:24.609 [INFO] (trainer.py:175) Episode = 442, T_Steps = 76730, E_Steps = 160, R =  1.8046, succ =  0.7000, FPS = 10.66
10:10:41.105 [INFO] (trainer.py:175) Episode = 443, T_Steps = 76906, E_Steps = 176, R =  1.8513, succ =  0.7000, FPS = 10.67
10:10:57.870 [INFO] (trainer.py:175) Episode = 444, T_Steps = 77086, E_Steps = 180, R =  1.8796, succ =  0.7500, FPS = 10.74
10:11:15.393 [INFO] (trainer.py:175) Episode = 445, T_Steps = 77273, E_Steps = 187, R =  1.8394, succ =  0.7500, FPS = 10.67
10:11:31.034 [INFO] (trainer.py:175) Episode = 446, T_Steps = 77441, E_Steps = 168, R =  1.8363, succ =  0.7500, FPS = 10.74
10:11:46.008 [INFO] (trainer.py:175) Episode = 447, T_Steps = 77606, E_Steps = 165, R =  1.8330, succ =  0.8000, FPS = 11.02
10:12:02.266 [INFO] (trainer.py:175) Episode = 448, T_Steps = 77778, E_Steps = 172, R =  1.8558, succ =  0.8000, FPS = 10.58
10:12:18.527 [INFO] (trainer.py:175) Episode = 449, T_Steps = 77953, E_Steps = 175, R =  1.8450, succ =  0.8500, FPS = 10.76
10:12:34.768 [INFO] (trainer.py:175) Episode = 450, T_Steps = 78127, E_Steps = 174, R =  1.8601, succ =  0.9000, FPS = 10.71
10:12:50.023 [INFO] (trainer.py:175) Episode = 451, T_Steps = 78290, E_Steps = 163, R =  1.8401, succ =  0.9000, FPS = 10.69
10:13:06.706 [INFO] (trainer.py:175) Episode = 452, T_Steps = 78469, E_Steps = 179, R =  1.8741, succ =  0.9000, FPS = 10.73
10:13:22.147 [INFO] (trainer.py:175) Episode = 453, T_Steps = 78637, E_Steps = 168, R =  1.8186, succ =  0.9500, FPS = 10.88
10:13:30.359 [INFO] (trainer.py:175) Episode = 454, T_Steps = 78725, E_Steps = 88, R = -0.6788, succ =  0.9000, FPS = 10.72
10:13:45.129 [INFO] (trainer.py:175) Episode = 455, T_Steps = 78883, E_Steps = 158, R =  1.8517, succ =  0.9500, FPS = 10.70
10:13:51.378 [INFO] (trainer.py:175) Episode = 456, T_Steps = 78950, E_Steps = 67, R = -0.7285, succ =  0.9000, FPS = 10.72
10:14:07.379 [INFO] (trainer.py:175) Episode = 457, T_Steps = 79122, E_Steps = 172, R =  1.8366, succ =  0.9000, FPS = 10.75
10:14:24.405 [INFO] (trainer.py:175) Episode = 458, T_Steps = 79302, E_Steps = 180, R =  1.8401, succ =  0.9000, FPS = 10.57
10:14:41.508 [INFO] (trainer.py:175) Episode = 459, T_Steps = 79484, E_Steps = 182, R =  1.8665, succ =  0.9000, FPS = 10.64
10:14:57.592 [INFO] (trainer.py:175) Episode = 460, T_Steps = 79657, E_Steps = 173, R =  1.8223, succ =  0.9000, FPS = 10.76
10:15:13.609 [INFO] (trainer.py:175) Episode = 461, T_Steps = 79830, E_Steps = 173, R =  1.8381, succ =  0.9000, FPS = 10.80
10:15:25.707 [INFO] (trainer.py:175) Episode = 462, T_Steps = 79960, E_Steps = 130, R = -0.4697, succ =  0.8500, FPS = 10.75
10:15:42.447 [INFO] (trainer.py:175) Episode = 463, T_Steps = 80138, E_Steps = 178, R =  1.8356, succ =  0.8500, FPS = 10.63
10:15:58.037 [INFO] (trainer.py:175) Episode = 464, T_Steps = 80309, E_Steps = 171, R =  1.8276, succ =  0.8500, FPS = 10.97
10:16:14.567 [INFO] (trainer.py:175) Episode = 465, T_Steps = 80487, E_Steps = 178, R =  1.8344, succ =  0.8500, FPS = 10.77
10:16:31.272 [INFO] (trainer.py:175) Episode = 466, T_Steps = 80667, E_Steps = 180, R =  1.8220, succ =  0.8500, FPS = 10.78
10:16:47.290 [INFO] (trainer.py:175) Episode = 467, T_Steps = 80840, E_Steps = 173, R =  1.8433, succ =  0.8500, FPS = 10.80
10:17:03.766 [INFO] (trainer.py:175) Episode = 468, T_Steps = 81019, E_Steps = 179, R =  1.8549, succ =  0.8500, FPS = 10.87
10:17:12.143 [INFO] (trainer.py:175) Episode = 469, T_Steps = 81109, E_Steps = 90, R = -0.7198, succ =  0.8000, FPS = 10.75
10:17:29.506 [INFO] (trainer.py:175) Episode = 470, T_Steps = 81296, E_Steps = 187, R =  1.8499, succ =  0.8000, FPS = 10.77
10:17:46.233 [INFO] (trainer.py:175) Episode = 471, T_Steps = 81477, E_Steps = 181, R =  1.8395, succ =  0.8000, FPS = 10.82
10:18:02.233 [INFO] (trainer.py:175) Episode = 472, T_Steps = 81650, E_Steps = 173, R =  1.8384, succ =  0.8000, FPS = 10.81
10:18:19.011 [INFO] (trainer.py:175) Episode = 473, T_Steps = 81829, E_Steps = 179, R =  1.8228, succ =  0.8000, FPS = 10.67
10:18:35.248 [INFO] (trainer.py:175) Episode = 474, T_Steps = 82003, E_Steps = 174, R =  1.8443, succ =  0.8500, FPS = 10.72
10:18:50.318 [INFO] (trainer.py:175) Episode = 475, T_Steps = 82166, E_Steps = 163, R =  1.8300, succ =  0.8500, FPS = 10.82
10:18:57.125 [INFO] (trainer.py:175) Episode = 476, T_Steps = 82240, E_Steps = 74, R = -0.7393, succ =  0.8500, FPS = 10.87
10:19:13.265 [INFO] (trainer.py:175) Episode = 477, T_Steps = 82414, E_Steps = 174, R =  1.8308, succ =  0.8500, FPS = 10.78
10:19:29.159 [INFO] (trainer.py:175) Episode = 478, T_Steps = 82586, E_Steps = 172, R =  1.8596, succ =  0.8500, FPS = 10.82
10:19:44.989 [INFO] (trainer.py:175) Episode = 479, T_Steps = 82756, E_Steps = 170, R =  1.8120, succ =  0.8500, FPS = 10.74
10:20:00.537 [INFO] (trainer.py:175) Episode = 480, T_Steps = 82924, E_Steps = 168, R =  1.8252, succ =  0.8500, FPS = 10.81
10:20:16.326 [INFO] (trainer.py:175) Episode = 481, T_Steps = 83094, E_Steps = 170, R =  1.8255, succ =  0.8500, FPS = 10.77
10:20:32.019 [INFO] (trainer.py:175) Episode = 482, T_Steps = 83263, E_Steps = 169, R =  1.8458, succ =  0.9000, FPS = 10.77
10:20:39.640 [INFO] (trainer.py:175) Episode = 483, T_Steps = 83345, E_Steps = 82, R = -0.6983, succ =  0.8500, FPS = 10.76
10:20:54.419 [INFO] (trainer.py:175) Episode = 484, T_Steps = 83507, E_Steps = 162, R =  1.8741, succ =  0.8500, FPS = 10.96
10:21:00.810 [INFO] (trainer.py:175) Episode = 485, T_Steps = 83575, E_Steps = 68, R = -0.7108, succ =  0.8000, FPS = 10.64
10:21:16.071 [INFO] (trainer.py:175) Episode = 486, T_Steps = 83740, E_Steps = 165, R =  1.8369, succ =  0.8000, FPS = 10.81
10:21:31.783 [INFO] (trainer.py:175) Episode = 487, T_Steps = 83907, E_Steps = 167, R =  1.8368, succ =  0.8000, FPS = 10.63
10:21:47.207 [INFO] (trainer.py:175) Episode = 488, T_Steps = 84073, E_Steps = 166, R =  1.8712, succ =  0.8000, FPS = 10.76
10:22:01.276 [INFO] (trainer.py:175) Episode = 489, T_Steps = 84221, E_Steps = 148, R =  1.8717, succ =  0.8500, FPS = 10.52
10:22:08.433 [INFO] (trainer.py:175) Episode = 490, T_Steps = 84298, E_Steps = 77, R = -0.6440, succ =  0.8000, FPS = 10.76
10:22:15.010 [INFO] (trainer.py:175) Episode = 491, T_Steps = 84368, E_Steps = 70, R = -0.7259, succ =  0.7500, FPS = 10.65
10:22:31.071 [INFO] (trainer.py:175) Episode = 492, T_Steps = 84540, E_Steps = 172, R =  1.8531, succ =  0.7500, FPS = 10.71
10:22:47.624 [INFO] (trainer.py:175) Episode = 493, T_Steps = 84716, E_Steps = 176, R =  1.8464, succ =  0.7500, FPS = 10.63
10:23:05.802 [INFO] (trainer.py:175) Episode = 494, T_Steps = 84911, E_Steps = 195, R =  1.8167, succ =  0.7500, FPS = 10.73
10:23:22.517 [INFO] (trainer.py:175) Episode = 495, T_Steps = 85088, E_Steps = 177, R =  1.8761, succ =  0.7500, FPS = 10.59
10:23:31.894 [INFO] (trainer.py:175) Episode = 496, T_Steps = 85189, E_Steps = 101, R = -0.6542, succ =  0.7500, FPS = 10.77
10:23:48.606 [INFO] (trainer.py:175) Episode = 497, T_Steps = 85369, E_Steps = 180, R =  1.8630, succ =  0.7500, FPS = 10.77
10:24:06.267 [INFO] (trainer.py:175) Episode = 498, T_Steps = 85559, E_Steps = 190, R =  1.8762, succ =  0.7500, FPS = 10.76
10:24:24.732 [INFO] (trainer.py:175) Episode = 499, T_Steps = 85756, E_Steps = 197, R =  1.8566, succ =  0.7500, FPS = 10.67
10:24:42.438 [INFO] (trainer.py:175) Episode = 500, T_Steps = 85944, E_Steps = 188, R =  1.8625, succ =  0.7500, FPS = 10.62
10:25:00.059 [INFO] (trainer.py:175) Episode = 501, T_Steps = 86134, E_Steps = 190, R =  1.8896, succ =  0.7500, FPS = 10.78
10:25:07.458 [INFO] (trainer.py:175) Episode = 502, T_Steps = 86214, E_Steps = 80, R = -0.7252, succ =  0.7000, FPS = 10.81
10:25:24.054 [INFO] (trainer.py:175) Episode = 503, T_Steps = 86391, E_Steps = 177, R =  1.8923, succ =  0.7500, FPS = 10.67
10:25:42.066 [INFO] (trainer.py:175) Episode = 504, T_Steps = 86583, E_Steps = 192, R =  1.8821, succ =  0.7500, FPS = 10.66
10:25:50.611 [INFO] (trainer.py:175) Episode = 505, T_Steps = 86676, E_Steps = 93, R = -0.6884, succ =  0.7500, FPS = 10.88
10:26:08.036 [INFO] (trainer.py:175) Episode = 506, T_Steps = 86861, E_Steps = 185, R =  1.8985, succ =  0.7500, FPS = 10.62
10:26:25.708 [INFO] (trainer.py:175) Episode = 507, T_Steps = 87050, E_Steps = 189, R =  1.8645, succ =  0.7500, FPS = 10.70
10:26:41.401 [INFO] (trainer.py:175) Episode = 508, T_Steps = 87224, E_Steps = 174, R =  1.8639, succ =  0.7500, FPS = 11.09
10:26:56.622 [INFO] (trainer.py:175) Episode = 509, T_Steps = 87390, E_Steps = 166, R =  1.8601, succ =  0.7500, FPS = 10.91
10:27:12.610 [INFO] (trainer.py:175) Episode = 510, T_Steps = 87562, E_Steps = 172, R =  1.8354, succ =  0.8000, FPS = 10.76
10:27:29.702 [INFO] (trainer.py:175) Episode = 511, T_Steps = 87745, E_Steps = 183, R =  1.8641, succ =  0.8500, FPS = 10.71
10:27:45.437 [INFO] (trainer.py:175) Episode = 512, T_Steps = 87914, E_Steps = 169, R =  1.8658, succ =  0.8500, FPS = 10.74
10:28:02.075 [INFO] (trainer.py:175) Episode = 513, T_Steps = 88095, E_Steps = 181, R =  1.8679, succ =  0.8500, FPS = 10.88
10:28:17.667 [INFO] (trainer.py:175) Episode = 514, T_Steps = 88262, E_Steps = 167, R =  1.8434, succ =  0.8500, FPS = 10.71
10:28:33.442 [INFO] (trainer.py:175) Episode = 515, T_Steps = 88433, E_Steps = 171, R =  1.8569, succ =  0.8500, FPS = 10.84
10:28:48.905 [INFO] (trainer.py:175) Episode = 516, T_Steps = 88601, E_Steps = 168, R =  1.8468, succ =  0.9000, FPS = 10.87
10:28:59.732 [INFO] (trainer.py:175) Episode = 517, T_Steps = 88717, E_Steps = 116, R = -0.4584, succ =  0.8500, FPS = 10.71
10:29:16.417 [INFO] (trainer.py:175) Episode = 518, T_Steps = 88896, E_Steps = 179, R =  1.8979, succ =  0.8500, FPS = 10.73
10:29:31.292 [INFO] (trainer.py:175) Episode = 519, T_Steps = 89057, E_Steps = 161, R =  1.8415, succ =  0.8500, FPS = 10.82
10:29:46.498 [INFO] (trainer.py:175) Episode = 520, T_Steps = 89222, E_Steps = 165, R =  1.8407, succ =  0.8500, FPS = 10.85
10:29:55.863 [INFO] (trainer.py:175) Episode = 521, T_Steps = 89320, E_Steps = 98, R = -0.6521, succ =  0.8000, FPS = 10.47
10:29:57.449 [INFO] (trainer.py:175) Episode = 522, T_Steps = 89335, E_Steps = 15, R = -0.9037, succ =  0.8000, FPS =  9.47
10:30:13.806 [INFO] (trainer.py:175) Episode = 523, T_Steps = 89509, E_Steps = 174, R =  1.8676, succ =  0.8000, FPS = 10.64
10:30:31.266 [INFO] (trainer.py:175) Episode = 524, T_Steps = 89694, E_Steps = 185, R =  1.8848, succ =  0.8000, FPS = 10.60
10:30:49.183 [INFO] (trainer.py:175) Episode = 525, T_Steps = 89886, E_Steps = 192, R =  1.9314, succ =  0.8500, FPS = 10.72
10:31:04.052 [INFO] (trainer.py:175) Episode = 526, T_Steps = 90045, E_Steps = 159, R =  1.8126, succ =  0.8500, FPS = 10.69
10:31:18.600 [INFO] (trainer.py:175) Episode = 527, T_Steps = 90200, E_Steps = 155, R =  1.8591, succ =  0.8500, FPS = 10.66
10:31:34.798 [INFO] (trainer.py:175) Episode = 528, T_Steps = 90374, E_Steps = 174, R =  1.8856, succ =  0.8500, FPS = 10.74
10:31:51.483 [INFO] (trainer.py:175) Episode = 529, T_Steps = 90556, E_Steps = 182, R =  1.8856, succ =  0.8500, FPS = 10.91
10:32:06.375 [INFO] (trainer.py:175) Episode = 530, T_Steps = 90717, E_Steps = 161, R =  1.8449, succ =  0.8500, FPS = 10.81
10:32:22.344 [INFO] (trainer.py:175) Episode = 531, T_Steps = 90888, E_Steps = 171, R =  1.8576, succ =  0.8500, FPS = 10.71
10:32:38.639 [INFO] (trainer.py:175) Episode = 532, T_Steps = 91063, E_Steps = 175, R =  1.8777, succ =  0.8500, FPS = 10.74
10:32:54.794 [INFO] (trainer.py:175) Episode = 533, T_Steps = 91237, E_Steps = 174, R =  1.8493, succ =  0.8500, FPS = 10.77
10:33:10.677 [INFO] (trainer.py:175) Episode = 534, T_Steps = 91408, E_Steps = 171, R =  1.8614, succ =  0.8500, FPS = 10.77
10:33:26.874 [INFO] (trainer.py:175) Episode = 535, T_Steps = 91582, E_Steps = 174, R =  1.8605, succ =  0.8500, FPS = 10.74
10:33:43.533 [INFO] (trainer.py:175) Episode = 536, T_Steps = 91761, E_Steps = 179, R =  1.8346, succ =  0.8500, FPS = 10.75
10:34:46.496 [INFO] (trainer.py:175) Episode = 537, T_Steps = 92588, E_Steps = 827, R =  2.1251, succ =  0.8500, FPS = 13.14
10:35:04.205 [INFO] (trainer.py:175) Episode = 538, T_Steps = 92778, E_Steps = 190, R =  1.8785, succ =  0.8500, FPS = 10.73
10:35:21.917 [INFO] (trainer.py:175) Episode = 539, T_Steps = 92967, E_Steps = 189, R =  1.9218, succ =  0.8500, FPS = 10.67
10:35:37.688 [INFO] (trainer.py:175) Episode = 540, T_Steps = 93138, E_Steps = 171, R = -0.4189, succ =  0.8000, FPS = 10.84
10:35:54.688 [INFO] (trainer.py:175) Episode = 541, T_Steps = 93319, E_Steps = 181, R =  1.8699, succ =  0.8500, FPS = 10.65
10:36:10.782 [INFO] (trainer.py:175) Episode = 542, T_Steps = 93495, E_Steps = 176, R =  1.8172, succ =  0.9000, FPS = 10.94
10:36:26.901 [INFO] (trainer.py:175) Episode = 543, T_Steps = 93668, E_Steps = 173, R =  1.8515, succ =  0.9000, FPS = 10.73
10:36:43.689 [INFO] (trainer.py:175) Episode = 544, T_Steps = 93849, E_Steps = 181, R =  1.8717, succ =  0.9000, FPS = 10.78
10:37:00.036 [INFO] (trainer.py:175) Episode = 545, T_Steps = 94025, E_Steps = 176, R =  1.8812, succ =  0.9000, FPS = 10.77
10:37:16.461 [INFO] (trainer.py:175) Episode = 546, T_Steps = 94203, E_Steps = 178, R =  1.8535, succ =  0.9000, FPS = 10.84
10:37:32.634 [INFO] (trainer.py:175) Episode = 547, T_Steps = 94375, E_Steps = 172, R =  1.8543, succ =  0.9000, FPS = 10.64
10:37:48.724 [INFO] (trainer.py:175) Episode = 548, T_Steps = 94549, E_Steps = 174, R =  1.8661, succ =  0.9000, FPS = 10.82
10:38:04.175 [INFO] (trainer.py:175) Episode = 549, T_Steps = 94717, E_Steps = 168, R =  1.8385, succ =  0.9000, FPS = 10.87
10:38:20.795 [INFO] (trainer.py:175) Episode = 550, T_Steps = 94894, E_Steps = 177, R =  1.8209, succ =  0.9000, FPS = 10.65
10:38:36.459 [INFO] (trainer.py:175) Episode = 551, T_Steps = 95064, E_Steps = 170, R =  1.8229, succ =  0.9000, FPS = 10.85
10:38:52.970 [INFO] (trainer.py:175) Episode = 552, T_Steps = 95242, E_Steps = 178, R =  1.8352, succ =  0.9000, FPS = 10.78
10:39:08.622 [INFO] (trainer.py:175) Episode = 553, T_Steps = 95409, E_Steps = 167, R =  1.8692, succ =  0.9000, FPS = 10.67
10:39:25.977 [INFO] (trainer.py:175) Episode = 554, T_Steps = 95595, E_Steps = 186, R =  1.8468, succ =  0.9000, FPS = 10.72
10:39:51.549 [INFO] (trainer.py:175) Episode = 555, T_Steps = 95901, E_Steps = 306, R =  0.1056, succ =  0.8500, FPS = 11.97
10:40:01.198 [INFO] (trainer.py:175) Episode = 556, T_Steps = 96007, E_Steps = 106, R = -0.6386, succ =  0.8000, FPS = 10.99
10:40:46.680 [INFO] (trainer.py:175) Episode = 557, T_Steps = 96563, E_Steps = 556, R =  1.0567, succ =  0.8000, FPS = 12.23
10:41:02.938 [INFO] (trainer.py:175) Episode = 558, T_Steps = 96738, E_Steps = 175, R =  1.8541, succ =  0.8000, FPS = 10.76
10:41:20.034 [INFO] (trainer.py:175) Episode = 559, T_Steps = 96921, E_Steps = 183, R =  1.8376, succ =  0.8000, FPS = 10.71
10:42:06.608 [INFO] (trainer.py:175) Episode = 560, T_Steps = 97517, E_Steps = 596, R =  1.2558, succ =  0.8000, FPS = 12.80
10:42:23.433 [INFO] (trainer.py:175) Episode = 561, T_Steps = 97697, E_Steps = 180, R =  1.8536, succ =  0.8000, FPS = 10.70
10:42:41.596 [INFO] (trainer.py:175) Episode = 562, T_Steps = 97892, E_Steps = 195, R =  1.8240, succ =  0.8000, FPS = 10.74
10:42:58.573 [INFO] (trainer.py:175) Episode = 563, T_Steps = 98074, E_Steps = 182, R =  1.8065, succ =  0.8000, FPS = 10.72
10:43:13.756 [INFO] (trainer.py:175) Episode = 564, T_Steps = 98241, E_Steps = 167, R =  1.8298, succ =  0.8000, FPS = 11.00
10:43:30.922 [INFO] (trainer.py:175) Episode = 565, T_Steps = 98424, E_Steps = 183, R =  1.8168, succ =  0.8000, FPS = 10.66
10:43:38.526 [INFO] (trainer.py:175) Episode = 566, T_Steps = 98506, E_Steps = 82, R = -0.7258, succ =  0.7500, FPS = 10.79
10:43:55.361 [INFO] (trainer.py:175) Episode = 567, T_Steps = 98685, E_Steps = 179, R =  1.8570, succ =  0.7500, FPS = 10.63
10:44:11.479 [INFO] (trainer.py:175) Episode = 568, T_Steps = 98857, E_Steps = 172, R =  1.7843, succ =  0.7500, FPS = 10.67
10:44:28.373 [INFO] (trainer.py:175) Episode = 569, T_Steps = 99038, E_Steps = 181, R =  1.8373, succ =  0.7500, FPS = 10.71
10:44:45.360 [INFO] (trainer.py:175) Episode = 570, T_Steps = 99221, E_Steps = 183, R =  1.8383, succ =  0.7500, FPS = 10.77
10:45:01.345 [INFO] (trainer.py:175) Episode = 571, T_Steps = 99393, E_Steps = 172, R =  1.8337, succ =  0.7500, FPS = 10.76
10:45:18.529 [INFO] (trainer.py:175) Episode = 572, T_Steps = 99577, E_Steps = 184, R =  1.8363, succ =  0.7500, FPS = 10.71
10:45:35.841 [INFO] (trainer.py:175) Episode = 573, T_Steps = 99760, E_Steps = 183, R =  1.8437, succ =  0.7500, FPS = 10.57
10:45:51.867 [INFO] (trainer.py:175) Episode = 574, T_Steps = 99931, E_Steps = 171, R =  1.8357, succ =  0.7500, FPS = 10.67
