07:57:05.526 [INFO] (trainer.py:175) Episode = 1, T_Steps = 177, E_Steps = 177, R =  1.9683, succ =  0.0500, FPS = 14.46
07:57:07.553 [INFO] (trainer.py:175) Episode = 2, T_Steps = 200, E_Steps = 23, R = -0.8423, succ =  0.0500, FPS = 11.36
07:57:15.372 [INFO] (trainer.py:175) Episode = 3, T_Steps = 412, E_Steps = 212, R =  0.0207, succ =  0.0500, FPS = 27.12
07:57:17.306 [INFO] (trainer.py:175) Episode = 4, T_Steps = 434, E_Steps = 22, R = -0.8480, succ =  0.0500, FPS = 11.38
07:57:21.006 [INFO] (trainer.py:175) Episode = 5, T_Steps = 516, E_Steps = 82, R = -0.7466, succ =  0.0500, FPS = 22.17
07:57:23.380 [INFO] (trainer.py:175) Episode = 6, T_Steps = 552, E_Steps = 36, R = -0.7864, succ =  0.0500, FPS = 15.18
07:57:26.534 [INFO] (trainer.py:175) Episode = 7, T_Steps = 612, E_Steps = 60, R = -0.7499, succ =  0.0500, FPS = 19.03
07:57:33.814 [INFO] (trainer.py:175) Episode = 8, T_Steps = 798, E_Steps = 186, R =  1.9270, succ =  0.1000, FPS = 25.55
07:57:41.549 [INFO] (trainer.py:175) Episode = 9, T_Steps = 1008, E_Steps = 210, R = -0.0306, succ =  0.1000, FPS = 27.16
07:57:49.219 [INFO] (trainer.py:175) Episode = 10, T_Steps = 1220, E_Steps = 212, R =  0.0813, succ =  0.1000, FPS = 27.64
07:57:56.387 [INFO] (trainer.py:175) Episode = 11, T_Steps = 1406, E_Steps = 186, R =  1.9816, succ =  0.1500, FPS = 25.96
07:58:04.493 [INFO] (trainer.py:175) Episode = 12, T_Steps = 1611, E_Steps = 205, R =  1.9285, succ =  0.2000, FPS = 25.29
07:58:06.765 [INFO] (trainer.py:175) Episode = 13, T_Steps = 1643, E_Steps = 32, R = -0.7984, succ =  0.2000, FPS = 14.09
07:58:14.383 [INFO] (trainer.py:175) Episode = 14, T_Steps = 1848, E_Steps = 205, R =  1.9377, succ =  0.2500, FPS = 26.92
07:58:22.044 [INFO] (trainer.py:175) Episode = 15, T_Steps = 2058, E_Steps = 210, R =  2.0072, succ =  0.3000, FPS = 27.41
07:58:29.718 [INFO] (trainer.py:175) Episode = 16, T_Steps = 2271, E_Steps = 213, R =  1.9366, succ =  0.3500, FPS = 27.76
07:58:37.061 [INFO] (trainer.py:175) Episode = 17, T_Steps = 2465, E_Steps = 194, R =  0.0386, succ =  0.3500, FPS = 26.42
07:58:38.986 [INFO] (trainer.py:175) Episode = 18, T_Steps = 2491, E_Steps = 26, R = -0.8521, succ =  0.3500, FPS = 13.52
07:58:46.134 [INFO] (trainer.py:175) Episode = 19, T_Steps = 2690, E_Steps = 199, R =  1.9413, succ =  0.4000, FPS = 27.85
07:58:53.830 [INFO] (trainer.py:175) Episode = 20, T_Steps = 2892, E_Steps = 202, R =  0.0347, succ =  0.4000, FPS = 26.25
07:59:01.608 [INFO] (trainer.py:175) Episode = 21, T_Steps = 3101, E_Steps = 209, R =  0.0461, succ =  0.3500, FPS = 26.88
07:59:09.446 [INFO] (trainer.py:175) Episode = 22, T_Steps = 3310, E_Steps = 209, R =  0.0160, succ =  0.3500, FPS = 26.67
07:59:20.382 [INFO] (trainer.py:175) Episode = 23, T_Steps = 3631, E_Steps = 321, R =  2.3814, succ =  0.4000, FPS = 29.36
07:59:27.937 [INFO] (trainer.py:175) Episode = 24, T_Steps = 3828, E_Steps = 197, R =  0.0374, succ =  0.4000, FPS = 26.08
07:59:30.349 [INFO] (trainer.py:175) Episode = 25, T_Steps = 3858, E_Steps = 30, R = -0.8614, succ =  0.4000, FPS = 12.44
07:59:37.777 [INFO] (trainer.py:175) Episode = 26, T_Steps = 4063, E_Steps = 205, R =  1.9580, succ =  0.4500, FPS = 27.60
07:59:44.621 [INFO] (trainer.py:175) Episode = 27, T_Steps = 4256, E_Steps = 193, R =  1.9620, succ =  0.5000, FPS = 28.20
07:59:46.531 [INFO] (trainer.py:175) Episode = 28, T_Steps = 4280, E_Steps = 24, R = -0.8401, succ =  0.4500, FPS = 12.58
07:59:54.329 [INFO] (trainer.py:175) Episode = 29, T_Steps = 4486, E_Steps = 206, R =  1.8663, succ =  0.5000, FPS = 26.42
08:00:02.485 [INFO] (trainer.py:175) Episode = 30, T_Steps = 4710, E_Steps = 224, R =  1.9134, succ =  0.5500, FPS = 27.47
08:00:10.021 [INFO] (trainer.py:175) Episode = 31, T_Steps = 4907, E_Steps = 197, R =  1.9638, succ =  0.5500, FPS = 26.15
08:00:18.219 [INFO] (trainer.py:175) Episode = 32, T_Steps = 5127, E_Steps = 220, R =  0.0064, succ =  0.5000, FPS = 26.84
08:00:20.684 [INFO] (trainer.py:175) Episode = 33, T_Steps = 5168, E_Steps = 41, R = -0.8262, succ =  0.5000, FPS = 16.64
08:00:27.864 [INFO] (trainer.py:175) Episode = 34, T_Steps = 5363, E_Steps = 195, R =  0.0441, succ =  0.4500, FPS = 27.16
08:00:35.590 [INFO] (trainer.py:175) Episode = 35, T_Steps = 5563, E_Steps = 200, R =  0.0549, succ =  0.4000, FPS = 25.89
08:00:37.510 [INFO] (trainer.py:175) Episode = 36, T_Steps = 5585, E_Steps = 22, R = -0.8461, succ =  0.3500, FPS = 11.46
08:00:45.082 [INFO] (trainer.py:175) Episode = 37, T_Steps = 5785, E_Steps = 200, R =  1.9105, succ =  0.4000, FPS = 26.42
08:01:03.995 [INFO] (trainer.py:175) Episode = 38, T_Steps = 6071, E_Steps = 286, R =  2.4164, succ =  0.4500, FPS = 15.12
08:01:34.341 [INFO] (trainer.py:175) Episode = 39, T_Steps = 6346, E_Steps = 275, R = -0.0483, succ =  0.4000, FPS =  9.06
08:02:07.959 [INFO] (trainer.py:175) Episode = 40, T_Steps = 6651, E_Steps = 305, R = -0.0481, succ =  0.4000, FPS =  9.07
08:02:13.289 [INFO] (trainer.py:175) Episode = 41, T_Steps = 6690, E_Steps = 39, R = -0.8409, succ =  0.4000, FPS =  7.32
08:02:40.204 [INFO] (trainer.py:175) Episode = 42, T_Steps = 6932, E_Steps = 242, R =  1.8312, succ =  0.4500, FPS =  8.99
08:03:06.727 [INFO] (trainer.py:175) Episode = 43, T_Steps = 7169, E_Steps = 237, R =  1.8249, succ =  0.4500, FPS =  8.94
08:03:32.846 [INFO] (trainer.py:175) Episode = 44, T_Steps = 7403, E_Steps = 234, R = -0.0006, succ =  0.4500, FPS =  8.96
08:04:01.047 [INFO] (trainer.py:175) Episode = 45, T_Steps = 7658, E_Steps = 255, R = -0.2632, succ =  0.4500, FPS =  9.04
08:04:05.972 [INFO] (trainer.py:175) Episode = 46, T_Steps = 7693, E_Steps = 35, R = -0.8083, succ =  0.4000, FPS =  7.11
08:04:10.839 [INFO] (trainer.py:175) Episode = 47, T_Steps = 7727, E_Steps = 34, R = -0.8574, succ =  0.3500, FPS =  6.99
08:04:34.519 [INFO] (trainer.py:175) Episode = 48, T_Steps = 7939, E_Steps = 212, R =  1.8788, succ =  0.4000, FPS =  8.95
08:05:02.547 [INFO] (trainer.py:175) Episode = 49, T_Steps = 8191, E_Steps = 252, R = -0.1155, succ =  0.3500, FPS =  8.99
08:05:30.486 [INFO] (trainer.py:175) Episode = 50, T_Steps = 8443, E_Steps = 252, R = -0.1229, succ =  0.3000, FPS =  9.02
08:05:37.426 [INFO] (trainer.py:175) Episode = 51, T_Steps = 8497, E_Steps = 54, R = -0.8089, succ =  0.2500, FPS =  7.78
08:06:02.944 [INFO] (trainer.py:175) Episode = 52, T_Steps = 8725, E_Steps = 228, R = -0.2162, succ =  0.2500, FPS =  8.94
08:06:15.746 [INFO] (trainer.py:175) Episode = 53, T_Steps = 8835, E_Steps = 110, R = -0.5375, succ =  0.2500, FPS =  8.59
08:06:38.544 [INFO] (trainer.py:175) Episode = 54, T_Steps = 9040, E_Steps = 205, R =  1.9918, succ =  0.3000, FPS =  8.99
08:06:59.678 [INFO] (trainer.py:175) Episode = 55, T_Steps = 9228, E_Steps = 188, R =  1.9572, succ =  0.3500, FPS =  8.90
08:07:26.545 [INFO] (trainer.py:175) Episode = 56, T_Steps = 9473, E_Steps = 245, R = -0.1429, succ =  0.3500, FPS =  9.12
08:07:32.474 [INFO] (trainer.py:175) Episode = 57, T_Steps = 9518, E_Steps = 45, R = -0.8331, succ =  0.3000, FPS =  7.59
08:07:44.446 [INFO] (trainer.py:175) Episode = 58, T_Steps = 9620, E_Steps = 102, R = -0.5755, succ =  0.2500, FPS =  8.52
08:08:12.607 [INFO] (trainer.py:175) Episode = 59, T_Steps = 9872, E_Steps = 252, R = -0.0892, succ =  0.2500, FPS =  8.95
08:08:35.671 [INFO] (trainer.py:175) Episode = 60, T_Steps = 10078, E_Steps = 206, R =  1.9428, succ =  0.3000, FPS =  8.93
08:08:58.249 [INFO] (trainer.py:175) Episode = 61, T_Steps = 10281, E_Steps = 203, R =  1.9616, succ =  0.3500, FPS =  8.99
08:09:20.758 [INFO] (trainer.py:175) Episode = 62, T_Steps = 10484, E_Steps = 203, R =  1.9496, succ =  0.3500, FPS =  9.02
08:09:54.346 [INFO] (trainer.py:175) Episode = 63, T_Steps = 10795, E_Steps = 311, R =  2.3540, succ =  0.3500, FPS =  9.26
08:10:17.156 [INFO] (trainer.py:175) Episode = 64, T_Steps = 10999, E_Steps = 204, R =  1.9421, succ =  0.4000, FPS =  8.94
08:10:39.254 [INFO] (trainer.py:175) Episode = 65, T_Steps = 11196, E_Steps = 197, R =  2.0067, succ =  0.4500, FPS =  8.92
08:11:00.705 [INFO] (trainer.py:175) Episode = 66, T_Steps = 11388, E_Steps = 192, R =  1.9468, succ =  0.5000, FPS =  8.95
08:11:21.981 [INFO] (trainer.py:175) Episode = 67, T_Steps = 11579, E_Steps = 191, R =  1.9906, succ =  0.5500, FPS =  8.98
08:11:27.033 [INFO] (trainer.py:175) Episode = 68, T_Steps = 11615, E_Steps = 36, R = -0.8509, succ =  0.5000, FPS =  7.13
08:11:38.013 [INFO] (trainer.py:175) Episode = 69, T_Steps = 11709, E_Steps = 94, R = -0.5288, succ =  0.5000, FPS =  8.56
08:12:00.687 [INFO] (trainer.py:175) Episode = 70, T_Steps = 11911, E_Steps = 202, R =  2.0103, succ =  0.5500, FPS =  8.91
08:12:16.477 [INFO] (trainer.py:175) Episode = 71, T_Steps = 12049, E_Steps = 138, R = -0.3863, succ =  0.5500, FPS =  8.74
08:12:37.390 [INFO] (trainer.py:175) Episode = 72, T_Steps = 12236, E_Steps = 187, R =  1.9868, succ =  0.6000, FPS =  8.94
08:12:56.828 [INFO] (trainer.py:175) Episode = 73, T_Steps = 12407, E_Steps = 171, R = -0.3118, succ =  0.6000, FPS =  8.80
08:13:21.073 [INFO] (trainer.py:175) Episode = 74, T_Steps = 12626, E_Steps = 219, R =  1.9378, succ =  0.6000, FPS =  9.03
08:13:41.839 [INFO] (trainer.py:175) Episode = 75, T_Steps = 12810, E_Steps = 184, R = -0.1846, succ =  0.5500, FPS =  8.86
08:13:47.140 [INFO] (trainer.py:175) Episode = 76, T_Steps = 12849, E_Steps = 39, R = -0.8413, succ =  0.5500, FPS =  7.36
08:14:08.291 [INFO] (trainer.py:175) Episode = 77, T_Steps = 13038, E_Steps = 189, R =  2.0293, succ =  0.6000, FPS =  8.94
08:14:33.790 [INFO] (trainer.py:175) Episode = 78, T_Steps = 13268, E_Steps = 230, R =  1.8724, succ =  0.6500, FPS =  9.02
08:15:00.681 [INFO] (trainer.py:175) Episode = 79, T_Steps = 13510, E_Steps = 242, R = -0.1650, succ =  0.6500, FPS =  9.00
08:15:20.676 [INFO] (trainer.py:175) Episode = 80, T_Steps = 13686, E_Steps = 176, R =  1.9337, succ =  0.6500, FPS =  8.80
08:15:41.999 [INFO] (trainer.py:175) Episode = 81, T_Steps = 13875, E_Steps = 189, R =  1.8674, succ =  0.6500, FPS =  8.86
08:16:04.644 [INFO] (trainer.py:175) Episode = 82, T_Steps = 14077, E_Steps = 202, R =  1.9347, succ =  0.6500, FPS =  8.92
08:16:35.946 [INFO] (trainer.py:175) Episode = 83, T_Steps = 14362, E_Steps = 285, R =  2.4075, succ =  0.6500, FPS =  9.11
08:16:58.790 [INFO] (trainer.py:175) Episode = 84, T_Steps = 14566, E_Steps = 204, R =  1.9605, succ =  0.6500, FPS =  8.93
08:17:25.161 [INFO] (trainer.py:175) Episode = 85, T_Steps = 14804, E_Steps = 238, R =  1.9799, succ =  0.6500, FPS =  9.03
08:17:55.890 [INFO] (trainer.py:175) Episode = 86, T_Steps = 15083, E_Steps = 279, R = -0.0464, succ =  0.6000, FPS =  9.08
08:18:29.590 [INFO] (trainer.py:175) Episode = 87, T_Steps = 15393, E_Steps = 310, R =  0.0633, succ =  0.5500, FPS =  9.20
08:18:48.646 [INFO] (trainer.py:175) Episode = 88, T_Steps = 15559, E_Steps = 166, R = -0.3478, succ =  0.5500, FPS =  8.71
08:19:28.304 [INFO] (trainer.py:175) Episode = 89, T_Steps = 15964, E_Steps = 405, R =  0.5990, succ =  0.5500, FPS = 10.21
08:19:52.821 [INFO] (trainer.py:175) Episode = 90, T_Steps = 16184, E_Steps = 220, R =  2.0571, succ =  0.5500, FPS =  8.97
08:20:24.458 [INFO] (trainer.py:175) Episode = 91, T_Steps = 16484, E_Steps = 300, R =  2.3426, succ =  0.6000, FPS =  9.48
08:20:53.938 [INFO] (trainer.py:175) Episode = 92, T_Steps = 16763, E_Steps = 279, R =  2.3330, succ =  0.6000, FPS =  9.46
08:21:20.812 [INFO] (trainer.py:175) Episode = 93, T_Steps = 17014, E_Steps = 251, R =  0.0908, succ =  0.6000, FPS =  9.34
08:21:52.306 [INFO] (trainer.py:175) Episode = 94, T_Steps = 17301, E_Steps = 287, R =  0.1671, succ =  0.5500, FPS =  9.11
08:22:17.996 [INFO] (trainer.py:175) Episode = 95, T_Steps = 17532, E_Steps = 231, R =  2.1030, succ =  0.6000, FPS =  8.99
08:22:47.943 [INFO] (trainer.py:175) Episode = 96, T_Steps = 17809, E_Steps = 277, R =  0.2952, succ =  0.6000, FPS =  9.25
08:23:17.154 [INFO] (trainer.py:175) Episode = 97, T_Steps = 18076, E_Steps = 267, R =  0.0974, succ =  0.5500, FPS =  9.14
08:23:35.492 [INFO] (trainer.py:175) Episode = 98, T_Steps = 18237, E_Steps = 161, R =  1.9028, succ =  0.5500, FPS =  8.78
08:23:55.325 [INFO] (trainer.py:175) Episode = 99, T_Steps = 18411, E_Steps = 174, R =  1.9119, succ =  0.6000, FPS =  8.77
08:24:18.557 [INFO] (trainer.py:175) Episode = 100, T_Steps = 18619, E_Steps = 208, R =  0.1285, succ =  0.5500, FPS =  8.95
08:24:41.473 [INFO] (trainer.py:175) Episode = 101, T_Steps = 18824, E_Steps = 205, R = -0.1161, succ =  0.5000, FPS =  8.95
08:25:02.187 [INFO] (trainer.py:175) Episode = 102, T_Steps = 19007, E_Steps = 183, R =  1.9875, succ =  0.5000, FPS =  8.84
08:25:17.358 [INFO] (trainer.py:175) Episode = 103, T_Steps = 19138, E_Steps = 131, R = -0.3923, succ =  0.4500, FPS =  8.64
08:25:42.066 [INFO] (trainer.py:175) Episode = 104, T_Steps = 19358, E_Steps = 220, R =  1.9465, succ =  0.4500, FPS =  8.90
08:26:03.996 [INFO] (trainer.py:175) Episode = 105, T_Steps = 19552, E_Steps = 194, R =  2.0694, succ =  0.4500, FPS =  8.85
08:26:07.069 [INFO] (trainer.py:175) Episode = 106, T_Steps = 19569, E_Steps = 17, R = -0.8969, succ =  0.4500, FPS =  5.53
08:26:28.251 [INFO] (trainer.py:175) Episode = 107, T_Steps = 19757, E_Steps = 188, R = -0.0671, succ =  0.4500, FPS =  8.88
08:26:46.584 [INFO] (trainer.py:175) Episode = 108, T_Steps = 19918, E_Steps = 161, R = -0.2825, succ =  0.4500, FPS =  8.78
08:27:05.510 [INFO] (trainer.py:175) Episode = 109, T_Steps = 20086, E_Steps = 168, R =  1.9368, succ =  0.5000, FPS =  8.88
08:27:28.062 [INFO] (trainer.py:175) Episode = 110, T_Steps = 20290, E_Steps = 204, R =  2.0792, succ =  0.5000, FPS =  9.05
08:27:47.425 [INFO] (trainer.py:175) Episode = 111, T_Steps = 20460, E_Steps = 170, R =  1.9955, succ =  0.5000, FPS =  8.78
08:28:08.026 [INFO] (trainer.py:175) Episode = 112, T_Steps = 20643, E_Steps = 183, R =  1.9709, succ =  0.5000, FPS =  8.88
08:28:26.322 [INFO] (trainer.py:175) Episode = 113, T_Steps = 20803, E_Steps = 160, R =  1.8895, succ =  0.5500, FPS =  8.75
08:28:45.555 [INFO] (trainer.py:175) Episode = 114, T_Steps = 20975, E_Steps = 172, R =  1.9315, succ =  0.6000, FPS =  8.94
08:29:02.545 [INFO] (trainer.py:175) Episode = 115, T_Steps = 21124, E_Steps = 149, R =  1.8611, succ =  0.6000, FPS =  8.77
08:29:20.850 [INFO] (trainer.py:175) Episode = 116, T_Steps = 21285, E_Steps = 161, R = -0.3583, succ =  0.6000, FPS =  8.80
08:29:39.133 [INFO] (trainer.py:175) Episode = 117, T_Steps = 21448, E_Steps = 163, R =  1.9172, succ =  0.6500, FPS =  8.92
08:29:57.964 [INFO] (trainer.py:175) Episode = 118, T_Steps = 21614, E_Steps = 166, R =  1.8873, succ =  0.6500, FPS =  8.82
08:30:11.789 [INFO] (trainer.py:175) Episode = 119, T_Steps = 21733, E_Steps = 119, R = -0.4271, succ =  0.6000, FPS =  8.61
08:30:31.547 [INFO] (trainer.py:175) Episode = 120, T_Steps = 21910, E_Steps = 177, R =  1.9365, succ =  0.6500, FPS =  8.96
08:30:52.998 [INFO] (trainer.py:175) Episode = 121, T_Steps = 22102, E_Steps = 192, R =  1.9909, succ =  0.7000, FPS =  8.95
08:31:11.396 [INFO] (trainer.py:175) Episode = 122, T_Steps = 22265, E_Steps = 163, R =  1.9063, succ =  0.7000, FPS =  8.86
08:31:31.631 [INFO] (trainer.py:175) Episode = 123, T_Steps = 22446, E_Steps = 181, R =  1.9042, succ =  0.7500, FPS =  8.95
08:31:51.866 [INFO] (trainer.py:175) Episode = 124, T_Steps = 22625, E_Steps = 179, R =  1.9463, succ =  0.7500, FPS =  8.85
08:32:07.171 [INFO] (trainer.py:175) Episode = 125, T_Steps = 22758, E_Steps = 133, R = -0.3065, succ =  0.7000, FPS =  8.69
08:32:26.724 [INFO] (trainer.py:175) Episode = 126, T_Steps = 22933, E_Steps = 175, R =  1.9044, succ =  0.7500, FPS =  8.95
08:32:46.418 [INFO] (trainer.py:175) Episode = 127, T_Steps = 23110, E_Steps = 177, R =  1.9242, succ =  0.8000, FPS =  8.99
08:33:04.425 [INFO] (trainer.py:175) Episode = 128, T_Steps = 23268, E_Steps = 158, R =  1.8681, succ =  0.8500, FPS =  8.78
08:33:21.565 [INFO] (trainer.py:175) Episode = 129, T_Steps = 23419, E_Steps = 151, R =  1.9176, succ =  0.8500, FPS =  8.81
08:33:41.249 [INFO] (trainer.py:175) Episode = 130, T_Steps = 23594, E_Steps = 175, R =  1.8969, succ =  0.8500, FPS =  8.89
08:33:58.611 [INFO] (trainer.py:175) Episode = 131, T_Steps = 23748, E_Steps = 154, R =  1.8895, succ =  0.8500, FPS =  8.87
08:34:19.393 [INFO] (trainer.py:175) Episode = 132, T_Steps = 23932, E_Steps = 184, R =  1.9749, succ =  0.8500, FPS =  8.85
08:34:38.066 [INFO] (trainer.py:175) Episode = 133, T_Steps = 24096, E_Steps = 164, R =  1.9008, succ =  0.8500, FPS =  8.78
08:34:56.097 [INFO] (trainer.py:175) Episode = 134, T_Steps = 24257, E_Steps = 161, R =  1.8777, succ =  0.8500, FPS =  8.93
08:35:12.758 [INFO] (trainer.py:175) Episode = 135, T_Steps = 24404, E_Steps = 147, R =  1.8619, succ =  0.8500, FPS =  8.82
08:35:32.991 [INFO] (trainer.py:175) Episode = 136, T_Steps = 24583, E_Steps = 179, R =  1.9497, succ =  0.9000, FPS =  8.85
08:35:46.251 [INFO] (trainer.py:175) Episode = 137, T_Steps = 24696, E_Steps = 113, R = -0.4664, succ =  0.8500, FPS =  8.52
08:36:03.366 [INFO] (trainer.py:175) Episode = 138, T_Steps = 24847, E_Steps = 151, R =  1.8441, succ =  0.8500, FPS =  8.82
08:36:20.966 [INFO] (trainer.py:175) Episode = 139, T_Steps = 25004, E_Steps = 157, R =  1.8299, succ =  0.9000, FPS =  8.92
08:36:35.578 [INFO] (trainer.py:175) Episode = 140, T_Steps = 25137, E_Steps = 133, R =  1.7675, succ =  0.9000, FPS =  9.10
08:36:52.059 [INFO] (trainer.py:175) Episode = 141, T_Steps = 25282, E_Steps = 145, R =  1.7984, succ =  0.9000, FPS =  8.80
08:37:09.118 [INFO] (trainer.py:175) Episode = 142, T_Steps = 25432, E_Steps = 150, R =  1.8309, succ =  0.9000, FPS =  8.79
08:37:25.947 [INFO] (trainer.py:175) Episode = 143, T_Steps = 25579, E_Steps = 147, R = -0.3238, succ =  0.8500, FPS =  8.74
08:37:44.525 [INFO] (trainer.py:175) Episode = 144, T_Steps = 25744, E_Steps = 165, R =  1.8804, succ =  0.8500, FPS =  8.88
08:38:01.729 [INFO] (trainer.py:175) Episode = 145, T_Steps = 25899, E_Steps = 155, R =  1.8347, succ =  0.9000, FPS =  9.01
08:38:18.954 [INFO] (trainer.py:175) Episode = 146, T_Steps = 26050, E_Steps = 151, R =  1.8808, succ =  0.9000, FPS =  8.77
08:38:35.692 [INFO] (trainer.py:175) Episode = 147, T_Steps = 26197, E_Steps = 147, R =  1.8344, succ =  0.9000, FPS =  8.78
08:38:54.648 [INFO] (trainer.py:175) Episode = 148, T_Steps = 26363, E_Steps = 166, R =  1.8907, succ =  0.9000, FPS =  8.76
08:39:01.244 [INFO] (trainer.py:175) Episode = 149, T_Steps = 26416, E_Steps = 53, R = -0.6385, succ =  0.8500, FPS =  8.04
08:39:19.495 [INFO] (trainer.py:175) Episode = 150, T_Steps = 26579, E_Steps = 163, R =  1.8850, succ =  0.8500, FPS =  8.93
08:39:34.893 [INFO] (trainer.py:175) Episode = 151, T_Steps = 26716, E_Steps = 137, R =  1.8522, succ =  0.8500, FPS =  8.90
08:39:51.490 [INFO] (trainer.py:175) Episode = 152, T_Steps = 26862, E_Steps = 146, R =  1.8057, succ =  0.8500, FPS =  8.80
08:40:10.433 [INFO] (trainer.py:175) Episode = 153, T_Steps = 27033, E_Steps = 171, R =  1.9419, succ =  0.8500, FPS =  9.03
08:40:27.238 [INFO] (trainer.py:175) Episode = 154, T_Steps = 27183, E_Steps = 150, R =  1.8731, succ =  0.8500, FPS =  8.93
08:40:45.899 [INFO] (trainer.py:175) Episode = 155, T_Steps = 27352, E_Steps = 169, R =  1.8537, succ =  0.8500, FPS =  9.06
08:41:02.701 [INFO] (trainer.py:175) Episode = 156, T_Steps = 27501, E_Steps = 149, R =  1.8463, succ =  0.8500, FPS =  8.87
08:41:19.522 [INFO] (trainer.py:175) Episode = 157, T_Steps = 27651, E_Steps = 150, R =  1.8750, succ =  0.9000, FPS =  8.92
08:41:25.335 [INFO] (trainer.py:175) Episode = 158, T_Steps = 27695, E_Steps = 44, R = -0.6929, succ =  0.8500, FPS =  7.57
08:41:41.643 [INFO] (trainer.py:175) Episode = 159, T_Steps = 27840, E_Steps = 145, R =  1.8565, succ =  0.8500, FPS =  8.89
08:41:59.327 [INFO] (trainer.py:175) Episode = 160, T_Steps = 27996, E_Steps = 156, R =  1.8417, succ =  0.8500, FPS =  8.82
08:42:19.032 [INFO] (trainer.py:175) Episode = 161, T_Steps = 28172, E_Steps = 176, R =  1.9184, succ =  0.8500, FPS =  8.93
08:42:36.216 [INFO] (trainer.py:175) Episode = 162, T_Steps = 28324, E_Steps = 152, R =  1.8049, succ =  0.8500, FPS =  8.85
08:42:53.077 [INFO] (trainer.py:175) Episode = 163, T_Steps = 28471, E_Steps = 147, R =  1.8799, succ =  0.9000, FPS =  8.72
08:43:14.050 [INFO] (trainer.py:175) Episode = 164, T_Steps = 28657, E_Steps = 186, R =  1.9303, succ =  0.9000, FPS =  8.87
08:43:30.270 [INFO] (trainer.py:175) Episode = 165, T_Steps = 28799, E_Steps = 142, R =  1.7989, succ =  0.9000, FPS =  8.76
08:43:48.350 [INFO] (trainer.py:175) Episode = 166, T_Steps = 28959, E_Steps = 160, R =  1.8157, succ =  0.9000, FPS =  8.85
08:44:06.364 [INFO] (trainer.py:175) Episode = 167, T_Steps = 29121, E_Steps = 162, R =  1.8329, succ =  0.9000, FPS =  8.99
08:44:15.494 [INFO] (trainer.py:175) Episode = 168, T_Steps = 29197, E_Steps = 76, R = -0.7264, succ =  0.8500, FPS =  8.32
08:44:34.179 [INFO] (trainer.py:175) Episode = 169, T_Steps = 29363, E_Steps = 166, R =  1.8496, succ =  0.9000, FPS =  8.89
08:44:52.932 [INFO] (trainer.py:175) Episode = 170, T_Steps = 29528, E_Steps = 165, R =  1.9004, succ =  0.9000, FPS =  8.80
08:45:15.454 [INFO] (trainer.py:175) Episode = 171, T_Steps = 29730, E_Steps = 202, R =  1.9554, succ =  0.9000, FPS =  8.97
08:45:34.364 [INFO] (trainer.py:175) Episode = 172, T_Steps = 29899, E_Steps = 169, R =  1.8794, succ =  0.9000, FPS =  8.94
08:45:50.066 [INFO] (trainer.py:175) Episode = 173, T_Steps = 30038, E_Steps = 139, R =  1.7945, succ =  0.9000, FPS =  8.85
08:46:05.960 [INFO] (trainer.py:175) Episode = 174, T_Steps = 30178, E_Steps = 140, R =  1.8300, succ =  0.9000, FPS =  8.81
08:46:23.701 [INFO] (trainer.py:175) Episode = 175, T_Steps = 30337, E_Steps = 159, R =  1.8243, succ =  0.9000, FPS =  8.96
08:46:41.347 [INFO] (trainer.py:175) Episode = 176, T_Steps = 30492, E_Steps = 155, R =  1.8630, succ =  0.9000, FPS =  8.78
08:46:57.367 [INFO] (trainer.py:175) Episode = 177, T_Steps = 30637, E_Steps = 145, R =  1.7937, succ =  0.9000, FPS =  9.05
08:47:16.162 [INFO] (trainer.py:175) Episode = 178, T_Steps = 30804, E_Steps = 167, R =  1.8920, succ =  0.9500, FPS =  8.89
08:47:33.738 [INFO] (trainer.py:175) Episode = 179, T_Steps = 30960, E_Steps = 156, R =  1.8711, succ =  0.9500, FPS =  8.88
08:47:53.908 [INFO] (trainer.py:175) Episode = 180, T_Steps = 31140, E_Steps = 180, R =  1.9268, succ =  0.9500, FPS =  8.92
08:48:10.069 [INFO] (trainer.py:175) Episode = 181, T_Steps = 31281, E_Steps = 141, R = -0.4043, succ =  0.9000, FPS =  8.73
08:48:26.713 [INFO] (trainer.py:175) Episode = 182, T_Steps = 31428, E_Steps = 147, R =  1.7903, succ =  0.9000, FPS =  8.83
08:48:43.862 [INFO] (trainer.py:175) Episode = 183, T_Steps = 31583, E_Steps = 155, R =  1.8181, succ =  0.9000, FPS =  9.04
08:49:02.691 [INFO] (trainer.py:175) Episode = 184, T_Steps = 31751, E_Steps = 168, R =  1.8609, succ =  0.9000, FPS =  8.92
08:49:19.878 [INFO] (trainer.py:175) Episode = 185, T_Steps = 31903, E_Steps = 152, R =  1.8439, succ =  0.9000, FPS =  8.84
08:49:40.540 [INFO] (trainer.py:175) Episode = 186, T_Steps = 32088, E_Steps = 185, R =  1.9646, succ =  0.9000, FPS =  8.95
08:49:53.548 [INFO] (trainer.py:175) Episode = 187, T_Steps = 32200, E_Steps = 112, R = -0.5079, succ =  0.8500, FPS =  8.61
08:50:12.214 [INFO] (trainer.py:175) Episode = 188, T_Steps = 32365, E_Steps = 165, R =  1.9354, succ =  0.9000, FPS =  8.84
08:50:31.134 [INFO] (trainer.py:175) Episode = 189, T_Steps = 32534, E_Steps = 169, R =  1.9280, succ =  0.9000, FPS =  8.93
08:50:38.247 [INFO] (trainer.py:175) Episode = 190, T_Steps = 32590, E_Steps = 56, R = -0.6789, succ =  0.8500, FPS =  7.87
08:50:57.126 [INFO] (trainer.py:175) Episode = 191, T_Steps = 32759, E_Steps = 169, R =  1.9063, succ =  0.8500, FPS =  8.95
08:51:15.334 [INFO] (trainer.py:175) Episode = 192, T_Steps = 32921, E_Steps = 162, R =  1.8850, succ =  0.8500, FPS =  8.90
08:51:35.475 [INFO] (trainer.py:175) Episode = 193, T_Steps = 33099, E_Steps = 178, R =  1.9549, succ =  0.8500, FPS =  8.84
08:51:52.535 [INFO] (trainer.py:175) Episode = 194, T_Steps = 33248, E_Steps = 149, R =  1.8661, succ =  0.8500, FPS =  8.73
08:52:10.484 [INFO] (trainer.py:175) Episode = 195, T_Steps = 33407, E_Steps = 159, R =  1.8405, succ =  0.8500, FPS =  8.86
08:52:29.071 [INFO] (trainer.py:175) Episode = 196, T_Steps = 33571, E_Steps = 164, R =  1.8823, succ =  0.8500, FPS =  8.82
08:52:47.278 [INFO] (trainer.py:175) Episode = 197, T_Steps = 33734, E_Steps = 163, R =  1.8644, succ =  0.8500, FPS =  8.95
08:53:06.566 [INFO] (trainer.py:175) Episode = 198, T_Steps = 33907, E_Steps = 173, R =  1.9024, succ =  0.8500, FPS =  8.97
08:53:23.104 [INFO] (trainer.py:175) Episode = 199, T_Steps = 34054, E_Steps = 147, R =  1.8308, succ =  0.8500, FPS =  8.89
08:53:41.646 [INFO] (trainer.py:175) Episode = 200, T_Steps = 34218, E_Steps = 164, R =  1.9121, succ =  0.8500, FPS =  8.85
08:53:58.773 [INFO] (trainer.py:175) Episode = 201, T_Steps = 34371, E_Steps = 153, R =  1.8600, succ =  0.9000, FPS =  8.93
08:54:17.343 [INFO] (trainer.py:175) Episode = 202, T_Steps = 34537, E_Steps = 166, R =  1.8975, succ =  0.9000, FPS =  8.94
08:54:26.758 [INFO] (trainer.py:175) Episode = 203, T_Steps = 34615, E_Steps = 78, R = -0.5580, succ =  0.8500, FPS =  8.29
08:54:33.873 [INFO] (trainer.py:175) Episode = 204, T_Steps = 34672, E_Steps = 57, R = -0.6481, succ =  0.8000, FPS =  8.01
08:54:52.436 [INFO] (trainer.py:175) Episode = 205, T_Steps = 34837, E_Steps = 165, R =  1.8796, succ =  0.8000, FPS =  8.89
08:55:10.642 [INFO] (trainer.py:175) Episode = 206, T_Steps = 34999, E_Steps = 162, R =  1.8844, succ =  0.8000, FPS =  8.90
08:55:26.978 [INFO] (trainer.py:175) Episode = 207, T_Steps = 35145, E_Steps = 146, R =  1.8150, succ =  0.8500, FPS =  8.94
08:55:43.976 [INFO] (trainer.py:175) Episode = 208, T_Steps = 35295, E_Steps = 150, R =  1.8394, succ =  0.8500, FPS =  8.83
08:55:59.857 [INFO] (trainer.py:175) Episode = 209, T_Steps = 35432, E_Steps = 137, R =  1.8569, succ =  0.8500, FPS =  8.63
08:56:19.785 [INFO] (trainer.py:175) Episode = 210, T_Steps = 35609, E_Steps = 177, R =  1.9583, succ =  0.9000, FPS =  8.88
08:56:35.342 [INFO] (trainer.py:175) Episode = 211, T_Steps = 35749, E_Steps = 140, R =  1.8093, succ =  0.9000, FPS =  9.00
08:56:53.640 [INFO] (trainer.py:175) Episode = 212, T_Steps = 35913, E_Steps = 164, R =  1.8872, succ =  0.9000, FPS =  8.96
08:57:09.753 [INFO] (trainer.py:175) Episode = 213, T_Steps = 36059, E_Steps = 146, R =  1.8116, succ =  0.9000, FPS =  9.06
08:57:16.015 [INFO] (trainer.py:175) Episode = 214, T_Steps = 36107, E_Steps = 48, R = -0.8233, succ =  0.8500, FPS =  7.67
08:57:32.258 [INFO] (trainer.py:175) Episode = 215, T_Steps = 36249, E_Steps = 142, R =  1.8385, succ =  0.8500, FPS =  8.74
08:57:48.365 [INFO] (trainer.py:175) Episode = 216, T_Steps = 36395, E_Steps = 146, R =  1.8308, succ =  0.8500, FPS =  9.07
08:57:59.536 [INFO] (trainer.py:175) Episode = 217, T_Steps = 36490, E_Steps = 95, R = -0.5341, succ =  0.8000, FPS =  8.50
08:58:16.082 [INFO] (trainer.py:175) Episode = 218, T_Steps = 36637, E_Steps = 147, R =  1.8620, succ =  0.8000, FPS =  8.88
08:58:32.748 [INFO] (trainer.py:175) Episode = 219, T_Steps = 36783, E_Steps = 146, R =  1.8498, succ =  0.8000, FPS =  8.76
08:58:50.212 [INFO] (trainer.py:175) Episode = 220, T_Steps = 36936, E_Steps = 153, R =  1.9031, succ =  0.8000, FPS =  8.76
08:59:07.281 [INFO] (trainer.py:175) Episode = 221, T_Steps = 37086, E_Steps = 150, R =  0.8211, succ =  0.8000, FPS =  8.79
08:59:23.321 [INFO] (trainer.py:175) Episode = 222, T_Steps = 37227, E_Steps = 141, R =  1.8310, succ =  0.8000, FPS =  8.79
08:59:41.214 [INFO] (trainer.py:175) Episode = 223, T_Steps = 37387, E_Steps = 160, R =  1.9108, succ =  0.8500, FPS =  8.94
09:00:00.084 [INFO] (trainer.py:175) Episode = 224, T_Steps = 37556, E_Steps = 169, R =  1.8938, succ =  0.9000, FPS =  8.96
09:00:15.964 [INFO] (trainer.py:175) Episode = 225, T_Steps = 37692, E_Steps = 136, R =  1.8432, succ =  0.9000, FPS =  8.57
09:00:25.853 [INFO] (trainer.py:175) Episode = 226, T_Steps = 37774, E_Steps = 82, R = -0.4835, succ =  0.8500, FPS =  8.29
09:00:43.728 [INFO] (trainer.py:175) Episode = 227, T_Steps = 37932, E_Steps = 158, R =  1.8867, succ =  0.8500, FPS =  8.84
09:00:59.967 [INFO] (trainer.py:175) Episode = 228, T_Steps = 38074, E_Steps = 142, R =  1.8182, succ =  0.8500, FPS =  8.75
09:01:17.927 [INFO] (trainer.py:175) Episode = 229, T_Steps = 38231, E_Steps = 157, R =  1.8824, succ =  0.8500, FPS =  8.74
09:01:33.354 [INFO] (trainer.py:175) Episode = 230, T_Steps = 38369, E_Steps = 138, R =  1.8238, succ =  0.8500, FPS =  8.95
09:01:49.257 [INFO] (trainer.py:175) Episode = 231, T_Steps = 38509, E_Steps = 140, R =  1.8227, succ =  0.8500, FPS =  8.80
09:02:06.309 [INFO] (trainer.py:175) Episode = 232, T_Steps = 38659, E_Steps = 150, R =  1.8718, succ =  0.8500, FPS =  8.80
09:02:24.479 [INFO] (trainer.py:175) Episode = 233, T_Steps = 38820, E_Steps = 161, R =  1.9114, succ =  0.8500, FPS =  8.86
09:02:41.749 [INFO] (trainer.py:175) Episode = 234, T_Steps = 38971, E_Steps = 151, R =  1.8658, succ =  0.9000, FPS =  8.74
09:02:58.435 [INFO] (trainer.py:175) Episode = 235, T_Steps = 39116, E_Steps = 145, R =  1.8564, succ =  0.9000, FPS =  8.69
09:03:04.521 [INFO] (trainer.py:175) Episode = 236, T_Steps = 39162, E_Steps = 46, R = -0.7046, succ =  0.8500, FPS =  7.56
09:03:12.693 [INFO] (trainer.py:175) Episode = 237, T_Steps = 39228, E_Steps = 66, R = -0.7497, succ =  0.8500, FPS =  8.08
09:03:28.238 [INFO] (trainer.py:175) Episode = 238, T_Steps = 39367, E_Steps = 139, R =  1.8162, succ =  0.8500, FPS =  8.94
09:03:43.559 [INFO] (trainer.py:175) Episode = 239, T_Steps = 39502, E_Steps = 135, R =  1.8275, succ =  0.8500, FPS =  8.81
09:04:01.330 [INFO] (trainer.py:175) Episode = 240, T_Steps = 39661, E_Steps = 159, R =  1.8282, succ =  0.8500, FPS =  8.95
09:04:18.440 [INFO] (trainer.py:175) Episode = 241, T_Steps = 39812, E_Steps = 151, R =  1.8104, succ =  0.8500, FPS =  8.83
09:04:34.610 [INFO] (trainer.py:175) Episode = 242, T_Steps = 39955, E_Steps = 143, R =  1.8338, succ =  0.8500, FPS =  8.84
09:04:52.362 [INFO] (trainer.py:175) Episode = 243, T_Steps = 40112, E_Steps = 157, R =  1.8342, succ =  0.8500, FPS =  8.84
09:05:10.054 [INFO] (trainer.py:175) Episode = 244, T_Steps = 40270, E_Steps = 158, R =  1.8485, succ =  0.8500, FPS =  8.93
09:05:26.443 [INFO] (trainer.py:175) Episode = 245, T_Steps = 40414, E_Steps = 144, R =  1.8274, succ =  0.8500, FPS =  8.79
09:05:41.861 [INFO] (trainer.py:175) Episode = 246, T_Steps = 40549, E_Steps = 135, R = -0.3111, succ =  0.8500, FPS =  8.76
09:05:58.462 [INFO] (trainer.py:175) Episode = 247, T_Steps = 40697, E_Steps = 148, R =  1.8390, succ =  0.8500, FPS =  8.92
09:06:14.518 [INFO] (trainer.py:175) Episode = 248, T_Steps = 40840, E_Steps = 143, R =  1.8565, succ =  0.8500, FPS =  8.91
09:06:30.364 [INFO] (trainer.py:175) Episode = 249, T_Steps = 40988, E_Steps = 148, R =  1.7911, succ =  0.8500, FPS =  9.34
09:06:46.149 [INFO] (trainer.py:175) Episode = 250, T_Steps = 41129, E_Steps = 141, R =  1.8255, succ =  0.8500, FPS =  8.93
09:07:02.200 [INFO] (trainer.py:175) Episode = 251, T_Steps = 41270, E_Steps = 141, R =  1.8240, succ =  0.8500, FPS =  8.78
09:07:04.750 [INFO] (trainer.py:175) Episode = 252, T_Steps = 41283, E_Steps = 13, R = -0.9080, succ =  0.8000, FPS =  5.10
09:07:21.150 [INFO] (trainer.py:175) Episode = 253, T_Steps = 41428, E_Steps = 145, R =  1.8927, succ =  0.8000, FPS =  8.84
09:07:37.160 [INFO] (trainer.py:175) Episode = 254, T_Steps = 41571, E_Steps = 143, R =  1.8383, succ =  0.8000, FPS =  8.93
09:07:52.597 [INFO] (trainer.py:175) Episode = 255, T_Steps = 41711, E_Steps = 140, R =  1.8021, succ =  0.8000, FPS =  9.07
09:08:10.991 [INFO] (trainer.py:175) Episode = 256, T_Steps = 41873, E_Steps = 162, R =  1.8436, succ =  0.8500, FPS =  8.81
09:08:25.315 [INFO] (trainer.py:175) Episode = 257, T_Steps = 42000, E_Steps = 127, R =  1.8332, succ =  0.9000, FPS =  8.87
09:08:43.148 [INFO] (trainer.py:175) Episode = 258, T_Steps = 42159, E_Steps = 159, R =  1.8674, succ =  0.9000, FPS =  8.92
09:08:59.309 [INFO] (trainer.py:175) Episode = 259, T_Steps = 42303, E_Steps = 144, R =  1.8084, succ =  0.9000, FPS =  8.91
09:09:16.463 [INFO] (trainer.py:175) Episode = 260, T_Steps = 42454, E_Steps = 151, R =  1.8163, succ =  0.9000, FPS =  8.80
09:09:31.523 [INFO] (trainer.py:175) Episode = 261, T_Steps = 42587, E_Steps = 133, R =  1.8022, succ =  0.9000, FPS =  8.83
09:09:46.346 [INFO] (trainer.py:175) Episode = 262, T_Steps = 42720, E_Steps = 133, R =  1.7730, succ =  0.9000, FPS =  8.97
09:10:01.933 [INFO] (trainer.py:175) Episode = 263, T_Steps = 42858, E_Steps = 138, R =  1.8085, succ =  0.9000, FPS =  8.85
09:10:18.766 [INFO] (trainer.py:175) Episode = 264, T_Steps = 43007, E_Steps = 149, R =  1.9060, succ =  0.9000, FPS =  8.85
09:10:34.277 [INFO] (trainer.py:175) Episode = 265, T_Steps = 43144, E_Steps = 137, R =  1.8159, succ =  0.9000, FPS =  8.83
09:10:49.249 [INFO] (trainer.py:175) Episode = 266, T_Steps = 43279, E_Steps = 135, R =  1.7957, succ =  0.9500, FPS =  9.02
09:11:05.718 [INFO] (trainer.py:175) Episode = 267, T_Steps = 43427, E_Steps = 148, R =  1.7954, succ =  0.9500, FPS =  8.99
09:11:20.936 [INFO] (trainer.py:175) Episode = 268, T_Steps = 43563, E_Steps = 136, R =  1.8054, succ =  0.9500, FPS =  8.94
09:11:36.901 [INFO] (trainer.py:175) Episode = 269, T_Steps = 43703, E_Steps = 140, R =  1.8411, succ =  0.9500, FPS =  8.77
09:11:52.716 [INFO] (trainer.py:175) Episode = 270, T_Steps = 43844, E_Steps = 141, R =  1.8034, succ =  0.9500, FPS =  8.92
09:11:59.934 [INFO] (trainer.py:175) Episode = 271, T_Steps = 43901, E_Steps = 57, R = -0.6202, succ =  0.9000, FPS =  7.90
09:12:15.974 [INFO] (trainer.py:175) Episode = 272, T_Steps = 44042, E_Steps = 141, R =  1.8200, succ =  0.9500, FPS =  8.79
09:12:32.700 [INFO] (trainer.py:175) Episode = 273, T_Steps = 44191, E_Steps = 149, R =  1.8309, succ =  0.9500, FPS =  8.91
09:12:48.755 [INFO] (trainer.py:175) Episode = 274, T_Steps = 44333, E_Steps = 142, R =  1.8751, succ =  0.9500, FPS =  8.85
09:12:59.750 [INFO] (trainer.py:175) Episode = 275, T_Steps = 44426, E_Steps = 93, R = -0.5389, succ =  0.9000, FPS =  8.46
09:13:15.340 [INFO] (trainer.py:175) Episode = 276, T_Steps = 44565, E_Steps = 139, R =  1.8157, succ =  0.9000, FPS =  8.92
09:13:32.080 [INFO] (trainer.py:175) Episode = 277, T_Steps = 44713, E_Steps = 148, R =  1.8139, succ =  0.9000, FPS =  8.84
09:13:48.287 [INFO] (trainer.py:175) Episode = 278, T_Steps = 44856, E_Steps = 143, R =  1.8514, succ =  0.9000, FPS =  8.82
09:14:04.735 [INFO] (trainer.py:175) Episode = 279, T_Steps = 45002, E_Steps = 146, R =  1.8479, succ =  0.9000, FPS =  8.88
09:14:20.013 [INFO] (trainer.py:175) Episode = 280, T_Steps = 45137, E_Steps = 135, R =  1.7897, succ =  0.9000, FPS =  8.84
09:14:37.033 [INFO] (trainer.py:175) Episode = 281, T_Steps = 45288, E_Steps = 151, R =  1.8572, succ =  0.9000, FPS =  8.87
09:14:54.113 [INFO] (trainer.py:175) Episode = 282, T_Steps = 45440, E_Steps = 152, R =  1.8733, succ =  0.9000, FPS =  8.90
09:15:10.535 [INFO] (trainer.py:175) Episode = 283, T_Steps = 45588, E_Steps = 148, R =  1.8210, succ =  0.9000, FPS =  9.01
09:15:27.386 [INFO] (trainer.py:175) Episode = 284, T_Steps = 45739, E_Steps = 151, R =  1.8084, succ =  0.9000, FPS =  8.96
09:15:44.335 [INFO] (trainer.py:175) Episode = 285, T_Steps = 45889, E_Steps = 150, R =  1.8519, succ =  0.9000, FPS =  8.85
09:16:00.798 [INFO] (trainer.py:175) Episode = 286, T_Steps = 46036, E_Steps = 147, R =  1.8582, succ =  0.9000, FPS =  8.93
09:16:16.443 [INFO] (trainer.py:175) Episode = 287, T_Steps = 46175, E_Steps = 139, R =  1.7972, succ =  0.9000, FPS =  8.89
09:16:33.721 [INFO] (trainer.py:175) Episode = 288, T_Steps = 46327, E_Steps = 152, R =  1.8618, succ =  0.9000, FPS =  8.80
09:16:49.689 [INFO] (trainer.py:175) Episode = 289, T_Steps = 46467, E_Steps = 140, R =  1.8296, succ =  0.9000, FPS =  8.77
09:17:06.634 [INFO] (trainer.py:175) Episode = 290, T_Steps = 46616, E_Steps = 149, R =  1.8648, succ =  0.9000, FPS =  8.79
09:17:22.665 [INFO] (trainer.py:175) Episode = 291, T_Steps = 46758, E_Steps = 142, R =  1.8299, succ =  0.9500, FPS =  8.86
09:17:39.218 [INFO] (trainer.py:175) Episode = 292, T_Steps = 46903, E_Steps = 145, R =  1.8701, succ =  0.9500, FPS =  8.76
09:17:55.938 [INFO] (trainer.py:175) Episode = 293, T_Steps = 47050, E_Steps = 147, R =  1.9034, succ =  0.9500, FPS =  8.79
09:18:13.183 [INFO] (trainer.py:175) Episode = 294, T_Steps = 47202, E_Steps = 152, R =  1.8828, succ =  0.9500, FPS =  8.81
09:18:29.785 [INFO] (trainer.py:175) Episode = 295, T_Steps = 47352, E_Steps = 150, R =  1.8657, succ =  1.0000, FPS =  9.04
09:18:46.483 [INFO] (trainer.py:175) Episode = 296, T_Steps = 47499, E_Steps = 147, R =  1.8666, succ =  1.0000, FPS =  8.80
09:19:03.229 [INFO] (trainer.py:175) Episode = 297, T_Steps = 47647, E_Steps = 148, R =  1.8674, succ =  1.0000, FPS =  8.84
09:19:22.498 [INFO] (trainer.py:175) Episode = 298, T_Steps = 47816, E_Steps = 169, R =  1.9650, succ =  1.0000, FPS =  8.77
09:19:40.429 [INFO] (trainer.py:175) Episode = 299, T_Steps = 47974, E_Steps = 158, R =  1.8993, succ =  1.0000, FPS =  8.81
09:19:57.993 [INFO] (trainer.py:175) Episode = 300, T_Steps = 48129, E_Steps = 155, R =  1.8693, succ =  1.0000, FPS =  8.83
09:20:15.230 [INFO] (trainer.py:175) Episode = 301, T_Steps = 48279, E_Steps = 150, R =  1.8944, succ =  1.0000, FPS =  8.70
09:20:30.754 [INFO] (trainer.py:175) Episode = 302, T_Steps = 48422, E_Steps = 143, R =  1.8267, succ =  1.0000, FPS =  9.21
09:20:45.501 [INFO] (trainer.py:175) Episode = 303, T_Steps = 48554, E_Steps = 132, R =  1.8043, succ =  1.0000, FPS =  8.95
09:21:01.739 [INFO] (trainer.py:175) Episode = 304, T_Steps = 48697, E_Steps = 143, R =  1.8310, succ =  1.0000, FPS =  8.81
09:21:18.121 [INFO] (trainer.py:175) Episode = 305, T_Steps = 48839, E_Steps = 142, R =  1.8697, succ =  1.0000, FPS =  8.67
09:21:33.555 [INFO] (trainer.py:175) Episode = 306, T_Steps = 48974, E_Steps = 135, R =  1.8220, succ =  1.0000, FPS =  8.75
09:21:41.874 [INFO] (trainer.py:175) Episode = 307, T_Steps = 49041, E_Steps = 67, R = -0.7341, succ =  0.9500, FPS =  8.06
09:21:57.739 [INFO] (trainer.py:175) Episode = 308, T_Steps = 49182, E_Steps = 141, R =  1.8240, succ =  0.9500, FPS =  8.89
09:22:13.571 [INFO] (trainer.py:175) Episode = 309, T_Steps = 49323, E_Steps = 141, R =  1.8212, succ =  0.9500, FPS =  8.91
09:22:29.827 [INFO] (trainer.py:175) Episode = 310, T_Steps = 49468, E_Steps = 145, R =  1.8567, succ =  0.9500, FPS =  8.92
09:22:46.399 [INFO] (trainer.py:175) Episode = 311, T_Steps = 49615, E_Steps = 147, R =  1.8718, succ =  0.9500, FPS =  8.87
09:23:03.088 [INFO] (trainer.py:175) Episode = 312, T_Steps = 49765, E_Steps = 150, R =  1.8415, succ =  0.9500, FPS =  8.99
09:23:22.571 [INFO] (trainer.py:175) Episode = 313, T_Steps = 49937, E_Steps = 172, R =  1.9732, succ =  0.9500, FPS =  8.83
09:23:37.030 [INFO] (trainer.py:175) Episode = 314, T_Steps = 50066, E_Steps = 129, R =  1.7899, succ =  0.9500, FPS =  8.92
09:23:52.584 [INFO] (trainer.py:175) Episode = 315, T_Steps = 50204, E_Steps = 138, R =  1.8231, succ =  0.9500, FPS =  8.87
09:24:08.738 [INFO] (trainer.py:175) Episode = 316, T_Steps = 50352, E_Steps = 148, R =  1.8511, succ =  0.9500, FPS =  9.16
09:24:25.200 [INFO] (trainer.py:175) Episode = 317, T_Steps = 50498, E_Steps = 146, R =  1.8511, succ =  0.9500, FPS =  8.87
09:24:41.285 [INFO] (trainer.py:175) Episode = 318, T_Steps = 50641, E_Steps = 143, R =  1.8396, succ =  0.9500, FPS =  8.89
09:24:58.263 [INFO] (trainer.py:175) Episode = 319, T_Steps = 50793, E_Steps = 152, R =  1.8710, succ =  0.9500, FPS =  8.95
09:25:13.120 [INFO] (trainer.py:175) Episode = 320, T_Steps = 50926, E_Steps = 133, R =  1.8122, succ =  0.9500, FPS =  8.95
09:25:30.857 [INFO] (trainer.py:175) Episode = 321, T_Steps = 51082, E_Steps = 156, R =  1.9067, succ =  0.9500, FPS =  8.80
09:25:49.525 [INFO] (trainer.py:175) Episode = 322, T_Steps = 51248, E_Steps = 166, R =  1.9532, succ =  0.9500, FPS =  8.89
09:26:22.209 [INFO] (trainer.py:175) Episode = 323, T_Steps = 51556, E_Steps = 308, R =  2.2189, succ =  0.9500, FPS =  9.42
09:26:29.015 [INFO] (trainer.py:175) Episode = 324, T_Steps = 51609, E_Steps = 53, R = -0.7911, succ =  0.9000, FPS =  7.79
09:26:46.637 [INFO] (trainer.py:175) Episode = 325, T_Steps = 51765, E_Steps = 156, R =  1.8662, succ =  0.9000, FPS =  8.85
09:27:05.098 [INFO] (trainer.py:175) Episode = 326, T_Steps = 51931, E_Steps = 166, R =  1.8627, succ =  0.9000, FPS =  8.99
09:27:22.704 [INFO] (trainer.py:175) Episode = 327, T_Steps = 52088, E_Steps = 157, R =  1.8331, succ =  0.9500, FPS =  8.92
09:27:38.771 [INFO] (trainer.py:175) Episode = 328, T_Steps = 52231, E_Steps = 143, R =  1.8537, succ =  0.9500, FPS =  8.90
09:27:56.138 [INFO] (trainer.py:175) Episode = 329, T_Steps = 52386, E_Steps = 155, R =  1.8735, succ =  0.9500, FPS =  8.93
09:28:08.430 [INFO] (trainer.py:175) Episode = 330, T_Steps = 52491, E_Steps = 105, R = -0.7053, succ =  0.9000, FPS =  8.54
09:28:23.676 [INFO] (trainer.py:175) Episode = 331, T_Steps = 52627, E_Steps = 136, R =  1.8403, succ =  0.9000, FPS =  8.92
09:28:39.522 [INFO] (trainer.py:175) Episode = 332, T_Steps = 52767, E_Steps = 140, R =  1.8341, succ =  0.9000, FPS =  8.84
09:28:55.295 [INFO] (trainer.py:175) Episode = 333, T_Steps = 52907, E_Steps = 140, R =  1.8191, succ =  0.9000, FPS =  8.88
09:29:12.376 [INFO] (trainer.py:175) Episode = 334, T_Steps = 53058, E_Steps = 151, R =  1.8601, succ =  0.9000, FPS =  8.84
09:29:30.071 [INFO] (trainer.py:175) Episode = 335, T_Steps = 53215, E_Steps = 157, R =  1.8641, succ =  0.9000, FPS =  8.87
09:29:46.756 [INFO] (trainer.py:175) Episode = 336, T_Steps = 53360, E_Steps = 145, R =  1.8907, succ =  0.9000, FPS =  8.69
09:30:02.525 [INFO] (trainer.py:175) Episode = 337, T_Steps = 53500, E_Steps = 140, R =  1.8403, succ =  0.9000, FPS =  8.88
09:30:18.990 [INFO] (trainer.py:175) Episode = 338, T_Steps = 53645, E_Steps = 145, R =  1.8737, succ =  0.9000, FPS =  8.81
09:30:35.058 [INFO] (trainer.py:175) Episode = 339, T_Steps = 53790, E_Steps = 145, R =  1.8332, succ =  0.9000, FPS =  9.02
09:30:50.760 [INFO] (trainer.py:175) Episode = 340, T_Steps = 53933, E_Steps = 143, R =  1.8446, succ =  0.9000, FPS =  9.11
09:31:05.075 [INFO] (trainer.py:175) Episode = 341, T_Steps = 54065, E_Steps = 132, R =  1.7877, succ =  0.9000, FPS =  9.22
09:31:22.273 [INFO] (trainer.py:175) Episode = 342, T_Steps = 54216, E_Steps = 151, R =  1.9000, succ =  0.9000, FPS =  8.78
09:31:38.299 [INFO] (trainer.py:175) Episode = 343, T_Steps = 54360, E_Steps = 144, R =  1.8161, succ =  0.9000, FPS =  8.99
09:31:54.022 [INFO] (trainer.py:175) Episode = 344, T_Steps = 54499, E_Steps = 139, R =  1.8381, succ =  0.9500, FPS =  8.84
09:32:09.180 [INFO] (trainer.py:175) Episode = 345, T_Steps = 54639, E_Steps = 140, R =  1.8322, succ =  0.9500, FPS =  9.24
09:32:19.873 [INFO] (trainer.py:175) Episode = 346, T_Steps = 54730, E_Steps = 91, R = -0.7277, succ =  0.9000, FPS =  8.51
09:32:34.228 [INFO] (trainer.py:175) Episode = 347, T_Steps = 54863, E_Steps = 133, R =  1.8131, succ =  0.9000, FPS =  9.27
09:32:48.898 [INFO] (trainer.py:175) Episode = 348, T_Steps = 54996, E_Steps = 133, R =  1.8076, succ =  0.9000, FPS =  9.07
09:33:03.854 [INFO] (trainer.py:175) Episode = 349, T_Steps = 55132, E_Steps = 136, R =  1.8239, succ =  0.9000, FPS =  9.09
09:33:18.642 [INFO] (trainer.py:175) Episode = 350, T_Steps = 55268, E_Steps = 136, R =  1.8351, succ =  0.9500, FPS =  9.20
09:33:34.324 [INFO] (trainer.py:175) Episode = 351, T_Steps = 55410, E_Steps = 142, R =  1.8590, succ =  0.9500, FPS =  9.06
09:33:51.189 [INFO] (trainer.py:175) Episode = 352, T_Steps = 55556, E_Steps = 146, R =  1.8687, succ =  0.9500, FPS =  8.66
09:34:05.714 [INFO] (trainer.py:175) Episode = 353, T_Steps = 55689, E_Steps = 133, R =  1.8082, succ =  0.9500, FPS =  9.16
09:34:10.702 [INFO] (trainer.py:175) Episode = 354, T_Steps = 55725, E_Steps = 36, R = -0.8507, succ =  0.9000, FPS =  7.22
09:34:24.904 [INFO] (trainer.py:175) Episode = 355, T_Steps = 55856, E_Steps = 131, R =  1.8005, succ =  0.9000, FPS =  9.22
09:34:39.457 [INFO] (trainer.py:175) Episode = 356, T_Steps = 55989, E_Steps = 133, R =  1.8070, succ =  0.9000, FPS =  9.14
09:34:56.755 [INFO] (trainer.py:175) Episode = 357, T_Steps = 56141, E_Steps = 152, R =  1.8943, succ =  0.9000, FPS =  8.79
09:35:19.463 [INFO] (trainer.py:175) Episode = 358, T_Steps = 56344, E_Steps = 203, R =  0.0437, succ =  0.8500, FPS =  8.94
09:35:34.803 [INFO] (trainer.py:175) Episode = 359, T_Steps = 56483, E_Steps = 139, R =  1.8411, succ =  0.8500, FPS =  9.06
09:35:49.779 [INFO] (trainer.py:175) Episode = 360, T_Steps = 56617, E_Steps = 134, R =  1.8415, succ =  0.8500, FPS =  8.95
09:36:04.692 [INFO] (trainer.py:175) Episode = 361, T_Steps = 56752, E_Steps = 135, R =  1.8182, succ =  0.8500, FPS =  9.05
09:36:21.874 [INFO] (trainer.py:175) Episode = 362, T_Steps = 56905, E_Steps = 153, R =  1.8913, succ =  0.8500, FPS =  8.91
09:36:36.740 [INFO] (trainer.py:175) Episode = 363, T_Steps = 57037, E_Steps = 132, R =  1.8135, succ =  0.8500, FPS =  8.88
09:36:50.544 [INFO] (trainer.py:175) Episode = 364, T_Steps = 57163, E_Steps = 126, R =  1.8008, succ =  0.8500, FPS =  9.13
09:37:05.978 [INFO] (trainer.py:175) Episode = 365, T_Steps = 57301, E_Steps = 138, R =  1.8297, succ =  0.8500, FPS =  8.94
09:37:22.115 [INFO] (trainer.py:175) Episode = 366, T_Steps = 57445, E_Steps = 144, R =  1.8384, succ =  0.9000, FPS =  8.92
09:37:37.106 [INFO] (trainer.py:175) Episode = 367, T_Steps = 57579, E_Steps = 134, R =  1.8313, succ =  0.9000, FPS =  8.94
09:37:52.677 [INFO] (trainer.py:175) Episode = 368, T_Steps = 57713, E_Steps = 134, R =  1.8271, succ =  0.9000, FPS =  8.61
09:38:07.555 [INFO] (trainer.py:175) Episode = 369, T_Steps = 57845, E_Steps = 132, R =  1.8448, succ =  0.9000, FPS =  8.87
09:38:20.085 [INFO] (trainer.py:175) Episode = 370, T_Steps = 57953, E_Steps = 108, R = -0.3809, succ =  0.8500, FPS =  8.62
09:38:35.130 [INFO] (trainer.py:175) Episode = 371, T_Steps = 58090, E_Steps = 137, R =  1.8134, succ =  0.8500, FPS =  9.11
09:38:40.051 [INFO] (trainer.py:175) Episode = 372, T_Steps = 58126, E_Steps = 36, R = -0.8535, succ =  0.8000, FPS =  7.32
09:38:54.023 [INFO] (trainer.py:175) Episode = 373, T_Steps = 58255, E_Steps = 129, R =  1.7913, succ =  0.8000, FPS =  9.23
09:38:59.901 [INFO] (trainer.py:175) Episode = 374, T_Steps = 58299, E_Steps = 44, R = -0.8039, succ =  0.8000, FPS =  7.49
09:39:14.458 [INFO] (trainer.py:175) Episode = 375, T_Steps = 58432, E_Steps = 133, R =  1.8116, succ =  0.8000, FPS =  9.14
09:39:29.316 [INFO] (trainer.py:175) Episode = 376, T_Steps = 58566, E_Steps = 134, R =  1.8455, succ =  0.8000, FPS =  9.02
09:39:46.335 [INFO] (trainer.py:175) Episode = 377, T_Steps = 58716, E_Steps = 150, R =  1.9101, succ =  0.8000, FPS =  8.81
09:39:59.624 [INFO] (trainer.py:175) Episode = 378, T_Steps = 58840, E_Steps = 124, R =  1.7869, succ =  0.8500, FPS =  9.33
09:40:13.949 [INFO] (trainer.py:175) Episode = 379, T_Steps = 58975, E_Steps = 135, R =  1.8264, succ =  0.8500, FPS =  9.43
09:40:29.616 [INFO] (trainer.py:175) Episode = 380, T_Steps = 59115, E_Steps = 140, R =  1.8323, succ =  0.8500, FPS =  8.94
09:40:44.903 [INFO] (trainer.py:175) Episode = 381, T_Steps = 59253, E_Steps = 138, R =  1.8369, succ =  0.8500, FPS =  9.03
09:41:00.308 [INFO] (trainer.py:175) Episode = 382, T_Steps = 59390, E_Steps = 137, R =  1.8244, succ =  0.8500, FPS =  8.89
09:41:17.245 [INFO] (trainer.py:175) Episode = 383, T_Steps = 59542, E_Steps = 152, R =  1.8375, succ =  0.8500, FPS =  8.98
09:41:34.468 [INFO] (trainer.py:175) Episode = 384, T_Steps = 59694, E_Steps = 152, R =  1.8844, succ =  0.8500, FPS =  8.83
09:41:50.712 [INFO] (trainer.py:175) Episode = 385, T_Steps = 59839, E_Steps = 145, R =  1.8667, succ =  0.8500, FPS =  8.93
09:42:06.731 [INFO] (trainer.py:175) Episode = 386, T_Steps = 59982, E_Steps = 143, R =  1.8279, succ =  0.8500, FPS =  8.93
09:42:23.645 [INFO] (trainer.py:175) Episode = 387, T_Steps = 60132, E_Steps = 150, R =  1.8796, succ =  0.8500, FPS =  8.87
09:42:39.650 [INFO] (trainer.py:175) Episode = 388, T_Steps = 60277, E_Steps = 145, R =  1.8518, succ =  0.8500, FPS =  9.06
09:42:56.536 [INFO] (trainer.py:175) Episode = 389, T_Steps = 60428, E_Steps = 151, R =  1.8645, succ =  0.8500, FPS =  8.94
09:43:14.490 [INFO] (trainer.py:175) Episode = 390, T_Steps = 60590, E_Steps = 162, R =  1.9318, succ =  0.9000, FPS =  9.02
09:43:32.629 [INFO] (trainer.py:175) Episode = 391, T_Steps = 60750, E_Steps = 160, R =  1.8903, succ =  0.9000, FPS =  8.82
09:43:48.903 [INFO] (trainer.py:175) Episode = 392, T_Steps = 60895, E_Steps = 145, R =  1.8328, succ =  0.9500, FPS =  8.91
09:44:06.981 [INFO] (trainer.py:175) Episode = 393, T_Steps = 61054, E_Steps = 159, R =  1.9052, succ =  0.9500, FPS =  8.80
09:44:21.662 [INFO] (trainer.py:175) Episode = 394, T_Steps = 61186, E_Steps = 132, R =  1.7900, succ =  1.0000, FPS =  8.99
09:44:38.332 [INFO] (trainer.py:175) Episode = 395, T_Steps = 61334, E_Steps = 148, R =  1.8726, succ =  1.0000, FPS =  8.88
09:44:54.345 [INFO] (trainer.py:175) Episode = 396, T_Steps = 61478, E_Steps = 144, R =  1.8348, succ =  1.0000, FPS =  8.99
09:45:11.099 [INFO] (trainer.py:175) Episode = 397, T_Steps = 61627, E_Steps = 149, R =  1.8557, succ =  1.0000, FPS =  8.89
09:45:31.427 [INFO] (trainer.py:175) Episode = 398, T_Steps = 61807, E_Steps = 180, R =  2.0182, succ =  1.0000, FPS =  8.86
09:45:47.708 [INFO] (trainer.py:175) Episode = 399, T_Steps = 61955, E_Steps = 148, R =  1.8445, succ =  1.0000, FPS =  9.09
09:46:07.054 [INFO] (trainer.py:175) Episode = 400, T_Steps = 62126, E_Steps = 171, R =  1.9449, succ =  1.0000, FPS =  8.84
09:46:25.257 [INFO] (trainer.py:175) Episode = 401, T_Steps = 62289, E_Steps = 163, R =  1.9096, succ =  1.0000, FPS =  8.96
09:46:42.823 [INFO] (trainer.py:175) Episode = 402, T_Steps = 62446, E_Steps = 157, R =  1.9044, succ =  1.0000, FPS =  8.94
09:46:59.892 [INFO] (trainer.py:175) Episode = 403, T_Steps = 62597, E_Steps = 151, R =  1.9072, succ =  1.0000, FPS =  8.85
09:47:17.587 [INFO] (trainer.py:175) Episode = 404, T_Steps = 62754, E_Steps = 157, R =  1.8872, succ =  1.0000, FPS =  8.87
09:47:55.155 [INFO] (trainer.py:175) Episode = 405, T_Steps = 63117, E_Steps = 363, R =  2.6891, succ =  1.0000, FPS =  9.66
09:48:11.489 [INFO] (trainer.py:175) Episode = 406, T_Steps = 63265, E_Steps = 148, R =  1.8780, succ =  1.0000, FPS =  9.06
09:48:27.519 [INFO] (trainer.py:175) Episode = 407, T_Steps = 63405, E_Steps = 140, R =  1.8510, succ =  1.0000, FPS =  8.73
09:48:44.232 [INFO] (trainer.py:175) Episode = 408, T_Steps = 63552, E_Steps = 147, R =  1.8825, succ =  1.0000, FPS =  8.80
09:49:01.063 [INFO] (trainer.py:175) Episode = 409, T_Steps = 63701, E_Steps = 149, R =  1.8751, succ =  1.0000, FPS =  8.85
09:49:17.099 [INFO] (trainer.py:175) Episode = 410, T_Steps = 63843, E_Steps = 142, R =  1.8556, succ =  1.0000, FPS =  8.86
09:49:33.325 [INFO] (trainer.py:175) Episode = 411, T_Steps = 63989, E_Steps = 146, R =  1.8782, succ =  1.0000, FPS =  9.00
09:49:50.037 [INFO] (trainer.py:175) Episode = 412, T_Steps = 64139, E_Steps = 150, R =  1.8591, succ =  1.0000, FPS =  8.98
09:49:57.543 [INFO] (trainer.py:175) Episode = 413, T_Steps = 64199, E_Steps = 60, R = -0.6975, succ =  0.9500, FPS =  8.00
09:50:13.514 [INFO] (trainer.py:175) Episode = 414, T_Steps = 64340, E_Steps = 141, R =  1.8537, succ =  0.9500, FPS =  8.83
09:50:35.262 [INFO] (trainer.py:175) Episode = 415, T_Steps = 64533, E_Steps = 193, R =  0.0657, succ =  0.9000, FPS =  8.87
09:50:53.329 [INFO] (trainer.py:175) Episode = 416, T_Steps = 64694, E_Steps = 161, R =  1.9213, succ =  0.9000, FPS =  8.91
09:51:09.172 [INFO] (trainer.py:175) Episode = 417, T_Steps = 64833, E_Steps = 139, R =  1.8524, succ =  0.9000, FPS =  8.77
09:51:25.063 [INFO] (trainer.py:175) Episode = 418, T_Steps = 64973, E_Steps = 140, R =  1.8440, succ =  0.9000, FPS =  8.81
09:51:36.725 [INFO] (trainer.py:175) Episode = 419, T_Steps = 65070, E_Steps = 97, R = -0.4685, succ =  0.8500, FPS =  8.32
09:51:54.434 [INFO] (trainer.py:175) Episode = 420, T_Steps = 65225, E_Steps = 155, R = -0.0754, succ =  0.8000, FPS =  8.75
09:52:12.728 [INFO] (trainer.py:175) Episode = 421, T_Steps = 65392, E_Steps = 167, R =  1.9316, succ =  0.8000, FPS =  9.13
09:52:27.709 [INFO] (trainer.py:175) Episode = 422, T_Steps = 65532, E_Steps = 140, R =  1.8408, succ =  0.8000, FPS =  9.35
09:52:42.850 [INFO] (trainer.py:175) Episode = 423, T_Steps = 65672, E_Steps = 140, R =  1.8433, succ =  0.8000, FPS =  9.25
09:52:58.256 [INFO] (trainer.py:175) Episode = 424, T_Steps = 65814, E_Steps = 142, R =  1.8536, succ =  0.8000, FPS =  9.22
09:53:12.493 [INFO] (trainer.py:175) Episode = 425, T_Steps = 65946, E_Steps = 132, R =  1.8088, succ =  0.8000, FPS =  9.27
09:53:27.762 [INFO] (trainer.py:175) Episode = 426, T_Steps = 66083, E_Steps = 137, R =  1.8417, succ =  0.8000, FPS =  8.97
09:53:42.908 [INFO] (trainer.py:175) Episode = 427, T_Steps = 66223, E_Steps = 140, R =  1.8245, succ =  0.8000, FPS =  9.24
09:54:00.739 [INFO] (trainer.py:175) Episode = 428, T_Steps = 66380, E_Steps = 157, R =  1.9272, succ =  0.8000, FPS =  8.81
09:54:16.120 [INFO] (trainer.py:175) Episode = 429, T_Steps = 66516, E_Steps = 136, R =  1.8360, succ =  0.8000, FPS =  8.84
09:54:37.658 [INFO] (trainer.py:175) Episode = 430, T_Steps = 66714, E_Steps = 198, R =  2.1651, succ =  0.8000, FPS =  9.19
09:54:55.477 [INFO] (trainer.py:175) Episode = 431, T_Steps = 66869, E_Steps = 155, R =  1.9233, succ =  0.8000, FPS =  8.70
09:55:10.549 [INFO] (trainer.py:175) Episode = 432, T_Steps = 67004, E_Steps = 135, R =  1.8142, succ =  0.8000, FPS =  8.96
09:55:26.536 [INFO] (trainer.py:175) Episode = 433, T_Steps = 67145, E_Steps = 141, R =  1.8518, succ =  0.8500, FPS =  8.82
09:55:41.800 [INFO] (trainer.py:175) Episode = 434, T_Steps = 67280, E_Steps = 135, R =  1.8146, succ =  0.8500, FPS =  8.84
09:55:57.767 [INFO] (trainer.py:175) Episode = 435, T_Steps = 67422, E_Steps = 142, R =  1.8238, succ =  0.9000, FPS =  8.89
09:56:14.042 [INFO] (trainer.py:175) Episode = 436, T_Steps = 67567, E_Steps = 145, R =  1.8520, succ =  0.9000, FPS =  8.91
09:56:30.156 [INFO] (trainer.py:175) Episode = 437, T_Steps = 67712, E_Steps = 145, R =  1.8447, succ =  0.9000, FPS =  9.00
09:56:45.771 [INFO] (trainer.py:175) Episode = 438, T_Steps = 67852, E_Steps = 140, R =  1.8419, succ =  0.9000, FPS =  8.97
09:57:09.153 [INFO] (trainer.py:175) Episode = 439, T_Steps = 68063, E_Steps = 211, R =  0.1527, succ =  0.9000, FPS =  9.02
09:57:23.400 [INFO] (trainer.py:175) Episode = 440, T_Steps = 68194, E_Steps = 131, R =  1.7958, succ =  0.9500, FPS =  9.20
09:57:40.477 [INFO] (trainer.py:175) Episode = 441, T_Steps = 68345, E_Steps = 151, R =  1.8885, succ =  0.9500, FPS =  8.84
09:58:04.585 [INFO] (trainer.py:175) Episode = 442, T_Steps = 68570, E_Steps = 225, R =  2.1549, succ =  0.9500, FPS =  9.33
09:58:19.787 [INFO] (trainer.py:175) Episode = 443, T_Steps = 68706, E_Steps = 136, R =  1.8160, succ =  0.9500, FPS =  8.95
09:58:35.537 [INFO] (trainer.py:175) Episode = 444, T_Steps = 68845, E_Steps = 139, R =  1.8350, succ =  0.9500, FPS =  8.83
09:58:52.492 [INFO] (trainer.py:175) Episode = 445, T_Steps = 68995, E_Steps = 150, R =  1.8931, succ =  0.9500, FPS =  8.85
09:59:07.942 [INFO] (trainer.py:175) Episode = 446, T_Steps = 69133, E_Steps = 138, R =  1.8538, succ =  0.9500, FPS =  8.93
09:59:22.347 [INFO] (trainer.py:175) Episode = 447, T_Steps = 69265, E_Steps = 132, R =  1.8132, succ =  0.9500, FPS =  9.16
09:59:37.437 [INFO] (trainer.py:175) Episode = 448, T_Steps = 69402, E_Steps = 137, R =  1.8456, succ =  0.9500, FPS =  9.08
09:59:53.455 [INFO] (trainer.py:175) Episode = 449, T_Steps = 69543, E_Steps = 141, R =  1.8434, succ =  0.9500, FPS =  8.80
10:00:07.593 [INFO] (trainer.py:175) Episode = 450, T_Steps = 69677, E_Steps = 134, R =  1.8254, succ =  0.9500, FPS =  9.48
10:00:23.369 [INFO] (trainer.py:175) Episode = 451, T_Steps = 69818, E_Steps = 141, R =  1.8314, succ =  0.9500, FPS =  8.94
10:00:40.053 [INFO] (trainer.py:175) Episode = 452, T_Steps = 69968, E_Steps = 150, R =  1.8855, succ =  0.9500, FPS =  8.99
10:00:53.705 [INFO] (trainer.py:175) Episode = 453, T_Steps = 70095, E_Steps = 127, R =  1.7821, succ =  0.9500, FPS =  9.30
10:01:09.444 [INFO] (trainer.py:175) Episode = 454, T_Steps = 70237, E_Steps = 142, R =  1.8514, succ =  0.9500, FPS =  9.02
10:01:24.150 [INFO] (trainer.py:175) Episode = 455, T_Steps = 70374, E_Steps = 137, R =  1.8069, succ =  0.9500, FPS =  9.32
10:01:38.388 [INFO] (trainer.py:175) Episode = 456, T_Steps = 70509, E_Steps = 135, R =  1.8004, succ =  0.9500, FPS =  9.48
10:01:53.254 [INFO] (trainer.py:175) Episode = 457, T_Steps = 70645, E_Steps = 136, R =  1.8109, succ =  0.9500, FPS =  9.15
10:02:08.909 [INFO] (trainer.py:175) Episode = 458, T_Steps = 70789, E_Steps = 144, R =  1.8336, succ =  0.9500, FPS =  9.20
10:02:24.401 [INFO] (trainer.py:175) Episode = 459, T_Steps = 70930, E_Steps = 141, R =  1.8430, succ =  1.0000, FPS =  9.10
10:02:39.711 [INFO] (trainer.py:175) Episode = 460, T_Steps = 71070, E_Steps = 140, R =  1.8059, succ =  1.0000, FPS =  9.14
10:02:52.805 [INFO] (trainer.py:175) Episode = 461, T_Steps = 71181, E_Steps = 111, R = -0.4214, succ =  0.9500, FPS =  8.48
10:03:04.332 [INFO] (trainer.py:175) Episode = 462, T_Steps = 71277, E_Steps = 96, R = -0.5051, succ =  0.9000, FPS =  8.33
10:03:20.035 [INFO] (trainer.py:175) Episode = 463, T_Steps = 71419, E_Steps = 142, R =  1.8427, succ =  0.9000, FPS =  9.04
10:03:31.965 [INFO] (trainer.py:175) Episode = 464, T_Steps = 71523, E_Steps = 104, R = -0.6241, succ =  0.8500, FPS =  8.72
10:03:47.927 [INFO] (trainer.py:175) Episode = 465, T_Steps = 71668, E_Steps = 145, R =  1.8572, succ =  0.8500, FPS =  9.08
10:04:02.062 [INFO] (trainer.py:175) Episode = 466, T_Steps = 71801, E_Steps = 133, R =  1.7865, succ =  0.8500, FPS =  9.41
10:04:18.670 [INFO] (trainer.py:175) Episode = 467, T_Steps = 71951, E_Steps = 150, R =  1.8656, succ =  0.8500, FPS =  9.03
10:04:34.501 [INFO] (trainer.py:175) Episode = 468, T_Steps = 72092, E_Steps = 141, R =  1.8518, succ =  0.8500, FPS =  8.91
10:04:52.210 [INFO] (trainer.py:175) Episode = 469, T_Steps = 72249, E_Steps = 157, R = -0.2106, succ =  0.8000, FPS =  8.87
10:05:06.730 [INFO] (trainer.py:175) Episode = 470, T_Steps = 72381, E_Steps = 132, R =  1.7828, succ =  0.8000, FPS =  9.09
10:05:22.451 [INFO] (trainer.py:175) Episode = 471, T_Steps = 72522, E_Steps = 141, R =  1.8137, succ =  0.8000, FPS =  8.97
10:05:37.125 [INFO] (trainer.py:175) Episode = 472, T_Steps = 72653, E_Steps = 131, R =  1.7912, succ =  0.8000, FPS =  8.93
10:05:48.811 [INFO] (trainer.py:175) Episode = 473, T_Steps = 72752, E_Steps = 99, R = -0.5285, succ =  0.7500, FPS =  8.47
10:06:03.947 [INFO] (trainer.py:175) Episode = 474, T_Steps = 72888, E_Steps = 136, R =  1.7963, succ =  0.7500, FPS =  8.99
10:06:18.990 [INFO] (trainer.py:175) Episode = 475, T_Steps = 73027, E_Steps = 139, R =  1.7983, succ =  0.7500, FPS =  9.24
10:06:33.995 [INFO] (trainer.py:175) Episode = 476, T_Steps = 73165, E_Steps = 138, R =  1.8342, succ =  0.7500, FPS =  9.20
10:06:49.584 [INFO] (trainer.py:175) Episode = 477, T_Steps = 73307, E_Steps = 142, R =  1.8293, succ =  0.7500, FPS =  9.11
10:07:05.043 [INFO] (trainer.py:175) Episode = 478, T_Steps = 73448, E_Steps = 141, R =  1.8064, succ =  0.7500, FPS =  9.12
10:07:17.671 [INFO] (trainer.py:175) Episode = 479, T_Steps = 73557, E_Steps = 109, R = -0.4321, succ =  0.7000, FPS =  8.63
10:07:33.527 [INFO] (trainer.py:175) Episode = 480, T_Steps = 73700, E_Steps = 143, R =  1.8198, succ =  0.7000, FPS =  9.02
10:07:48.947 [INFO] (trainer.py:175) Episode = 481, T_Steps = 73842, E_Steps = 142, R =  1.8080, succ =  0.7500, FPS =  9.21
10:08:05.763 [INFO] (trainer.py:175) Episode = 482, T_Steps = 73992, E_Steps = 150, R =  1.8769, succ =  0.8000, FPS =  8.92
10:08:21.520 [INFO] (trainer.py:175) Episode = 483, T_Steps = 74135, E_Steps = 143, R =  1.8108, succ =  0.8000, FPS =  9.08
10:08:37.777 [INFO] (trainer.py:175) Episode = 484, T_Steps = 74282, E_Steps = 147, R =  1.8380, succ =  0.8500, FPS =  9.04
10:08:53.711 [INFO] (trainer.py:175) Episode = 485, T_Steps = 74429, E_Steps = 147, R =  1.7803, succ =  0.8500, FPS =  9.23
10:09:10.287 [INFO] (trainer.py:175) Episode = 486, T_Steps = 74579, E_Steps = 150, R =  1.8331, succ =  0.8500, FPS =  9.05
10:09:25.850 [INFO] (trainer.py:175) Episode = 487, T_Steps = 74720, E_Steps = 141, R =  1.8011, succ =  0.8500, FPS =  9.06
10:09:44.513 [INFO] (trainer.py:175) Episode = 488, T_Steps = 74883, E_Steps = 163, R =  1.9074, succ =  0.8500, FPS =  8.73
10:10:01.318 [INFO] (trainer.py:175) Episode = 489, T_Steps = 75032, E_Steps = 149, R =  1.8605, succ =  0.9000, FPS =  8.87
10:10:19.030 [INFO] (trainer.py:175) Episode = 490, T_Steps = 75191, E_Steps = 159, R =  1.8490, succ =  0.9000, FPS =  8.98
10:10:35.303 [INFO] (trainer.py:175) Episode = 491, T_Steps = 75336, E_Steps = 145, R =  1.7835, succ =  0.9000, FPS =  8.91
10:10:50.219 [INFO] (trainer.py:175) Episode = 492, T_Steps = 75473, E_Steps = 137, R =  1.7915, succ =  0.9000, FPS =  9.19
10:11:07.294 [INFO] (trainer.py:175) Episode = 493, T_Steps = 75625, E_Steps = 152, R =  1.8628, succ =  0.9500, FPS =  8.90
10:11:15.883 [INFO] (trainer.py:175) Episode = 494, T_Steps = 75693, E_Steps = 68, R = -0.7158, succ =  0.9000, FPS =  7.92
10:11:33.211 [INFO] (trainer.py:175) Episode = 495, T_Steps = 75848, E_Steps = 155, R =  1.8614, succ =  0.9000, FPS =  8.95
10:11:52.749 [INFO] (trainer.py:175) Episode = 496, T_Steps = 76023, E_Steps = 175, R =  1.9196, succ =  0.9000, FPS =  8.96
10:12:09.035 [INFO] (trainer.py:175) Episode = 497, T_Steps = 76172, E_Steps = 149, R =  1.8319, succ =  0.9000, FPS =  9.15
10:12:27.147 [INFO] (trainer.py:175) Episode = 498, T_Steps = 76334, E_Steps = 162, R =  1.9150, succ =  0.9000, FPS =  8.94
10:12:44.104 [INFO] (trainer.py:175) Episode = 499, T_Steps = 76488, E_Steps = 154, R =  1.8576, succ =  0.9500, FPS =  9.08
10:13:01.562 [INFO] (trainer.py:175) Episode = 500, T_Steps = 76643, E_Steps = 155, R =  1.9037, succ =  0.9500, FPS =  8.88
10:13:18.632 [INFO] (trainer.py:175) Episode = 501, T_Steps = 76797, E_Steps = 154, R =  1.8270, succ =  0.9500, FPS =  9.02
10:13:33.589 [INFO] (trainer.py:175) Episode = 502, T_Steps = 76936, E_Steps = 139, R =  1.7925, succ =  0.9500, FPS =  9.29
10:13:51.478 [INFO] (trainer.py:175) Episode = 503, T_Steps = 77097, E_Steps = 161, R =  1.8825, succ =  0.9500, FPS =  9.00
10:14:08.380 [INFO] (trainer.py:175) Episode = 504, T_Steps = 77250, E_Steps = 153, R =  1.8114, succ =  0.9500, FPS =  9.05
10:14:25.135 [INFO] (trainer.py:175) Episode = 505, T_Steps = 77401, E_Steps = 151, R =  1.8614, succ =  0.9500, FPS =  9.01
10:14:40.944 [INFO] (trainer.py:175) Episode = 506, T_Steps = 77544, E_Steps = 143, R =  1.8329, succ =  0.9500, FPS =  9.05
10:14:58.826 [INFO] (trainer.py:175) Episode = 507, T_Steps = 77702, E_Steps = 158, R = -0.1019, succ =  0.9000, FPS =  8.84
10:15:14.718 [INFO] (trainer.py:175) Episode = 508, T_Steps = 77850, E_Steps = 148, R =  1.8417, succ =  0.9000, FPS =  9.31
10:15:30.295 [INFO] (trainer.py:175) Episode = 509, T_Steps = 77991, E_Steps = 141, R =  1.8243, succ =  0.9000, FPS =  9.05
10:15:44.551 [INFO] (trainer.py:175) Episode = 510, T_Steps = 78128, E_Steps = 137, R =  1.8079, succ =  0.9000, FPS =  9.61
10:15:59.939 [INFO] (trainer.py:175) Episode = 511, T_Steps = 78270, E_Steps = 142, R =  1.8218, succ =  0.9000, FPS =  9.23
10:16:15.720 [INFO] (trainer.py:175) Episode = 512, T_Steps = 78413, E_Steps = 143, R =  1.8323, succ =  0.9000, FPS =  9.06
10:16:31.114 [INFO] (trainer.py:175) Episode = 513, T_Steps = 78557, E_Steps = 144, R =  1.8280, succ =  0.9000, FPS =  9.35
10:16:48.015 [INFO] (trainer.py:175) Episode = 514, T_Steps = 78712, E_Steps = 155, R =  1.8871, succ =  0.9500, FPS =  9.17
10:17:02.985 [INFO] (trainer.py:175) Episode = 515, T_Steps = 78849, E_Steps = 137, R =  1.8102, succ =  0.9500, FPS =  9.15
10:17:19.458 [INFO] (trainer.py:175) Episode = 516, T_Steps = 78996, E_Steps = 147, R =  1.8459, succ =  0.9500, FPS =  8.92
10:17:34.651 [INFO] (trainer.py:175) Episode = 517, T_Steps = 79138, E_Steps = 142, R =  1.7948, succ =  0.9500, FPS =  9.35
10:17:50.081 [INFO] (trainer.py:175) Episode = 518, T_Steps = 79280, E_Steps = 142, R =  1.8459, succ =  0.9500, FPS =  9.20
10:18:05.408 [INFO] (trainer.py:175) Episode = 519, T_Steps = 79424, E_Steps = 144, R =  1.8499, succ =  0.9500, FPS =  9.40
10:18:20.512 [INFO] (trainer.py:175) Episode = 520, T_Steps = 79563, E_Steps = 139, R =  1.8203, succ =  0.9500, FPS =  9.20
10:18:37.671 [INFO] (trainer.py:175) Episode = 521, T_Steps = 79717, E_Steps = 154, R =  1.8799, succ =  0.9500, FPS =  8.98
10:18:55.873 [INFO] (trainer.py:175) Episode = 522, T_Steps = 79881, E_Steps = 164, R =  1.9279, succ =  0.9500, FPS =  9.01
10:19:11.033 [INFO] (trainer.py:175) Episode = 523, T_Steps = 80023, E_Steps = 142, R =  1.7955, succ =  0.9500, FPS =  9.37
10:19:26.535 [INFO] (trainer.py:175) Episode = 524, T_Steps = 80162, E_Steps = 139, R =  1.8210, succ =  0.9500, FPS =  8.97
10:19:32.267 [INFO] (trainer.py:175) Episode = 525, T_Steps = 80204, E_Steps = 42, R = -0.7154, succ =  0.9000, FPS =  7.33
10:19:47.576 [INFO] (trainer.py:175) Episode = 526, T_Steps = 80345, E_Steps = 141, R =  1.8282, succ =  0.9000, FPS =  9.21
10:20:05.885 [INFO] (trainer.py:175) Episode = 527, T_Steps = 80511, E_Steps = 166, R =  1.9236, succ =  0.9500, FPS =  9.07
10:20:23.221 [INFO] (trainer.py:175) Episode = 528, T_Steps = 80671, E_Steps = 160, R =  1.8364, succ =  0.9500, FPS =  9.23
10:20:38.309 [INFO] (trainer.py:175) Episode = 529, T_Steps = 80806, E_Steps = 135, R =  1.8182, succ =  0.9500, FPS =  8.95
10:20:53.604 [INFO] (trainer.py:175) Episode = 530, T_Steps = 80950, E_Steps = 144, R =  1.8455, succ =  0.9500, FPS =  9.42
10:21:09.468 [INFO] (trainer.py:175) Episode = 531, T_Steps = 81095, E_Steps = 145, R =  1.8340, succ =  0.9500, FPS =  9.14
10:21:25.107 [INFO] (trainer.py:175) Episode = 532, T_Steps = 81236, E_Steps = 141, R =  1.8386, succ =  0.9500, FPS =  9.02
10:21:40.700 [INFO] (trainer.py:175) Episode = 533, T_Steps = 81380, E_Steps = 144, R =  1.8310, succ =  0.9500, FPS =  9.24
10:21:57.252 [INFO] (trainer.py:175) Episode = 534, T_Steps = 81529, E_Steps = 149, R =  1.8003, succ =  0.9500, FPS =  9.00
10:22:15.536 [INFO] (trainer.py:175) Episode = 535, T_Steps = 81693, E_Steps = 164, R =  1.9078, succ =  0.9500, FPS =  8.97
10:22:31.123 [INFO] (trainer.py:175) Episode = 536, T_Steps = 81837, E_Steps = 144, R =  1.8176, succ =  0.9500, FPS =  9.24
10:23:08.031 [INFO] (trainer.py:175) Episode = 537, T_Steps = 82183, E_Steps = 346, R =  2.3714, succ =  0.9500, FPS =  9.38
10:23:26.092 [INFO] (trainer.py:175) Episode = 538, T_Steps = 82347, E_Steps = 164, R =  1.8759, succ =  0.9500, FPS =  9.08
10:23:41.712 [INFO] (trainer.py:175) Episode = 539, T_Steps = 82489, E_Steps = 142, R =  1.7829, succ =  0.9500, FPS =  9.09
10:23:57.787 [INFO] (trainer.py:175) Episode = 540, T_Steps = 82634, E_Steps = 145, R =  1.8520, succ =  0.9500, FPS =  9.02
10:24:14.422 [INFO] (trainer.py:175) Episode = 541, T_Steps = 82784, E_Steps = 150, R =  1.8462, succ =  0.9500, FPS =  9.02
10:24:29.780 [INFO] (trainer.py:175) Episode = 542, T_Steps = 82923, E_Steps = 139, R =  1.8153, succ =  0.9500, FPS =  9.05
10:24:47.031 [INFO] (trainer.py:175) Episode = 543, T_Steps = 83078, E_Steps = 155, R =  1.8623, succ =  0.9500, FPS =  8.99
10:25:02.982 [INFO] (trainer.py:175) Episode = 544, T_Steps = 83224, E_Steps = 146, R =  1.7906, succ =  0.9500, FPS =  9.15
10:25:21.170 [INFO] (trainer.py:175) Episode = 545, T_Steps = 83389, E_Steps = 165, R =  1.8939, succ =  1.0000, FPS =  9.07
10:25:38.890 [INFO] (trainer.py:175) Episode = 546, T_Steps = 83547, E_Steps = 158, R =  1.8906, succ =  1.0000, FPS =  8.92
10:25:56.595 [INFO] (trainer.py:175) Episode = 547, T_Steps = 83707, E_Steps = 160, R =  1.8818, succ =  1.0000, FPS =  9.04
10:26:15.445 [INFO] (trainer.py:175) Episode = 548, T_Steps = 83878, E_Steps = 171, R =  1.8953, succ =  1.0000, FPS =  9.07
10:26:31.704 [INFO] (trainer.py:175) Episode = 549, T_Steps = 84027, E_Steps = 149, R =  1.8395, succ =  1.0000, FPS =  9.16
10:26:48.996 [INFO] (trainer.py:175) Episode = 550, T_Steps = 84184, E_Steps = 157, R =  1.9022, succ =  1.0000, FPS =  9.08
10:27:05.563 [INFO] (trainer.py:175) Episode = 551, T_Steps = 84332, E_Steps = 148, R =  1.8794, succ =  1.0000, FPS =  8.93
10:27:21.892 [INFO] (trainer.py:175) Episode = 552, T_Steps = 84479, E_Steps = 147, R =  1.8308, succ =  1.0000, FPS =  9.00
10:27:39.263 [INFO] (trainer.py:175) Episode = 553, T_Steps = 84635, E_Steps = 156, R =  1.8879, succ =  1.0000, FPS =  8.98
10:27:56.859 [INFO] (trainer.py:175) Episode = 554, T_Steps = 84794, E_Steps = 159, R =  1.8913, succ =  1.0000, FPS =  9.04
10:28:13.414 [INFO] (trainer.py:175) Episode = 555, T_Steps = 84943, E_Steps = 149, R =  1.8583, succ =  1.0000, FPS =  9.00
10:28:29.430 [INFO] (trainer.py:175) Episode = 556, T_Steps = 85087, E_Steps = 144, R =  1.8224, succ =  1.0000, FPS =  8.99
10:28:38.188 [INFO] (trainer.py:175) Episode = 557, T_Steps = 85157, E_Steps = 70, R = -0.6699, succ =  0.9500, FPS =  7.99
10:28:55.217 [INFO] (trainer.py:175) Episode = 558, T_Steps = 85313, E_Steps = 156, R =  1.8943, succ =  0.9500, FPS =  9.16
10:29:14.210 [INFO] (trainer.py:175) Episode = 559, T_Steps = 85483, E_Steps = 170, R =  1.9359, succ =  0.9500, FPS =  8.95
10:29:31.447 [INFO] (trainer.py:175) Episode = 560, T_Steps = 85640, E_Steps = 157, R =  1.8579, succ =  0.9500, FPS =  9.11
10:29:48.991 [INFO] (trainer.py:175) Episode = 561, T_Steps = 85798, E_Steps = 158, R =  1.8816, succ =  0.9500, FPS =  9.01
10:30:05.271 [INFO] (trainer.py:175) Episode = 562, T_Steps = 85945, E_Steps = 147, R =  1.8365, succ =  0.9500, FPS =  9.03
10:30:22.019 [INFO] (trainer.py:175) Episode = 563, T_Steps = 86095, E_Steps = 150, R =  1.8409, succ =  0.9500, FPS =  8.96
10:30:39.270 [INFO] (trainer.py:175) Episode = 564, T_Steps = 86248, E_Steps = 153, R =  1.8637, succ =  0.9500, FPS =  8.87
10:30:48.370 [INFO] (trainer.py:175) Episode = 565, T_Steps = 86324, E_Steps = 76, R = -0.7273, succ =  0.9000, FPS =  8.35
10:31:06.980 [INFO] (trainer.py:175) Episode = 566, T_Steps = 86490, E_Steps = 166, R =  1.8411, succ =  0.9000, FPS =  8.92
10:31:24.764 [INFO] (trainer.py:175) Episode = 567, T_Steps = 86648, E_Steps = 158, R =  1.9195, succ =  0.9000, FPS =  8.89
10:31:42.779 [INFO] (trainer.py:175) Episode = 568, T_Steps = 86808, E_Steps = 160, R =  1.8574, succ =  0.9000, FPS =  8.88
10:31:51.085 [INFO] (trainer.py:175) Episode = 569, T_Steps = 86875, E_Steps = 67, R = -0.7613, succ =  0.8500, FPS =  8.07
10:32:06.693 [INFO] (trainer.py:175) Episode = 570, T_Steps = 87014, E_Steps = 139, R =  1.7991, succ =  0.8500, FPS =  8.91
10:32:25.325 [INFO] (trainer.py:175) Episode = 571, T_Steps = 87181, E_Steps = 167, R =  1.9546, succ =  0.8500, FPS =  8.96
10:32:31.011 [INFO] (trainer.py:175) Episode = 572, T_Steps = 87223, E_Steps = 42, R = -0.8275, succ =  0.8000, FPS =  7.39
10:32:47.109 [INFO] (trainer.py:175) Episode = 573, T_Steps = 87366, E_Steps = 143, R =  1.7882, succ =  0.8000, FPS =  8.88
10:33:04.493 [INFO] (trainer.py:175) Episode = 574, T_Steps = 87520, E_Steps = 154, R =  1.8557, succ =  0.8000, FPS =  8.86
10:33:20.192 [INFO] (trainer.py:175) Episode = 575, T_Steps = 87660, E_Steps = 140, R =  1.8094, succ =  0.8000, FPS =  8.92
10:33:36.379 [INFO] (trainer.py:175) Episode = 576, T_Steps = 87803, E_Steps = 143, R =  1.8352, succ =  0.8000, FPS =  8.83
10:33:53.172 [INFO] (trainer.py:175) Episode = 577, T_Steps = 87953, E_Steps = 150, R =  1.8655, succ =  0.8500, FPS =  8.93
10:34:02.441 [INFO] (trainer.py:175) Episode = 578, T_Steps = 88030, E_Steps = 77, R = -0.5834, succ =  0.8000, FPS =  8.31
10:34:18.973 [INFO] (trainer.py:175) Episode = 579, T_Steps = 88179, E_Steps = 149, R =  1.8613, succ =  0.8000, FPS =  9.01
10:34:36.487 [INFO] (trainer.py:175) Episode = 580, T_Steps = 88337, E_Steps = 158, R =  1.8784, succ =  0.8000, FPS =  9.02
10:34:54.219 [INFO] (trainer.py:175) Episode = 581, T_Steps = 88494, E_Steps = 157, R =  1.8489, succ =  0.8000, FPS =  8.85
10:35:12.003 [INFO] (trainer.py:175) Episode = 582, T_Steps = 88653, E_Steps = 159, R =  1.9010, succ =  0.8000, FPS =  8.94
10:35:28.354 [INFO] (trainer.py:175) Episode = 583, T_Steps = 88801, E_Steps = 148, R =  1.8773, succ =  0.8000, FPS =  9.05
10:35:58.457 [INFO] (trainer.py:175) Episode = 584, T_Steps = 89079, E_Steps = 278, R =  2.1737, succ =  0.8000, FPS =  9.24
10:36:14.662 [INFO] (trainer.py:175) Episode = 585, T_Steps = 89223, E_Steps = 144, R =  1.8166, succ =  0.8500, FPS =  8.89
10:36:30.806 [INFO] (trainer.py:175) Episode = 586, T_Steps = 89367, E_Steps = 144, R =  1.8276, succ =  0.8500, FPS =  8.92
10:36:47.685 [INFO] (trainer.py:175) Episode = 587, T_Steps = 89520, E_Steps = 153, R =  1.8890, succ =  0.8500, FPS =  9.07
10:37:05.535 [INFO] (trainer.py:175) Episode = 588, T_Steps = 89679, E_Steps = 159, R =  1.9134, succ =  0.8500, FPS =  8.91
10:37:12.945 [INFO] (trainer.py:175) Episode = 589, T_Steps = 89738, E_Steps = 59, R = -0.7742, succ =  0.8500, FPS =  7.96
10:37:29.629 [INFO] (trainer.py:175) Episode = 590, T_Steps = 89889, E_Steps = 151, R =  1.8845, succ =  0.8500, FPS =  9.05
10:37:35.779 [INFO] (trainer.py:175) Episode = 591, T_Steps = 89936, E_Steps = 47, R = -0.8088, succ =  0.8000, FPS =  7.64
10:38:08.652 [INFO] (trainer.py:175) Episode = 592, T_Steps = 90240, E_Steps = 304, R =  2.2768, succ =  0.8500, FPS =  9.25
10:38:23.926 [INFO] (trainer.py:175) Episode = 593, T_Steps = 90378, E_Steps = 138, R =  1.8386, succ =  0.8500, FPS =  9.04
10:38:38.763 [INFO] (trainer.py:175) Episode = 594, T_Steps = 90513, E_Steps = 135, R =  1.8354, succ =  0.8500, FPS =  9.10
10:38:54.864 [INFO] (trainer.py:175) Episode = 595, T_Steps = 90657, E_Steps = 144, R =  1.8883, succ =  0.8500, FPS =  8.94
10:39:11.259 [INFO] (trainer.py:175) Episode = 596, T_Steps = 90803, E_Steps = 146, R =  1.8774, succ =  0.8500, FPS =  8.91
10:39:25.951 [INFO] (trainer.py:175) Episode = 597, T_Steps = 90936, E_Steps = 133, R =  1.8232, succ =  0.8500, FPS =  9.05
10:39:40.297 [INFO] (trainer.py:175) Episode = 598, T_Steps = 91068, E_Steps = 132, R =  1.8059, succ =  0.9000, FPS =  9.20
10:39:58.071 [INFO] (trainer.py:175) Episode = 599, T_Steps = 91226, E_Steps = 158, R =  1.9321, succ =  0.9000, FPS =  8.89
10:40:13.572 [INFO] (trainer.py:175) Episode = 600, T_Steps = 91367, E_Steps = 141, R =  1.8563, succ =  0.9000, FPS =  9.10
10:40:29.534 [INFO] (trainer.py:175) Episode = 601, T_Steps = 91511, E_Steps = 144, R =  1.8628, succ =  0.9000, FPS =  9.02
10:40:43.868 [INFO] (trainer.py:175) Episode = 602, T_Steps = 91643, E_Steps = 132, R =  1.8071, succ =  0.9000, FPS =  9.21
10:40:59.854 [INFO] (trainer.py:175) Episode = 603, T_Steps = 91785, E_Steps = 142, R =  1.8691, succ =  0.9000, FPS =  8.88
10:41:15.982 [INFO] (trainer.py:175) Episode = 604, T_Steps = 91930, E_Steps = 145, R =  1.8689, succ =  0.9000, FPS =  8.99
10:41:32.063 [INFO] (trainer.py:175) Episode = 605, T_Steps = 92076, E_Steps = 146, R =  1.8197, succ =  0.9000, FPS =  9.08
10:41:49.834 [INFO] (trainer.py:175) Episode = 606, T_Steps = 92235, E_Steps = 159, R =  1.9309, succ =  0.9000, FPS =  8.95
10:42:06.012 [INFO] (trainer.py:175) Episode = 607, T_Steps = 92384, E_Steps = 149, R =  1.8867, succ =  0.9000, FPS =  9.21
10:42:22.417 [INFO] (trainer.py:175) Episode = 608, T_Steps = 92535, E_Steps = 151, R =  1.8835, succ =  0.9000, FPS =  9.21
10:42:36.272 [INFO] (trainer.py:175) Episode = 609, T_Steps = 92667, E_Steps = 132, R =  1.8235, succ =  0.9500, FPS =  9.53
10:42:57.172 [INFO] (trainer.py:175) Episode = 610, T_Steps = 92853, E_Steps = 186, R =  0.0580, succ =  0.9000, FPS =  8.90
10:43:11.132 [INFO] (trainer.py:175) Episode = 611, T_Steps = 92984, E_Steps = 131, R =  1.8079, succ =  0.9500, FPS =  9.39
10:43:25.724 [INFO] (trainer.py:175) Episode = 612, T_Steps = 93123, E_Steps = 139, R =  1.8380, succ =  0.9500, FPS =  9.53
10:43:42.121 [INFO] (trainer.py:175) Episode = 613, T_Steps = 93271, E_Steps = 148, R =  1.8601, succ =  0.9500, FPS =  9.03
10:43:55.981 [INFO] (trainer.py:175) Episode = 614, T_Steps = 93402, E_Steps = 131, R =  1.8162, succ =  0.9500, FPS =  9.45
10:44:14.377 [INFO] (trainer.py:175) Episode = 615, T_Steps = 93566, E_Steps = 164, R =  1.9545, succ =  0.9500, FPS =  8.92
10:44:29.459 [INFO] (trainer.py:175) Episode = 616, T_Steps = 93708, E_Steps = 142, R =  1.8172, succ =  0.9500, FPS =  9.42
10:44:46.948 [INFO] (trainer.py:175) Episode = 617, T_Steps = 93865, E_Steps = 157, R =  1.9139, succ =  0.9500, FPS =  8.98
10:45:03.571 [INFO] (trainer.py:175) Episode = 618, T_Steps = 94016, E_Steps = 151, R =  1.8577, succ =  0.9500, FPS =  9.08
10:45:18.770 [INFO] (trainer.py:175) Episode = 619, T_Steps = 94155, E_Steps = 139, R =  1.8371, succ =  0.9500, FPS =  9.15
10:45:34.239 [INFO] (trainer.py:175) Episode = 620, T_Steps = 94297, E_Steps = 142, R =  1.8609, succ =  0.9500, FPS =  9.18
10:45:49.871 [INFO] (trainer.py:175) Episode = 621, T_Steps = 94443, E_Steps = 146, R =  1.8418, succ =  0.9500, FPS =  9.34
10:46:06.428 [INFO] (trainer.py:175) Episode = 622, T_Steps = 94598, E_Steps = 155, R =  1.8643, succ =  0.9500, FPS =  9.36
10:46:21.248 [INFO] (trainer.py:175) Episode = 623, T_Steps = 94738, E_Steps = 140, R =  1.8248, succ =  0.9500, FPS =  9.45
10:46:36.219 [INFO] (trainer.py:175) Episode = 624, T_Steps = 94876, E_Steps = 138, R =  1.8277, succ =  0.9500, FPS =  9.22
10:46:49.874 [INFO] (trainer.py:175) Episode = 625, T_Steps = 95005, E_Steps = 129, R =  1.7780, succ =  0.9500, FPS =  9.45
10:47:04.183 [INFO] (trainer.py:175) Episode = 626, T_Steps = 95141, E_Steps = 136, R =  1.8103, succ =  0.9500, FPS =  9.50
10:47:20.355 [INFO] (trainer.py:175) Episode = 627, T_Steps = 95294, E_Steps = 153, R =  1.8699, succ =  0.9500, FPS =  9.46
10:47:35.210 [INFO] (trainer.py:175) Episode = 628, T_Steps = 95433, E_Steps = 139, R =  1.8015, succ =  0.9500, FPS =  9.36
10:47:59.786 [INFO] (trainer.py:175) Episode = 629, T_Steps = 95665, E_Steps = 232, R = -0.1373, succ =  0.9000, FPS =  9.44
10:48:14.980 [INFO] (trainer.py:175) Episode = 630, T_Steps = 95804, E_Steps = 139, R =  1.8257, succ =  0.9500, FPS =  9.15
10:48:22.144 [INFO] (trainer.py:175) Episode = 631, T_Steps = 95861, E_Steps = 57, R = -0.6686, succ =  0.9000, FPS =  7.96
10:48:38.123 [INFO] (trainer.py:175) Episode = 632, T_Steps = 96006, E_Steps = 145, R =  1.8285, succ =  0.9000, FPS =  9.08
10:48:53.482 [INFO] (trainer.py:175) Episode = 633, T_Steps = 96150, E_Steps = 144, R =  1.8182, succ =  0.9000, FPS =  9.38
10:49:08.740 [INFO] (trainer.py:175) Episode = 634, T_Steps = 96290, E_Steps = 140, R =  1.8183, succ =  0.9000, FPS =  9.18
10:49:25.305 [INFO] (trainer.py:175) Episode = 635, T_Steps = 96440, E_Steps = 150, R =  1.8302, succ =  0.9000, FPS =  9.06
10:49:41.181 [INFO] (trainer.py:175) Episode = 636, T_Steps = 96584, E_Steps = 144, R =  1.7961, succ =  0.9000, FPS =  9.07
10:49:55.790 [INFO] (trainer.py:175) Episode = 637, T_Steps = 96722, E_Steps = 138, R =  1.8072, succ =  0.9000, FPS =  9.45
10:50:10.291 [INFO] (trainer.py:175) Episode = 638, T_Steps = 96856, E_Steps = 134, R =  1.8093, succ =  0.9000, FPS =  9.24
10:50:25.807 [INFO] (trainer.py:175) Episode = 639, T_Steps = 96997, E_Steps = 141, R =  1.8345, succ =  0.9000, FPS =  9.09
10:50:40.153 [INFO] (trainer.py:175) Episode = 640, T_Steps = 97134, E_Steps = 137, R =  1.7890, succ =  0.9000, FPS =  9.55
10:50:56.873 [INFO] (trainer.py:175) Episode = 641, T_Steps = 97286, E_Steps = 152, R =  1.8607, succ =  0.9000, FPS =  9.09
10:51:13.178 [INFO] (trainer.py:175) Episode = 642, T_Steps = 97432, E_Steps = 146, R =  1.8260, succ =  0.9000, FPS =  8.96
10:51:27.817 [INFO] (trainer.py:175) Episode = 643, T_Steps = 97569, E_Steps = 137, R =  1.7961, succ =  0.9000, FPS =  9.36
10:51:39.521 [INFO] (trainer.py:175) Episode = 644, T_Steps = 97668, E_Steps = 99, R = -0.5231, succ =  0.8500, FPS =  8.46
10:51:46.563 [INFO] (trainer.py:175) Episode = 645, T_Steps = 97723, E_Steps = 55, R = -0.7782, succ =  0.8000, FPS =  7.81
10:52:02.486 [INFO] (trainer.py:175) Episode = 646, T_Steps = 97868, E_Steps = 145, R =  1.8212, succ =  0.8000, FPS =  9.11
10:52:21.220 [INFO] (trainer.py:175) Episode = 647, T_Steps = 98035, E_Steps = 167, R =  1.9654, succ =  0.8000, FPS =  8.92
10:52:37.724 [INFO] (trainer.py:175) Episode = 648, T_Steps = 98183, E_Steps = 148, R =  1.8637, succ =  0.8000, FPS =  8.97
10:52:53.421 [INFO] (trainer.py:175) Episode = 649, T_Steps = 98327, E_Steps = 144, R =  1.8259, succ =  0.8500, FPS =  9.17
10:53:07.989 [INFO] (trainer.py:175) Episode = 650, T_Steps = 98462, E_Steps = 135, R =  1.8027, succ =  0.8500, FPS =  9.27
10:53:24.275 [INFO] (trainer.py:175) Episode = 651, T_Steps = 98607, E_Steps = 145, R =  1.8394, succ =  0.9000, FPS =  8.90
10:53:40.858 [INFO] (trainer.py:175) Episode = 652, T_Steps = 98757, E_Steps = 150, R =  1.8493, succ =  0.9000, FPS =  9.05
10:53:59.041 [INFO] (trainer.py:175) Episode = 653, T_Steps = 98918, E_Steps = 161, R =  1.8998, succ =  0.9000, FPS =  8.86
10:54:14.401 [INFO] (trainer.py:175) Episode = 654, T_Steps = 99062, E_Steps = 144, R =  1.8292, succ =  0.9000, FPS =  9.38
10:54:28.662 [INFO] (trainer.py:175) Episode = 655, T_Steps = 99196, E_Steps = 134, R =  1.7979, succ =  0.9000, FPS =  9.40
10:54:44.939 [INFO] (trainer.py:175) Episode = 656, T_Steps = 99346, E_Steps = 150, R =  1.8076, succ =  0.9000, FPS =  9.22
10:54:58.979 [INFO] (trainer.py:175) Episode = 657, T_Steps = 99475, E_Steps = 129, R =  1.7828, succ =  0.9000, FPS =  9.19
10:55:13.650 [INFO] (trainer.py:175) Episode = 658, T_Steps = 99614, E_Steps = 139, R =  1.8288, succ =  0.9000, FPS =  9.47
10:55:30.097 [INFO] (trainer.py:175) Episode = 659, T_Steps = 99767, E_Steps = 153, R =  1.8488, succ =  0.9000, FPS =  9.30
10:55:45.084 [INFO] (trainer.py:175) Episode = 660, T_Steps = 99905, E_Steps = 138, R =  1.8247, succ =  0.9000, FPS =  9.21
