12:39:05.283 [INFO] (trainer.py:175) Episode = 1, T_Steps = 183, E_Steps = 183, R = -0.1123, succ =  0.0000, FPS = 21.06
12:39:06.923 [INFO] (trainer.py:175) Episode = 2, T_Steps = 254, E_Steps = 71, R = -0.6012, succ =  0.0000, FPS = 43.33
12:39:10.658 [INFO] (trainer.py:175) Episode = 3, T_Steps = 419, E_Steps = 165, R = -0.1053, succ =  0.0000, FPS = 44.20
12:39:14.787 [INFO] (trainer.py:175) Episode = 4, T_Steps = 596, E_Steps = 177, R = -0.1477, succ =  0.0000, FPS = 42.88
12:39:18.826 [INFO] (trainer.py:175) Episode = 5, T_Steps = 766, E_Steps = 170, R = -0.1173, succ =  0.0000, FPS = 42.10
12:39:22.894 [INFO] (trainer.py:175) Episode = 6, T_Steps = 930, E_Steps = 164, R = -0.1164, succ =  0.0000, FPS = 40.33
12:39:26.747 [INFO] (trainer.py:175) Episode = 7, T_Steps = 1098, E_Steps = 168, R = -0.0770, succ =  0.0000, FPS = 43.62
12:39:31.159 [INFO] (trainer.py:175) Episode = 8, T_Steps = 1278, E_Steps = 180, R = -0.0891, succ =  0.0000, FPS = 40.81
12:39:34.964 [INFO] (trainer.py:175) Episode = 9, T_Steps = 1456, E_Steps = 178, R = -0.1670, succ =  0.0000, FPS = 46.80
12:39:40.047 [INFO] (trainer.py:175) Episode = 10, T_Steps = 1667, E_Steps = 211, R = -0.1678, succ =  0.0000, FPS = 41.52
12:39:44.749 [INFO] (trainer.py:175) Episode = 11, T_Steps = 1868, E_Steps = 201, R = -0.2651, succ =  0.0000, FPS = 42.77
12:39:49.554 [INFO] (trainer.py:175) Episode = 12, T_Steps = 2066, E_Steps = 198, R = -0.1927, succ =  0.0000, FPS = 41.21
12:39:53.634 [INFO] (trainer.py:175) Episode = 13, T_Steps = 2242, E_Steps = 176, R = -0.1236, succ =  0.0000, FPS = 43.15
12:39:57.446 [INFO] (trainer.py:175) Episode = 14, T_Steps = 2406, E_Steps = 164, R = -0.1592, succ =  0.0000, FPS = 43.04
12:39:59.191 [INFO] (trainer.py:175) Episode = 15, T_Steps = 2479, E_Steps = 73, R = -0.6779, succ =  0.0000, FPS = 41.87
12:40:00.945 [INFO] (trainer.py:175) Episode = 16, T_Steps = 2550, E_Steps = 71, R = -0.6033, succ =  0.0000, FPS = 40.52
12:40:02.280 [INFO] (trainer.py:175) Episode = 17, T_Steps = 2609, E_Steps = 59, R = -0.6395, succ =  0.0000, FPS = 44.23
12:40:03.708 [INFO] (trainer.py:175) Episode = 18, T_Steps = 2671, E_Steps = 62, R = -0.6557, succ =  0.0000, FPS = 43.47
12:40:05.385 [INFO] (trainer.py:175) Episode = 19, T_Steps = 2742, E_Steps = 71, R = -0.6802, succ =  0.0000, FPS = 42.36
12:40:06.783 [INFO] (trainer.py:175) Episode = 20, T_Steps = 2815, E_Steps = 73, R = -0.6733, succ =  0.0000, FPS = 52.27
12:40:10.856 [INFO] (trainer.py:175) Episode = 21, T_Steps = 3000, E_Steps = 185, R = -0.1170, succ =  0.0000, FPS = 45.44
12:40:14.124 [INFO] (trainer.py:175) Episode = 22, T_Steps = 3143, E_Steps = 143, R = -0.0899, succ =  0.0000, FPS = 43.77
12:40:19.002 [INFO] (trainer.py:175) Episode = 23, T_Steps = 3344, E_Steps = 201, R = -0.1730, succ =  0.0000, FPS = 41.22
12:40:23.528 [INFO] (trainer.py:175) Episode = 24, T_Steps = 3537, E_Steps = 193, R = -0.1599, succ =  0.0000, FPS = 42.65
12:40:27.659 [INFO] (trainer.py:175) Episode = 25, T_Steps = 3712, E_Steps = 175, R = -0.1478, succ =  0.0000, FPS = 42.38
12:40:31.662 [INFO] (trainer.py:175) Episode = 26, T_Steps = 3891, E_Steps = 179, R = -0.1539, succ =  0.0000, FPS = 44.73
12:40:35.472 [INFO] (trainer.py:175) Episode = 27, T_Steps = 4060, E_Steps = 169, R = -0.0714, succ =  0.0000, FPS = 44.38
12:40:39.263 [INFO] (trainer.py:175) Episode = 28, T_Steps = 4229, E_Steps = 169, R = -0.1665, succ =  0.0000, FPS = 44.59
12:40:42.692 [INFO] (trainer.py:175) Episode = 29, T_Steps = 4384, E_Steps = 155, R = -0.1292, succ =  0.0000, FPS = 45.22
12:40:46.145 [INFO] (trainer.py:175) Episode = 30, T_Steps = 4561, E_Steps = 177, R = -0.1374, succ =  0.0000, FPS = 51.27
12:40:50.100 [INFO] (trainer.py:175) Episode = 31, T_Steps = 4737, E_Steps = 176, R = -0.1418, succ =  0.0000, FPS = 44.52
12:40:54.147 [INFO] (trainer.py:175) Episode = 32, T_Steps = 4929, E_Steps = 192, R = -0.1515, succ =  0.0000, FPS = 47.45
12:40:58.108 [INFO] (trainer.py:175) Episode = 33, T_Steps = 5093, E_Steps = 164, R = -0.1239, succ =  0.0000, FPS = 41.41
12:41:02.209 [INFO] (trainer.py:175) Episode = 34, T_Steps = 5263, E_Steps = 170, R = -0.1440, succ =  0.0000, FPS = 41.47
12:41:06.369 [INFO] (trainer.py:175) Episode = 35, T_Steps = 5426, E_Steps = 163, R = -0.0897, succ =  0.0000, FPS = 39.19
12:41:08.324 [INFO] (trainer.py:175) Episode = 36, T_Steps = 5512, E_Steps = 86, R = -0.6820, succ =  0.0000, FPS = 44.04
12:41:12.302 [INFO] (trainer.py:175) Episode = 37, T_Steps = 5680, E_Steps = 168, R = -0.1375, succ =  0.0000, FPS = 42.25
12:41:16.163 [INFO] (trainer.py:175) Episode = 38, T_Steps = 5843, E_Steps = 163, R = -0.1374, succ =  0.0000, FPS = 42.23
12:41:24.979 [INFO] (trainer.py:175) Episode = 39, T_Steps = 6024, E_Steps = 181, R = -0.1574, succ =  0.0000, FPS = 20.53
12:41:43.529 [INFO] (trainer.py:175) Episode = 40, T_Steps = 6223, E_Steps = 199, R = -0.1958, succ =  0.0000, FPS = 10.73
12:42:04.993 [INFO] (trainer.py:175) Episode = 41, T_Steps = 6448, E_Steps = 225, R = -0.1655, succ =  0.0000, FPS = 10.48
12:42:24.429 [INFO] (trainer.py:175) Episode = 42, T_Steps = 6655, E_Steps = 207, R = -0.2281, succ =  0.0000, FPS = 10.65
12:42:43.737 [INFO] (trainer.py:175) Episode = 43, T_Steps = 6862, E_Steps = 207, R = -0.2154, succ =  0.0000, FPS = 10.72
12:42:51.494 [INFO] (trainer.py:175) Episode = 44, T_Steps = 6947, E_Steps = 85, R = -0.7173, succ =  0.0000, FPS = 10.96
12:42:59.406 [INFO] (trainer.py:175) Episode = 45, T_Steps = 7032, E_Steps = 85, R = -0.7236, succ =  0.0000, FPS = 10.75
12:43:07.641 [INFO] (trainer.py:175) Episode = 46, T_Steps = 7122, E_Steps = 90, R = -0.7211, succ =  0.0000, FPS = 10.93
12:43:29.621 [INFO] (trainer.py:175) Episode = 47, T_Steps = 7355, E_Steps = 233, R =  1.7915, succ =  0.0500, FPS = 10.60
12:43:50.122 [INFO] (trainer.py:175) Episode = 48, T_Steps = 7577, E_Steps = 222, R =  1.7623, succ =  0.1000, FPS = 10.83
12:44:10.130 [INFO] (trainer.py:175) Episode = 49, T_Steps = 7789, E_Steps = 212, R =  1.7027, succ =  0.1500, FPS = 10.60
12:44:31.250 [INFO] (trainer.py:175) Episode = 50, T_Steps = 8015, E_Steps = 226, R =  1.6613, succ =  0.2000, FPS = 10.70
12:44:39.041 [INFO] (trainer.py:175) Episode = 51, T_Steps = 8099, E_Steps = 84, R = -0.7290, succ =  0.2000, FPS = 10.78
12:44:47.583 [INFO] (trainer.py:175) Episode = 52, T_Steps = 8193, E_Steps = 94, R = -0.7123, succ =  0.2000, FPS = 11.01
12:45:08.514 [INFO] (trainer.py:175) Episode = 53, T_Steps = 8416, E_Steps = 223, R =  1.6971, succ =  0.2500, FPS = 10.66
12:45:29.628 [INFO] (trainer.py:175) Episode = 54, T_Steps = 8641, E_Steps = 225, R =  1.7502, succ =  0.3000, FPS = 10.66
12:45:37.401 [INFO] (trainer.py:175) Episode = 55, T_Steps = 8724, E_Steps = 83, R = -0.7399, succ =  0.3000, FPS = 10.68
12:45:58.184 [INFO] (trainer.py:175) Episode = 56, T_Steps = 8945, E_Steps = 221, R =  1.7403, succ =  0.3500, FPS = 10.63
12:46:20.805 [INFO] (trainer.py:175) Episode = 57, T_Steps = 9184, E_Steps = 239, R =  1.7365, succ =  0.4000, FPS = 10.57
12:46:36.267 [INFO] (trainer.py:175) Episode = 58, T_Steps = 9348, E_Steps = 164, R = -0.4314, succ =  0.4000, FPS = 10.61
12:46:51.243 [INFO] (trainer.py:175) Episode = 59, T_Steps = 9505, E_Steps = 157, R = -0.4398, succ =  0.4000, FPS = 10.48
12:47:11.648 [INFO] (trainer.py:175) Episode = 60, T_Steps = 9725, E_Steps = 220, R =  1.7657, succ =  0.4500, FPS = 10.78
12:47:31.925 [INFO] (trainer.py:175) Episode = 61, T_Steps = 9943, E_Steps = 218, R =  1.8088, succ =  0.5000, FPS = 10.75
12:47:54.420 [INFO] (trainer.py:175) Episode = 62, T_Steps = 10185, E_Steps = 242, R = -0.2302, succ =  0.5000, FPS = 10.76
12:48:14.953 [INFO] (trainer.py:175) Episode = 63, T_Steps = 10406, E_Steps = 221, R =  1.7248, succ =  0.5500, FPS = 10.76
12:48:35.160 [INFO] (trainer.py:175) Episode = 64, T_Steps = 10623, E_Steps = 217, R =  1.7222, succ =  0.6000, FPS = 10.74
12:48:56.629 [INFO] (trainer.py:175) Episode = 65, T_Steps = 10855, E_Steps = 232, R =  1.7139, succ =  0.6500, FPS = 10.81
12:49:17.832 [INFO] (trainer.py:175) Episode = 66, T_Steps = 11082, E_Steps = 227, R =  1.7477, succ =  0.7000, FPS = 10.71
12:49:27.177 [INFO] (trainer.py:175) Episode = 67, T_Steps = 11182, E_Steps = 100, R = -0.6928, succ =  0.6500, FPS = 10.71
12:49:46.920 [INFO] (trainer.py:175) Episode = 68, T_Steps = 11391, E_Steps = 209, R =  1.7356, succ =  0.6500, FPS = 10.59
12:49:55.484 [INFO] (trainer.py:175) Episode = 69, T_Steps = 11484, E_Steps = 93, R = -0.7167, succ =  0.6000, FPS = 10.86
12:50:16.370 [INFO] (trainer.py:175) Episode = 70, T_Steps = 11704, E_Steps = 220, R =  1.7499, succ =  0.6000, FPS = 10.53
12:50:35.502 [INFO] (trainer.py:175) Episode = 71, T_Steps = 11908, E_Steps = 204, R =  1.7672, succ =  0.6500, FPS = 10.66
12:50:56.478 [INFO] (trainer.py:175) Episode = 72, T_Steps = 12133, E_Steps = 225, R = -0.2090, succ =  0.6500, FPS = 10.73
12:51:16.249 [INFO] (trainer.py:175) Episode = 73, T_Steps = 12342, E_Steps = 209, R =  1.7429, succ =  0.6500, FPS = 10.57
12:51:35.755 [INFO] (trainer.py:175) Episode = 74, T_Steps = 12550, E_Steps = 208, R =  1.7620, succ =  0.6500, FPS = 10.66
12:51:43.457 [INFO] (trainer.py:175) Episode = 75, T_Steps = 12634, E_Steps = 84, R = -0.7387, succ =  0.6500, FPS = 10.91
12:52:05.368 [INFO] (trainer.py:175) Episode = 76, T_Steps = 12856, E_Steps = 222, R =  1.7754, succ =  0.6500, FPS = 10.13
12:52:15.073 [INFO] (trainer.py:175) Episode = 77, T_Steps = 12944, E_Steps = 88, R = -0.7204, succ =  0.6000, FPS =  9.07
12:52:37.601 [INFO] (trainer.py:175) Episode = 78, T_Steps = 13184, E_Steps = 240, R = -0.2382, succ =  0.6000, FPS = 10.65
12:52:58.786 [INFO] (trainer.py:175) Episode = 79, T_Steps = 13406, E_Steps = 222, R =  1.7332, succ =  0.6500, FPS = 10.48
12:53:18.118 [INFO] (trainer.py:175) Episode = 80, T_Steps = 13611, E_Steps = 205, R =  1.7542, succ =  0.6500, FPS = 10.60
12:53:39.142 [INFO] (trainer.py:175) Episode = 81, T_Steps = 13837, E_Steps = 226, R = -0.2173, succ =  0.6000, FPS = 10.75
12:53:59.097 [INFO] (trainer.py:175) Episode = 82, T_Steps = 14048, E_Steps = 211, R =  1.6983, succ =  0.6500, FPS = 10.57
12:54:20.617 [INFO] (trainer.py:175) Episode = 83, T_Steps = 14276, E_Steps = 228, R =  1.7139, succ =  0.6500, FPS = 10.60
12:54:30.060 [INFO] (trainer.py:175) Episode = 84, T_Steps = 14376, E_Steps = 100, R = -0.6923, succ =  0.6000, FPS = 10.59
12:54:37.444 [INFO] (trainer.py:175) Episode = 85, T_Steps = 14458, E_Steps = 82, R = -0.7410, succ =  0.5500, FPS = 11.11
12:54:57.705 [INFO] (trainer.py:175) Episode = 86, T_Steps = 14673, E_Steps = 215, R =  1.7667, succ =  0.5500, FPS = 10.61
12:55:20.521 [INFO] (trainer.py:175) Episode = 87, T_Steps = 14916, E_Steps = 243, R =  1.7446, succ =  0.6000, FPS = 10.65
12:55:47.058 [INFO] (trainer.py:175) Episode = 88, T_Steps = 15171, E_Steps = 255, R =  1.6999, succ =  0.6000, FPS =  9.61
12:56:09.838 [INFO] (trainer.py:175) Episode = 89, T_Steps = 15412, E_Steps = 241, R =  1.7188, succ =  0.6500, FPS = 10.58
12:56:33.679 [INFO] (trainer.py:175) Episode = 90, T_Steps = 15660, E_Steps = 248, R =  1.7232, succ =  0.6500, FPS = 10.40
12:56:57.658 [INFO] (trainer.py:175) Episode = 91, T_Steps = 15914, E_Steps = 254, R =  1.7611, succ =  0.6500, FPS = 10.59
12:57:21.482 [INFO] (trainer.py:175) Episode = 92, T_Steps = 16165, E_Steps = 251, R =  1.7166, succ =  0.7000, FPS = 10.54
12:57:46.327 [INFO] (trainer.py:175) Episode = 93, T_Steps = 16425, E_Steps = 260, R =  1.7479, succ =  0.7000, FPS = 10.47
12:58:07.968 [INFO] (trainer.py:175) Episode = 94, T_Steps = 16657, E_Steps = 232, R =  1.7457, succ =  0.7000, FPS = 10.72
12:58:16.195 [INFO] (trainer.py:175) Episode = 95, T_Steps = 16742, E_Steps = 85, R = -0.7305, succ =  0.7000, FPS = 10.33
12:58:39.348 [INFO] (trainer.py:175) Episode = 96, T_Steps = 16988, E_Steps = 246, R =  1.7226, succ =  0.7000, FPS = 10.63
12:59:01.462 [INFO] (trainer.py:175) Episode = 97, T_Steps = 17222, E_Steps = 234, R =  1.7402, succ =  0.7500, FPS = 10.58
12:59:21.798 [INFO] (trainer.py:175) Episode = 98, T_Steps = 17442, E_Steps = 220, R =  1.7556, succ =  0.8000, FPS = 10.82
12:59:44.544 [INFO] (trainer.py:175) Episode = 99, T_Steps = 17683, E_Steps = 241, R = -0.2639, succ =  0.7500, FPS = 10.60
13:00:06.556 [INFO] (trainer.py:175) Episode = 100, T_Steps = 17918, E_Steps = 235, R = -0.2318, succ =  0.7000, FPS = 10.68
13:00:28.478 [INFO] (trainer.py:175) Episode = 101, T_Steps = 18152, E_Steps = 234, R =  1.7417, succ =  0.7500, FPS = 10.68
13:00:50.258 [INFO] (trainer.py:175) Episode = 102, T_Steps = 18387, E_Steps = 235, R =  1.7480, succ =  0.7500, FPS = 10.79
13:01:12.596 [INFO] (trainer.py:175) Episode = 103, T_Steps = 18622, E_Steps = 235, R =  1.7170, succ =  0.7500, FPS = 10.52
13:01:36.536 [INFO] (trainer.py:175) Episode = 104, T_Steps = 18876, E_Steps = 254, R =  1.7330, succ =  0.8000, FPS = 10.61
13:01:44.855 [INFO] (trainer.py:175) Episode = 105, T_Steps = 18967, E_Steps = 91, R = -0.7081, succ =  0.8000, FPS = 10.94
13:01:53.474 [INFO] (trainer.py:175) Episode = 106, T_Steps = 19058, E_Steps = 91, R = -0.7099, succ =  0.7500, FPS = 10.56
13:02:01.611 [INFO] (trainer.py:175) Episode = 107, T_Steps = 19145, E_Steps = 87, R = -0.7242, succ =  0.7000, FPS = 10.69
13:02:12.175 [INFO] (trainer.py:175) Episode = 108, T_Steps = 19258, E_Steps = 113, R = -0.6390, succ =  0.6500, FPS = 10.70
13:02:32.650 [INFO] (trainer.py:175) Episode = 109, T_Steps = 19481, E_Steps = 223, R =  1.7384, succ =  0.6500, FPS = 10.89
13:02:42.479 [INFO] (trainer.py:175) Episode = 110, T_Steps = 19587, E_Steps = 106, R = -0.6673, succ =  0.6000, FPS = 10.79
13:02:50.545 [INFO] (trainer.py:175) Episode = 111, T_Steps = 19672, E_Steps = 85, R = -0.7207, succ =  0.5500, FPS = 10.54
13:03:15.514 [INFO] (trainer.py:175) Episode = 112, T_Steps = 19935, E_Steps = 263, R =  1.7321, succ =  0.5500, FPS = 10.53
13:03:23.783 [INFO] (trainer.py:175) Episode = 113, T_Steps = 20026, E_Steps = 91, R = -0.7062, succ =  0.5000, FPS = 11.01
13:03:31.140 [INFO] (trainer.py:175) Episode = 114, T_Steps = 20107, E_Steps = 81, R = -0.7436, succ =  0.4500, FPS = 11.01
13:03:52.565 [INFO] (trainer.py:175) Episode = 115, T_Steps = 20335, E_Steps = 228, R =  1.7370, succ =  0.5000, FPS = 10.64
13:04:15.055 [INFO] (trainer.py:175) Episode = 116, T_Steps = 20573, E_Steps = 238, R =  1.6900, succ =  0.5000, FPS = 10.58
13:04:37.904 [INFO] (trainer.py:175) Episode = 117, T_Steps = 20818, E_Steps = 245, R =  1.7114, succ =  0.5000, FPS = 10.72
13:05:03.150 [INFO] (trainer.py:175) Episode = 118, T_Steps = 21084, E_Steps = 266, R =  1.7573, succ =  0.5000, FPS = 10.54
13:05:11.087 [INFO] (trainer.py:175) Episode = 119, T_Steps = 21172, E_Steps = 88, R = -0.7219, succ =  0.5000, FPS = 11.09
13:05:32.854 [INFO] (trainer.py:175) Episode = 120, T_Steps = 21410, E_Steps = 238, R =  1.7409, succ =  0.5500, FPS = 10.93
13:05:55.457 [INFO] (trainer.py:175) Episode = 121, T_Steps = 21644, E_Steps = 234, R =  1.7031, succ =  0.5500, FPS = 10.35
13:06:19.475 [INFO] (trainer.py:175) Episode = 122, T_Steps = 21897, E_Steps = 253, R = -0.2793, succ =  0.5000, FPS = 10.53
13:06:43.126 [INFO] (trainer.py:175) Episode = 123, T_Steps = 22148, E_Steps = 251, R =  1.7481, succ =  0.5000, FPS = 10.61
13:07:06.986 [INFO] (trainer.py:175) Episode = 124, T_Steps = 22403, E_Steps = 255, R = -0.2784, succ =  0.4500, FPS = 10.69
13:07:31.438 [INFO] (trainer.py:175) Episode = 125, T_Steps = 22661, E_Steps = 258, R =  1.7477, succ =  0.5000, FPS = 10.55
13:07:53.365 [INFO] (trainer.py:175) Episode = 126, T_Steps = 22894, E_Steps = 233, R =  1.7026, succ =  0.5500, FPS = 10.63
13:08:15.960 [INFO] (trainer.py:175) Episode = 127, T_Steps = 23133, E_Steps = 239, R =  1.7206, succ =  0.6000, FPS = 10.58
13:08:38.737 [INFO] (trainer.py:175) Episode = 128, T_Steps = 23371, E_Steps = 238, R =  1.6759, succ =  0.6500, FPS = 10.45
13:08:48.338 [INFO] (trainer.py:175) Episode = 129, T_Steps = 23475, E_Steps = 104, R = -0.6736, succ =  0.6000, FPS = 10.83
13:09:11.794 [INFO] (trainer.py:175) Episode = 130, T_Steps = 23723, E_Steps = 248, R =  1.7245, succ =  0.6500, FPS = 10.57
13:09:33.738 [INFO] (trainer.py:175) Episode = 131, T_Steps = 23963, E_Steps = 240, R =  1.7497, succ =  0.7000, FPS = 10.94
13:09:56.477 [INFO] (trainer.py:175) Episode = 132, T_Steps = 24208, E_Steps = 245, R =  1.7140, succ =  0.7000, FPS = 10.77
13:10:21.100 [INFO] (trainer.py:175) Episode = 133, T_Steps = 24471, E_Steps = 263, R = -0.2634, succ =  0.7000, FPS = 10.68
13:10:44.402 [INFO] (trainer.py:175) Episode = 134, T_Steps = 24719, E_Steps = 248, R =  1.7199, succ =  0.7500, FPS = 10.64
13:11:09.738 [INFO] (trainer.py:175) Episode = 135, T_Steps = 24985, E_Steps = 266, R =  1.7400, succ =  0.7500, FPS = 10.50
13:11:34.811 [INFO] (trainer.py:175) Episode = 136, T_Steps = 25251, E_Steps = 266, R =  1.7530, succ =  0.7500, FPS = 10.61
13:11:43.664 [INFO] (trainer.py:175) Episode = 137, T_Steps = 25345, E_Steps = 94, R = -0.6926, succ =  0.7000, FPS = 10.62
13:11:53.637 [INFO] (trainer.py:175) Episode = 138, T_Steps = 25453, E_Steps = 108, R = -0.6700, succ =  0.6500, FPS = 10.83
13:12:04.288 [INFO] (trainer.py:175) Episode = 139, T_Steps = 25566, E_Steps = 113, R = -0.6576, succ =  0.6500, FPS = 10.61
13:12:13.641 [INFO] (trainer.py:175) Episode = 140, T_Steps = 25668, E_Steps = 102, R = -0.6841, succ =  0.6000, FPS = 10.91
13:12:37.437 [INFO] (trainer.py:175) Episode = 141, T_Steps = 25919, E_Steps = 251, R =  1.7294, succ =  0.6000, FPS = 10.55
13:13:00.509 [INFO] (trainer.py:175) Episode = 142, T_Steps = 26162, E_Steps = 243, R =  1.7144, succ =  0.6500, FPS = 10.53
13:13:08.901 [INFO] (trainer.py:175) Episode = 143, T_Steps = 26255, E_Steps = 93, R = -0.7172, succ =  0.6000, FPS = 11.08
13:13:17.059 [INFO] (trainer.py:175) Episode = 144, T_Steps = 26343, E_Steps = 88, R = -0.7209, succ =  0.6000, FPS = 10.79
13:13:25.196 [INFO] (trainer.py:175) Episode = 145, T_Steps = 26430, E_Steps = 87, R = -0.7124, succ =  0.5500, FPS = 10.69
13:13:49.559 [INFO] (trainer.py:175) Episode = 146, T_Steps = 26687, E_Steps = 257, R =  1.7767, succ =  0.5500, FPS = 10.55
13:14:12.206 [INFO] (trainer.py:175) Episode = 147, T_Steps = 26927, E_Steps = 240, R =  1.7415, succ =  0.5500, FPS = 10.60
13:14:36.175 [INFO] (trainer.py:175) Episode = 148, T_Steps = 27183, E_Steps = 256, R =  1.7483, succ =  0.5500, FPS = 10.68
13:14:59.008 [INFO] (trainer.py:175) Episode = 149, T_Steps = 27425, E_Steps = 242, R =  1.7247, succ =  0.6000, FPS = 10.60
13:15:06.862 [INFO] (trainer.py:175) Episode = 150, T_Steps = 27510, E_Steps = 85, R = -0.7371, succ =  0.5500, FPS = 10.82
13:15:14.729 [INFO] (trainer.py:175) Episode = 151, T_Steps = 27595, E_Steps = 85, R = -0.7294, succ =  0.5000, FPS = 10.81
13:15:37.573 [INFO] (trainer.py:175) Episode = 152, T_Steps = 27836, E_Steps = 241, R =  1.7125, succ =  0.5000, FPS = 10.55
13:15:46.846 [INFO] (trainer.py:175) Episode = 153, T_Steps = 27938, E_Steps = 102, R = -0.6837, succ =  0.5000, FPS = 11.00
13:15:56.080 [INFO] (trainer.py:175) Episode = 154, T_Steps = 28040, E_Steps = 102, R = -0.6837, succ =  0.4500, FPS = 11.05
13:16:18.697 [INFO] (trainer.py:175) Episode = 155, T_Steps = 28281, E_Steps = 241, R =  1.6999, succ =  0.4500, FPS = 10.66
13:16:41.030 [INFO] (trainer.py:175) Episode = 156, T_Steps = 28520, E_Steps = 239, R =  1.7438, succ =  0.4500, FPS = 10.70
13:17:04.902 [INFO] (trainer.py:175) Episode = 157, T_Steps = 28772, E_Steps = 252, R =  1.7416, succ =  0.5000, FPS = 10.56
13:17:13.151 [INFO] (trainer.py:175) Episode = 158, T_Steps = 28861, E_Steps = 89, R = -0.7157, succ =  0.5000, FPS = 10.79
13:17:36.907 [INFO] (trainer.py:175) Episode = 159, T_Steps = 29110, E_Steps = 249, R =  1.7200, succ =  0.5500, FPS = 10.48
13:17:45.913 [INFO] (trainer.py:175) Episode = 160, T_Steps = 29206, E_Steps = 96, R = -0.6719, succ =  0.5500, FPS = 10.66
13:18:10.552 [INFO] (trainer.py:175) Episode = 161, T_Steps = 29465, E_Steps = 259, R =  1.7522, succ =  0.5500, FPS = 10.51
13:18:18.909 [INFO] (trainer.py:175) Episode = 162, T_Steps = 29555, E_Steps = 90, R = -0.7111, succ =  0.5000, FPS = 10.77
13:18:27.933 [INFO] (trainer.py:175) Episode = 163, T_Steps = 29652, E_Steps = 97, R = -0.7039, succ =  0.5000, FPS = 10.75
13:18:36.474 [INFO] (trainer.py:175) Episode = 164, T_Steps = 29743, E_Steps = 91, R = -0.7060, succ =  0.5000, FPS = 10.66
13:18:59.755 [INFO] (trainer.py:175) Episode = 165, T_Steps = 29993, E_Steps = 250, R =  1.7150, succ =  0.5500, FPS = 10.74
13:19:23.392 [INFO] (trainer.py:175) Episode = 166, T_Steps = 30243, E_Steps = 250, R =  1.7554, succ =  0.5500, FPS = 10.58
13:19:44.358 [INFO] (trainer.py:175) Episode = 167, T_Steps = 30467, E_Steps = 224, R = -0.3662, succ =  0.5000, FPS = 10.68
13:19:52.000 [INFO] (trainer.py:175) Episode = 168, T_Steps = 30550, E_Steps = 83, R = -0.7335, succ =  0.4500, FPS = 10.86
13:20:14.090 [INFO] (trainer.py:175) Episode = 169, T_Steps = 30785, E_Steps = 235, R =  1.7157, succ =  0.4500, FPS = 10.64
13:20:36.869 [INFO] (trainer.py:175) Episode = 170, T_Steps = 31029, E_Steps = 244, R =  1.7136, succ =  0.5000, FPS = 10.71
13:21:00.858 [INFO] (trainer.py:175) Episode = 171, T_Steps = 31282, E_Steps = 253, R =  1.7433, succ =  0.5500, FPS = 10.55
13:21:23.395 [INFO] (trainer.py:175) Episode = 172, T_Steps = 31522, E_Steps = 240, R =  1.7180, succ =  0.5500, FPS = 10.65
13:21:47.863 [INFO] (trainer.py:175) Episode = 173, T_Steps = 31781, E_Steps = 259, R =  1.7855, succ =  0.6000, FPS = 10.59
13:22:11.450 [INFO] (trainer.py:175) Episode = 174, T_Steps = 32032, E_Steps = 251, R =  1.7346, succ =  0.6500, FPS = 10.64
13:22:36.235 [INFO] (trainer.py:175) Episode = 175, T_Steps = 32290, E_Steps = 258, R =  1.7793, succ =  0.6500, FPS = 10.41
13:22:45.881 [INFO] (trainer.py:175) Episode = 176, T_Steps = 32394, E_Steps = 104, R = -0.6746, succ =  0.6000, FPS = 10.78
13:22:54.215 [INFO] (trainer.py:175) Episode = 177, T_Steps = 32485, E_Steps = 91, R = -0.7235, succ =  0.5500, FPS = 10.92
13:23:03.636 [INFO] (trainer.py:175) Episode = 178, T_Steps = 32586, E_Steps = 101, R = -0.6819, succ =  0.5500, FPS = 10.72
13:23:27.752 [INFO] (trainer.py:175) Episode = 179, T_Steps = 32841, E_Steps = 255, R =  1.7281, succ =  0.5500, FPS = 10.57
13:23:51.472 [INFO] (trainer.py:175) Episode = 180, T_Steps = 33092, E_Steps = 251, R =  1.7008, succ =  0.6000, FPS = 10.58
13:24:15.444 [INFO] (trainer.py:175) Episode = 181, T_Steps = 33345, E_Steps = 253, R =  1.7093, succ =  0.6000, FPS = 10.55
13:24:23.573 [INFO] (trainer.py:175) Episode = 182, T_Steps = 33431, E_Steps = 86, R = -0.7243, succ =  0.6000, FPS = 10.58
13:24:48.688 [INFO] (trainer.py:175) Episode = 183, T_Steps = 33697, E_Steps = 266, R =  1.7726, succ =  0.6500, FPS = 10.59
13:24:57.057 [INFO] (trainer.py:175) Episode = 184, T_Steps = 33786, E_Steps = 89, R = -0.7166, succ =  0.6500, FPS = 10.64
13:25:20.842 [INFO] (trainer.py:175) Episode = 185, T_Steps = 34037, E_Steps = 251, R =  1.7462, succ =  0.6500, FPS = 10.55
13:25:43.858 [INFO] (trainer.py:175) Episode = 186, T_Steps = 34281, E_Steps = 244, R =  1.7167, succ =  0.6500, FPS = 10.60
13:26:07.811 [INFO] (trainer.py:175) Episode = 187, T_Steps = 34537, E_Steps = 256, R =  1.7224, succ =  0.7000, FPS = 10.69
13:26:33.230 [INFO] (trainer.py:175) Episode = 188, T_Steps = 34800, E_Steps = 263, R =  1.7383, succ =  0.7500, FPS = 10.35
13:26:56.172 [INFO] (trainer.py:175) Episode = 189, T_Steps = 35041, E_Steps = 241, R =  1.6683, succ =  0.7500, FPS = 10.51
13:27:19.991 [INFO] (trainer.py:175) Episode = 190, T_Steps = 35295, E_Steps = 254, R =  1.7080, succ =  0.7500, FPS = 10.66
13:27:43.811 [INFO] (trainer.py:175) Episode = 191, T_Steps = 35549, E_Steps = 254, R =  1.7417, succ =  0.7500, FPS = 10.66
13:28:07.477 [INFO] (trainer.py:175) Episode = 192, T_Steps = 35801, E_Steps = 252, R =  1.6977, succ =  0.7500, FPS = 10.65
13:28:30.862 [INFO] (trainer.py:175) Episode = 193, T_Steps = 36048, E_Steps = 247, R =  1.7155, succ =  0.7500, FPS = 10.56
13:28:54.493 [INFO] (trainer.py:175) Episode = 194, T_Steps = 36297, E_Steps = 249, R =  1.7310, succ =  0.7500, FPS = 10.54
13:29:01.859 [INFO] (trainer.py:175) Episode = 195, T_Steps = 36376, E_Steps = 79, R = -0.7476, succ =  0.7000, FPS = 10.73
13:29:25.212 [INFO] (trainer.py:175) Episode = 196, T_Steps = 36620, E_Steps = 244, R =  1.7257, succ =  0.7500, FPS = 10.45
13:29:48.083 [INFO] (trainer.py:175) Episode = 197, T_Steps = 36859, E_Steps = 239, R =  1.7370, succ =  0.8000, FPS = 10.45
13:30:08.735 [INFO] (trainer.py:175) Episode = 198, T_Steps = 37083, E_Steps = 224, R =  1.7018, succ =  0.8500, FPS = 10.85
13:30:32.723 [INFO] (trainer.py:175) Episode = 199, T_Steps = 37333, E_Steps = 250, R =  1.7454, succ =  0.8500, FPS = 10.42
13:30:41.693 [INFO] (trainer.py:175) Episode = 200, T_Steps = 37428, E_Steps = 95, R = -0.7051, succ =  0.8000, FPS = 10.59
13:30:52.796 [INFO] (trainer.py:175) Episode = 201, T_Steps = 37547, E_Steps = 119, R = -0.6340, succ =  0.7500, FPS = 10.72
13:31:16.315 [INFO] (trainer.py:175) Episode = 202, T_Steps = 37795, E_Steps = 248, R =  1.7632, succ =  0.8000, FPS = 10.55
13:31:25.981 [INFO] (trainer.py:175) Episode = 203, T_Steps = 37897, E_Steps = 102, R = -0.6803, succ =  0.7500, FPS = 10.55
13:31:48.829 [INFO] (trainer.py:175) Episode = 204, T_Steps = 38140, E_Steps = 243, R =  1.6948, succ =  0.8000, FPS = 10.64
13:32:11.989 [INFO] (trainer.py:175) Episode = 205, T_Steps = 38384, E_Steps = 244, R =  1.7100, succ =  0.8000, FPS = 10.54
13:32:35.207 [INFO] (trainer.py:175) Episode = 206, T_Steps = 38629, E_Steps = 245, R =  1.7540, succ =  0.8000, FPS = 10.55
13:32:59.234 [INFO] (trainer.py:175) Episode = 207, T_Steps = 38881, E_Steps = 252, R =  1.7005, succ =  0.8000, FPS = 10.49
13:33:23.365 [INFO] (trainer.py:175) Episode = 208, T_Steps = 39135, E_Steps = 254, R =  1.7136, succ =  0.8000, FPS = 10.53
13:33:31.603 [INFO] (trainer.py:175) Episode = 209, T_Steps = 39222, E_Steps = 87, R = -0.7291, succ =  0.7500, FPS = 10.56
13:33:39.199 [INFO] (trainer.py:175) Episode = 210, T_Steps = 39304, E_Steps = 82, R = -0.7378, succ =  0.7000, FPS = 10.80
13:34:03.770 [INFO] (trainer.py:175) Episode = 211, T_Steps = 39560, E_Steps = 256, R =  1.7125, succ =  0.7000, FPS = 10.42
13:34:27.886 [INFO] (trainer.py:175) Episode = 212, T_Steps = 39811, E_Steps = 251, R =  1.6985, succ =  0.7000, FPS = 10.41
13:34:52.639 [INFO] (trainer.py:175) Episode = 213, T_Steps = 40067, E_Steps = 256, R =  1.7054, succ =  0.7000, FPS = 10.34
13:35:16.589 [INFO] (trainer.py:175) Episode = 214, T_Steps = 40318, E_Steps = 251, R =  1.6826, succ =  0.7000, FPS = 10.48
13:35:40.061 [INFO] (trainer.py:175) Episode = 215, T_Steps = 40566, E_Steps = 248, R =  1.7085, succ =  0.7500, FPS = 10.57
13:36:03.388 [INFO] (trainer.py:175) Episode = 216, T_Steps = 40809, E_Steps = 243, R =  1.6705, succ =  0.7500, FPS = 10.42
13:36:27.852 [INFO] (trainer.py:175) Episode = 217, T_Steps = 41065, E_Steps = 256, R =  1.7138, succ =  0.7500, FPS = 10.47
13:36:36.538 [INFO] (trainer.py:175) Episode = 218, T_Steps = 41156, E_Steps = 91, R = -0.7175, succ =  0.7000, FPS = 10.48
13:37:00.251 [INFO] (trainer.py:175) Episode = 219, T_Steps = 41404, E_Steps = 248, R =  1.6898, succ =  0.7000, FPS = 10.46
13:37:23.813 [INFO] (trainer.py:175) Episode = 220, T_Steps = 41657, E_Steps = 253, R =  1.6902, succ =  0.7500, FPS = 10.74
13:37:41.489 [INFO] (trainer.py:175) Episode = 221, T_Steps = 41845, E_Steps = 188, R = -0.4736, succ =  0.7500, FPS = 10.64
13:38:03.834 [INFO] (trainer.py:175) Episode = 222, T_Steps = 42083, E_Steps = 238, R =  1.7074, succ =  0.7500, FPS = 10.65
13:38:29.356 [INFO] (trainer.py:175) Episode = 223, T_Steps = 42353, E_Steps = 270, R =  1.7497, succ =  0.8000, FPS = 10.58
13:38:53.740 [INFO] (trainer.py:175) Episode = 224, T_Steps = 42608, E_Steps = 255, R =  1.7384, succ =  0.8000, FPS = 10.46
13:39:16.708 [INFO] (trainer.py:175) Episode = 225, T_Steps = 42851, E_Steps = 243, R =  1.6738, succ =  0.8000, FPS = 10.58
13:39:40.668 [INFO] (trainer.py:175) Episode = 226, T_Steps = 43103, E_Steps = 252, R =  1.6996, succ =  0.8000, FPS = 10.52
13:39:49.825 [INFO] (trainer.py:175) Episode = 227, T_Steps = 43198, E_Steps = 95, R = -0.7091, succ =  0.7500, FPS = 10.38
13:40:01.031 [INFO] (trainer.py:175) Episode = 228, T_Steps = 43317, E_Steps = 119, R = -0.6309, succ =  0.7000, FPS = 10.62
13:40:19.150 [INFO] (trainer.py:175) Episode = 229, T_Steps = 43508, E_Steps = 191, R = -0.4383, succ =  0.7000, FPS = 10.54
13:40:37.408 [INFO] (trainer.py:175) Episode = 230, T_Steps = 43701, E_Steps = 193, R = -0.4434, succ =  0.7000, FPS = 10.57
13:41:01.400 [INFO] (trainer.py:175) Episode = 231, T_Steps = 43957, E_Steps = 256, R =  1.7101, succ =  0.7000, FPS = 10.67
13:41:25.638 [INFO] (trainer.py:175) Episode = 232, T_Steps = 44209, E_Steps = 252, R =  1.7038, succ =  0.7000, FPS = 10.40
13:41:49.445 [INFO] (trainer.py:175) Episode = 233, T_Steps = 44461, E_Steps = 252, R =  1.7160, succ =  0.7000, FPS = 10.59
13:42:12.195 [INFO] (trainer.py:175) Episode = 234, T_Steps = 44700, E_Steps = 239, R =  1.7086, succ =  0.7000, FPS = 10.51
13:42:22.098 [INFO] (trainer.py:175) Episode = 235, T_Steps = 44807, E_Steps = 107, R = -0.6617, succ =  0.6500, FPS = 10.81
13:42:45.332 [INFO] (trainer.py:175) Episode = 236, T_Steps = 45049, E_Steps = 242, R =  1.6903, succ =  0.6500, FPS = 10.42
13:43:03.442 [INFO] (trainer.py:175) Episode = 237, T_Steps = 45241, E_Steps = 192, R = -0.4651, succ =  0.6000, FPS = 10.60
13:43:26.669 [INFO] (trainer.py:175) Episode = 238, T_Steps = 45488, E_Steps = 247, R =  1.7221, succ =  0.6500, FPS = 10.63
13:43:42.647 [INFO] (trainer.py:175) Episode = 239, T_Steps = 45656, E_Steps = 168, R = -0.5099, succ =  0.6000, FPS = 10.52
13:44:05.809 [INFO] (trainer.py:175) Episode = 240, T_Steps = 45901, E_Steps = 245, R =  1.6886, succ =  0.6000, FPS = 10.58
13:44:29.693 [INFO] (trainer.py:175) Episode = 241, T_Steps = 46152, E_Steps = 251, R =  1.7374, succ =  0.6500, FPS = 10.51
13:44:52.039 [INFO] (trainer.py:175) Episode = 242, T_Steps = 46396, E_Steps = 244, R =  1.6742, succ =  0.6500, FPS = 10.92
13:45:14.389 [INFO] (trainer.py:175) Episode = 243, T_Steps = 46638, E_Steps = 242, R =  1.6661, succ =  0.6500, FPS = 10.83
13:45:35.433 [INFO] (trainer.py:175) Episode = 244, T_Steps = 46869, E_Steps = 231, R =  1.7006, succ =  0.6500, FPS = 10.98
13:45:57.276 [INFO] (trainer.py:175) Episode = 245, T_Steps = 47101, E_Steps = 232, R =  1.6689, succ =  0.6500, FPS = 10.62
13:46:18.838 [INFO] (trainer.py:175) Episode = 246, T_Steps = 47329, E_Steps = 228, R =  1.7100, succ =  0.6500, FPS = 10.58
13:46:38.703 [INFO] (trainer.py:175) Episode = 247, T_Steps = 47538, E_Steps = 209, R =  1.7031, succ =  0.7000, FPS = 10.52
13:47:00.918 [INFO] (trainer.py:175) Episode = 248, T_Steps = 47771, E_Steps = 233, R =  1.6836, succ =  0.7500, FPS = 10.49
13:47:23.108 [INFO] (trainer.py:175) Episode = 249, T_Steps = 48005, E_Steps = 234, R =  1.7022, succ =  0.8000, FPS = 10.55
13:47:45.152 [INFO] (trainer.py:175) Episode = 250, T_Steps = 48239, E_Steps = 234, R =  1.7483, succ =  0.8500, FPS = 10.62
13:48:07.760 [INFO] (trainer.py:175) Episode = 251, T_Steps = 48477, E_Steps = 238, R =  1.7265, succ =  0.8500, FPS = 10.53
13:48:18.487 [INFO] (trainer.py:175) Episode = 252, T_Steps = 48591, E_Steps = 114, R = -0.6528, succ =  0.8000, FPS = 10.63
13:48:28.431 [INFO] (trainer.py:175) Episode = 253, T_Steps = 48695, E_Steps = 104, R = -0.6747, succ =  0.7500, FPS = 10.46
13:48:38.229 [INFO] (trainer.py:175) Episode = 254, T_Steps = 48798, E_Steps = 103, R = -0.6832, succ =  0.7000, FPS = 10.51
13:48:47.573 [INFO] (trainer.py:175) Episode = 255, T_Steps = 48897, E_Steps = 99, R = -0.6924, succ =  0.7000, FPS = 10.60
13:49:09.265 [INFO] (trainer.py:175) Episode = 256, T_Steps = 49130, E_Steps = 233, R =  1.6997, succ =  0.7000, FPS = 10.74
13:49:31.164 [INFO] (trainer.py:175) Episode = 257, T_Steps = 49361, E_Steps = 231, R =  1.7129, succ =  0.7500, FPS = 10.55
13:49:50.997 [INFO] (trainer.py:175) Episode = 258, T_Steps = 49572, E_Steps = 211, R =  1.7458, succ =  0.7500, FPS = 10.64
13:49:57.905 [INFO] (trainer.py:175) Episode = 259, T_Steps = 49647, E_Steps = 75, R = -0.7539, succ =  0.7500, FPS = 10.86
13:50:19.985 [INFO] (trainer.py:175) Episode = 260, T_Steps = 49882, E_Steps = 235, R =  1.6485, succ =  0.7500, FPS = 10.64
13:50:42.456 [INFO] (trainer.py:175) Episode = 261, T_Steps = 50117, E_Steps = 235, R =  1.6838, succ =  0.7500, FPS = 10.46
13:51:08.143 [INFO] (trainer.py:175) Episode = 262, T_Steps = 50382, E_Steps = 265, R =  1.7311, succ =  0.7500, FPS = 10.32
13:51:22.625 [INFO] (trainer.py:175) Episode = 263, T_Steps = 50536, E_Steps = 154, R = -0.5432, succ =  0.7000, FPS = 10.64
13:51:45.476 [INFO] (trainer.py:175) Episode = 264, T_Steps = 50776, E_Steps = 240, R =  1.7382, succ =  0.7000, FPS = 10.50
13:52:05.385 [INFO] (trainer.py:175) Episode = 265, T_Steps = 50986, E_Steps = 210, R =  1.6884, succ =  0.7000, FPS = 10.55
13:52:29.792 [INFO] (trainer.py:175) Episode = 266, T_Steps = 51241, E_Steps = 255, R =  1.6915, succ =  0.7000, FPS = 10.45
13:52:52.713 [INFO] (trainer.py:175) Episode = 267, T_Steps = 51485, E_Steps = 244, R =  1.6917, succ =  0.7000, FPS = 10.65
13:53:17.700 [INFO] (trainer.py:175) Episode = 268, T_Steps = 51747, E_Steps = 262, R =  1.7158, succ =  0.7000, FPS = 10.49
13:53:24.902 [INFO] (trainer.py:175) Episode = 269, T_Steps = 51825, E_Steps = 78, R = -0.7514, succ =  0.6500, FPS = 10.83
13:53:34.828 [INFO] (trainer.py:175) Episode = 270, T_Steps = 51929, E_Steps = 104, R = -0.6776, succ =  0.6000, FPS = 10.48
13:53:57.829 [INFO] (trainer.py:175) Episode = 271, T_Steps = 52172, E_Steps = 243, R =  1.6782, succ =  0.6000, FPS = 10.57
13:54:22.891 [INFO] (trainer.py:175) Episode = 272, T_Steps = 52434, E_Steps = 262, R =  1.7294, succ =  0.6500, FPS = 10.45
13:54:47.481 [INFO] (trainer.py:175) Episode = 273, T_Steps = 52694, E_Steps = 260, R =  1.7203, succ =  0.7000, FPS = 10.57
13:54:58.647 [INFO] (trainer.py:175) Episode = 274, T_Steps = 52814, E_Steps = 120, R = -0.6299, succ =  0.7000, FPS = 10.75
13:55:08.023 [INFO] (trainer.py:175) Episode = 275, T_Steps = 52915, E_Steps = 101, R = -0.6802, succ =  0.7000, FPS = 10.77
13:55:32.404 [INFO] (trainer.py:175) Episode = 276, T_Steps = 53175, E_Steps = 260, R =  1.7162, succ =  0.7000, FPS = 10.66
13:55:44.282 [INFO] (trainer.py:175) Episode = 277, T_Steps = 53301, E_Steps = 126, R = -0.6042, succ =  0.6500, FPS = 10.61
13:56:07.693 [INFO] (trainer.py:175) Episode = 278, T_Steps = 53555, E_Steps = 254, R =  1.7464, succ =  0.6500, FPS = 10.85
13:56:31.950 [INFO] (trainer.py:175) Episode = 279, T_Steps = 53814, E_Steps = 259, R =  1.7202, succ =  0.7000, FPS = 10.68
13:56:56.000 [INFO] (trainer.py:175) Episode = 280, T_Steps = 54070, E_Steps = 256, R =  1.7624, succ =  0.7000, FPS = 10.64
13:57:19.676 [INFO] (trainer.py:175) Episode = 281, T_Steps = 54322, E_Steps = 252, R =  1.7511, succ =  0.7000, FPS = 10.64
13:57:36.034 [INFO] (trainer.py:175) Episode = 282, T_Steps = 54498, E_Steps = 176, R = -0.4625, succ =  0.6500, FPS = 10.76
13:57:51.669 [INFO] (trainer.py:175) Episode = 283, T_Steps = 54667, E_Steps = 169, R = -0.4678, succ =  0.6500, FPS = 10.81
13:58:15.242 [INFO] (trainer.py:175) Episode = 284, T_Steps = 54919, E_Steps = 252, R =  1.7280, succ =  0.6500, FPS = 10.69
13:58:31.480 [INFO] (trainer.py:175) Episode = 285, T_Steps = 55095, E_Steps = 176, R = -0.4715, succ =  0.6000, FPS = 10.84
13:58:55.372 [INFO] (trainer.py:175) Episode = 286, T_Steps = 55348, E_Steps = 253, R =  1.7577, succ =  0.6000, FPS = 10.59
13:59:18.690 [INFO] (trainer.py:175) Episode = 287, T_Steps = 55597, E_Steps = 249, R =  1.7129, succ =  0.6000, FPS = 10.68
13:59:43.105 [INFO] (trainer.py:175) Episode = 288, T_Steps = 55855, E_Steps = 258, R =  1.7306, succ =  0.6000, FPS = 10.57
14:00:07.080 [INFO] (trainer.py:175) Episode = 289, T_Steps = 56116, E_Steps = 261, R =  1.7411, succ =  0.6500, FPS = 10.89
14:00:28.886 [INFO] (trainer.py:175) Episode = 290, T_Steps = 56350, E_Steps = 234, R =  1.8268, succ =  0.7000, FPS = 10.73
14:00:37.493 [INFO] (trainer.py:175) Episode = 291, T_Steps = 56444, E_Steps = 94, R = -0.6993, succ =  0.6500, FPS = 10.92
14:00:49.395 [INFO] (trainer.py:175) Episode = 292, T_Steps = 56572, E_Steps = 128, R = -0.5863, succ =  0.6000, FPS = 10.76
14:01:06.161 [INFO] (trainer.py:175) Episode = 293, T_Steps = 56750, E_Steps = 178, R = -0.4364, succ =  0.5500, FPS = 10.62
14:01:18.131 [INFO] (trainer.py:175) Episode = 294, T_Steps = 56878, E_Steps = 128, R = -0.5869, succ =  0.5500, FPS = 10.70
14:01:28.557 [INFO] (trainer.py:175) Episode = 295, T_Steps = 56991, E_Steps = 113, R = -0.6374, succ =  0.5500, FPS = 10.84
14:01:52.707 [INFO] (trainer.py:175) Episode = 296, T_Steps = 57247, E_Steps = 256, R =  1.7829, succ =  0.5500, FPS = 10.60
14:02:01.587 [INFO] (trainer.py:175) Episode = 297, T_Steps = 57345, E_Steps = 98, R = -0.6657, succ =  0.5500, FPS = 11.04
14:02:10.695 [INFO] (trainer.py:175) Episode = 298, T_Steps = 57444, E_Steps = 99, R = -0.6708, succ =  0.5000, FPS = 10.87
14:02:19.440 [INFO] (trainer.py:175) Episode = 299, T_Steps = 57541, E_Steps = 97, R = -0.6772, succ =  0.4500, FPS = 11.09
14:02:36.363 [INFO] (trainer.py:175) Episode = 300, T_Steps = 57723, E_Steps = 182, R = -0.4140, succ =  0.4000, FPS = 10.76
14:03:02.434 [INFO] (trainer.py:175) Episode = 301, T_Steps = 58002, E_Steps = 279, R =  1.8475, succ =  0.4000, FPS = 10.70
14:03:28.169 [INFO] (trainer.py:175) Episode = 302, T_Steps = 58275, E_Steps = 273, R =  1.8501, succ =  0.4500, FPS = 10.61
14:03:54.104 [INFO] (trainer.py:175) Episode = 303, T_Steps = 58550, E_Steps = 275, R =  1.8668, succ =  0.5000, FPS = 10.60
14:04:19.293 [INFO] (trainer.py:175) Episode = 304, T_Steps = 58819, E_Steps = 269, R =  1.8312, succ =  0.5000, FPS = 10.68
14:04:43.384 [INFO] (trainer.py:175) Episode = 305, T_Steps = 59076, E_Steps = 257, R =  1.7976, succ =  0.5500, FPS = 10.67
14:05:09.553 [INFO] (trainer.py:175) Episode = 306, T_Steps = 59351, E_Steps = 275, R =  1.8560, succ =  0.5500, FPS = 10.51
14:05:33.979 [INFO] (trainer.py:175) Episode = 307, T_Steps = 59613, E_Steps = 262, R =  1.8324, succ =  0.5500, FPS = 10.73
14:05:49.833 [INFO] (trainer.py:175) Episode = 308, T_Steps = 59786, E_Steps = 173, R = -0.4753, succ =  0.5000, FPS = 10.91
14:06:14.110 [INFO] (trainer.py:175) Episode = 309, T_Steps = 60048, E_Steps = 262, R =  1.7858, succ =  0.5000, FPS = 10.79
14:06:38.667 [INFO] (trainer.py:175) Episode = 310, T_Steps = 60310, E_Steps = 262, R =  1.8509, succ =  0.5000, FPS = 10.67
14:07:04.146 [INFO] (trainer.py:175) Episode = 311, T_Steps = 60583, E_Steps = 273, R =  1.8845, succ =  0.5500, FPS = 10.72
14:07:22.828 [INFO] (trainer.py:175) Episode = 312, T_Steps = 60785, E_Steps = 202, R = -0.3778, succ =  0.5500, FPS = 10.81
14:07:36.651 [INFO] (trainer.py:175) Episode = 313, T_Steps = 60932, E_Steps = 147, R = -0.5227, succ =  0.5500, FPS = 10.63
14:07:53.392 [INFO] (trainer.py:175) Episode = 314, T_Steps = 61112, E_Steps = 180, R = -0.4320, succ =  0.5500, FPS = 10.75
14:08:11.382 [INFO] (trainer.py:175) Episode = 315, T_Steps = 61308, E_Steps = 196, R = -0.3911, succ =  0.5500, FPS = 10.90
14:08:27.719 [INFO] (trainer.py:175) Episode = 316, T_Steps = 61483, E_Steps = 175, R = -0.4552, succ =  0.5000, FPS = 10.71
14:08:49.985 [INFO] (trainer.py:175) Episode = 317, T_Steps = 61722, E_Steps = 239, R =  1.8384, succ =  0.5500, FPS = 10.73
14:09:07.328 [INFO] (trainer.py:175) Episode = 318, T_Steps = 61908, E_Steps = 186, R = -0.3858, succ =  0.5500, FPS = 10.73
14:09:23.535 [INFO] (trainer.py:175) Episode = 319, T_Steps = 62080, E_Steps = 172, R = -0.4315, succ =  0.5500, FPS = 10.61
14:09:45.486 [INFO] (trainer.py:175) Episode = 320, T_Steps = 62315, E_Steps = 235, R =  1.8434, succ =  0.6000, FPS = 10.71
14:10:02.090 [INFO] (trainer.py:175) Episode = 321, T_Steps = 62493, E_Steps = 178, R = -0.4661, succ =  0.5500, FPS = 10.72
14:10:25.439 [INFO] (trainer.py:175) Episode = 322, T_Steps = 62745, E_Steps = 252, R =  1.7406, succ =  0.5500, FPS = 10.79
14:10:41.222 [INFO] (trainer.py:175) Episode = 323, T_Steps = 62915, E_Steps = 170, R = -0.4281, succ =  0.5000, FPS = 10.77
14:10:51.247 [INFO] (trainer.py:175) Episode = 324, T_Steps = 63024, E_Steps = 109, R = -0.6238, succ =  0.4500, FPS = 10.87
14:11:06.786 [INFO] (trainer.py:175) Episode = 325, T_Steps = 63190, E_Steps = 166, R = -0.4531, succ =  0.4000, FPS = 10.68
14:11:16.927 [INFO] (trainer.py:175) Episode = 326, T_Steps = 63301, E_Steps = 111, R = -0.6274, succ =  0.3500, FPS = 10.95
14:11:40.051 [INFO] (trainer.py:175) Episode = 327, T_Steps = 63543, E_Steps = 242, R =  1.8397, succ =  0.3500, FPS = 10.47
14:12:02.329 [INFO] (trainer.py:175) Episode = 328, T_Steps = 63783, E_Steps = 240, R =  1.8159, succ =  0.4000, FPS = 10.77
14:12:10.739 [INFO] (trainer.py:175) Episode = 329, T_Steps = 63875, E_Steps = 92, R = -0.6873, succ =  0.3500, FPS = 10.94
14:12:34.058 [INFO] (trainer.py:175) Episode = 330, T_Steps = 64123, E_Steps = 248, R =  1.7694, succ =  0.3500, FPS = 10.64
14:12:58.492 [INFO] (trainer.py:175) Episode = 331, T_Steps = 64382, E_Steps = 259, R =  1.8330, succ =  0.3500, FPS = 10.60
14:13:20.676 [INFO] (trainer.py:175) Episode = 332, T_Steps = 64621, E_Steps = 239, R =  1.7968, succ =  0.4000, FPS = 10.77
14:13:43.345 [INFO] (trainer.py:175) Episode = 333, T_Steps = 64866, E_Steps = 245, R =  1.7382, succ =  0.4500, FPS = 10.81
14:14:04.848 [INFO] (trainer.py:175) Episode = 334, T_Steps = 65093, E_Steps = 227, R =  1.7839, succ =  0.5000, FPS = 10.56
14:14:27.134 [INFO] (trainer.py:175) Episode = 335, T_Steps = 65331, E_Steps = 238, R =  1.7246, succ =  0.5500, FPS = 10.68
14:14:49.106 [INFO] (trainer.py:175) Episode = 336, T_Steps = 65569, E_Steps = 238, R =  1.7652, succ =  0.6000, FPS = 10.83
14:15:10.803 [INFO] (trainer.py:175) Episode = 337, T_Steps = 65801, E_Steps = 232, R =  1.7363, succ =  0.6000, FPS = 10.69
14:15:23.231 [INFO] (trainer.py:175) Episode = 338, T_Steps = 65935, E_Steps = 134, R = -0.5760, succ =  0.6000, FPS = 10.78
14:15:44.143 [INFO] (trainer.py:175) Episode = 339, T_Steps = 66156, E_Steps = 221, R =  1.8025, succ =  0.6500, FPS = 10.57
14:16:00.077 [INFO] (trainer.py:175) Episode = 340, T_Steps = 66327, E_Steps = 171, R = -0.4430, succ =  0.6000, FPS = 10.73
14:16:20.558 [INFO] (trainer.py:175) Episode = 341, T_Steps = 66547, E_Steps = 220, R =  1.8312, succ =  0.6500, FPS = 10.74
14:16:43.128 [INFO] (trainer.py:175) Episode = 342, T_Steps = 66786, E_Steps = 239, R =  1.7446, succ =  0.6500, FPS = 10.59
14:17:05.040 [INFO] (trainer.py:175) Episode = 343, T_Steps = 67020, E_Steps = 234, R =  1.8429, succ =  0.7000, FPS = 10.68
14:17:28.624 [INFO] (trainer.py:175) Episode = 344, T_Steps = 67274, E_Steps = 254, R =  1.7934, succ =  0.7500, FPS = 10.77
14:17:50.667 [INFO] (trainer.py:175) Episode = 345, T_Steps = 67507, E_Steps = 233, R =  1.8443, succ =  0.8000, FPS = 10.57
14:17:59.896 [INFO] (trainer.py:175) Episode = 346, T_Steps = 67609, E_Steps = 102, R = -0.6355, succ =  0.8000, FPS = 11.05
14:18:21.903 [INFO] (trainer.py:175) Episode = 347, T_Steps = 67845, E_Steps = 236, R =  1.8305, succ =  0.8000, FPS = 10.72
14:18:44.753 [INFO] (trainer.py:175) Episode = 348, T_Steps = 68088, E_Steps = 243, R =  1.7342, succ =  0.8000, FPS = 10.64
14:18:54.973 [INFO] (trainer.py:175) Episode = 349, T_Steps = 68199, E_Steps = 111, R = -0.6430, succ =  0.8000, FPS = 10.86
14:19:10.030 [INFO] (trainer.py:175) Episode = 350, T_Steps = 68360, E_Steps = 161, R = -0.4736, succ =  0.7500, FPS = 10.69
14:19:30.356 [INFO] (trainer.py:175) Episode = 351, T_Steps = 68580, E_Steps = 220, R =  1.7518, succ =  0.7500, FPS = 10.82
14:19:39.057 [INFO] (trainer.py:175) Episode = 352, T_Steps = 68672, E_Steps = 92, R = -0.6907, succ =  0.7000, FPS = 10.58
14:20:00.204 [INFO] (trainer.py:175) Episode = 353, T_Steps = 68899, E_Steps = 227, R =  1.8260, succ =  0.7000, FPS = 10.73
14:20:21.680 [INFO] (trainer.py:175) Episode = 354, T_Steps = 69129, E_Steps = 230, R =  1.8968, succ =  0.7000, FPS = 10.71
14:20:42.089 [INFO] (trainer.py:175) Episode = 355, T_Steps = 69351, E_Steps = 222, R =  1.8178, succ =  0.7000, FPS = 10.88
14:21:02.041 [INFO] (trainer.py:175) Episode = 356, T_Steps = 69569, E_Steps = 218, R =  1.7928, succ =  0.7000, FPS = 10.93
14:21:23.017 [INFO] (trainer.py:175) Episode = 357, T_Steps = 69794, E_Steps = 225, R =  1.7896, succ =  0.7000, FPS = 10.73
14:21:42.240 [INFO] (trainer.py:175) Episode = 358, T_Steps = 69999, E_Steps = 205, R =  1.8538, succ =  0.7500, FPS = 10.66
14:22:02.535 [INFO] (trainer.py:175) Episode = 359, T_Steps = 70215, E_Steps = 216, R =  1.8246, succ =  0.7500, FPS = 10.64
14:22:22.112 [INFO] (trainer.py:175) Episode = 360, T_Steps = 70426, E_Steps = 211, R =  1.7771, succ =  0.8000, FPS = 10.78
14:22:41.806 [INFO] (trainer.py:175) Episode = 361, T_Steps = 70638, E_Steps = 212, R =  1.7805, succ =  0.8000, FPS = 10.77
14:22:52.318 [INFO] (trainer.py:175) Episode = 362, T_Steps = 70754, E_Steps = 116, R = -0.6175, succ =  0.7500, FPS = 11.04
14:23:06.296 [INFO] (trainer.py:175) Episode = 363, T_Steps = 70904, E_Steps = 150, R = -0.4776, succ =  0.7000, FPS = 10.73
14:23:15.625 [INFO] (trainer.py:175) Episode = 364, T_Steps = 71005, E_Steps = 101, R = -0.6617, succ =  0.6500, FPS = 10.83
14:23:26.818 [INFO] (trainer.py:175) Episode = 365, T_Steps = 71123, E_Steps = 118, R = -0.5812, succ =  0.6000, FPS = 10.54
14:23:45.929 [INFO] (trainer.py:175) Episode = 366, T_Steps = 71330, E_Steps = 207, R =  1.7950, succ =  0.6500, FPS = 10.83
14:24:04.822 [INFO] (trainer.py:175) Episode = 367, T_Steps = 71535, E_Steps = 205, R =  1.8042, succ =  0.6500, FPS = 10.85
14:24:23.395 [INFO] (trainer.py:175) Episode = 368, T_Steps = 71734, E_Steps = 199, R =  1.8248, succ =  0.6500, FPS = 10.71
14:24:42.418 [INFO] (trainer.py:175) Episode = 369, T_Steps = 71940, E_Steps = 206, R =  1.7937, succ =  0.7000, FPS = 10.83
14:24:50.982 [INFO] (trainer.py:175) Episode = 370, T_Steps = 72034, E_Steps = 94, R = -0.6972, succ =  0.7000, FPS = 10.98
14:25:10.136 [INFO] (trainer.py:175) Episode = 371, T_Steps = 72243, E_Steps = 209, R =  1.7495, succ =  0.7000, FPS = 10.91
14:25:30.811 [INFO] (trainer.py:175) Episode = 372, T_Steps = 72466, E_Steps = 223, R =  1.7749, succ =  0.7500, FPS = 10.79
14:25:50.974 [INFO] (trainer.py:175) Episode = 373, T_Steps = 72681, E_Steps = 215, R =  1.8030, succ =  0.7500, FPS = 10.66
14:26:09.253 [INFO] (trainer.py:175) Episode = 374, T_Steps = 72877, E_Steps = 196, R =  1.8052, succ =  0.7500, FPS = 10.72
14:26:27.518 [INFO] (trainer.py:175) Episode = 375, T_Steps = 73072, E_Steps = 195, R =  1.7666, succ =  0.7500, FPS = 10.68
14:26:45.558 [INFO] (trainer.py:175) Episode = 376, T_Steps = 73268, E_Steps = 196, R =  1.8370, succ =  0.7500, FPS = 10.87
14:27:05.230 [INFO] (trainer.py:175) Episode = 377, T_Steps = 73477, E_Steps = 209, R =  1.7722, succ =  0.7500, FPS = 10.62
14:27:24.037 [INFO] (trainer.py:175) Episode = 378, T_Steps = 73677, E_Steps = 200, R =  1.8117, succ =  0.7500, FPS = 10.64
14:27:32.113 [INFO] (trainer.py:175) Episode = 379, T_Steps = 73764, E_Steps = 87, R = -0.7031, succ =  0.7000, FPS = 10.77
14:27:51.721 [INFO] (trainer.py:175) Episode = 380, T_Steps = 73972, E_Steps = 208, R =  1.8135, succ =  0.7000, FPS = 10.61
14:28:12.090 [INFO] (trainer.py:175) Episode = 381, T_Steps = 74187, E_Steps = 215, R =  1.7541, succ =  0.7000, FPS = 10.56
14:28:20.784 [INFO] (trainer.py:175) Episode = 382, T_Steps = 74281, E_Steps = 94, R = -0.7065, succ =  0.7000, FPS = 10.81
14:28:41.207 [INFO] (trainer.py:175) Episode = 383, T_Steps = 74495, E_Steps = 214, R =  1.7877, succ =  0.7500, FPS = 10.48
14:28:49.570 [INFO] (trainer.py:175) Episode = 384, T_Steps = 74584, E_Steps = 89, R = -0.7099, succ =  0.7500, FPS = 10.64
14:28:58.694 [INFO] (trainer.py:175) Episode = 385, T_Steps = 74682, E_Steps = 98, R = -0.6729, succ =  0.7500, FPS = 10.74
14:29:07.709 [INFO] (trainer.py:175) Episode = 386, T_Steps = 74779, E_Steps = 97, R = -0.6875, succ =  0.7000, FPS = 10.76
14:29:27.568 [INFO] (trainer.py:175) Episode = 387, T_Steps = 74992, E_Steps = 213, R =  1.7900, succ =  0.7000, FPS = 10.73
14:29:36.677 [INFO] (trainer.py:175) Episode = 388, T_Steps = 75091, E_Steps = 99, R = -0.6770, succ =  0.6500, FPS = 10.87
14:29:56.408 [INFO] (trainer.py:175) Episode = 389, T_Steps = 75303, E_Steps = 212, R =  1.7188, succ =  0.6500, FPS = 10.75
14:30:15.535 [INFO] (trainer.py:175) Episode = 390, T_Steps = 75508, E_Steps = 205, R =  1.7316, succ =  0.7000, FPS = 10.72
14:30:24.100 [INFO] (trainer.py:175) Episode = 391, T_Steps = 75597, E_Steps = 89, R = -0.7078, succ =  0.6500, FPS = 10.39
14:30:43.423 [INFO] (trainer.py:175) Episode = 392, T_Steps = 75804, E_Steps = 207, R =  1.7976, succ =  0.6500, FPS = 10.71
14:30:51.520 [INFO] (trainer.py:175) Episode = 393, T_Steps = 75891, E_Steps = 87, R = -0.7137, succ =  0.6000, FPS = 10.75
14:31:04.490 [INFO] (trainer.py:175) Episode = 394, T_Steps = 76030, E_Steps = 139, R = -0.5672, succ =  0.5500, FPS = 10.72
14:31:11.202 [INFO] (trainer.py:175) Episode = 395, T_Steps = 76102, E_Steps = 72, R = -0.7596, succ =  0.5000, FPS = 10.73
14:31:24.184 [INFO] (trainer.py:175) Episode = 396, T_Steps = 76240, E_Steps = 138, R = -0.5675, succ =  0.4500, FPS = 10.63
14:31:37.672 [INFO] (trainer.py:175) Episode = 397, T_Steps = 76383, E_Steps = 143, R = -0.5290, succ =  0.4000, FPS = 10.60
14:31:57.064 [INFO] (trainer.py:175) Episode = 398, T_Steps = 76588, E_Steps = 205, R =  1.7496, succ =  0.4000, FPS = 10.57
14:32:16.149 [INFO] (trainer.py:175) Episode = 399, T_Steps = 76791, E_Steps = 203, R =  1.7544, succ =  0.4500, FPS = 10.64
14:32:34.265 [INFO] (trainer.py:175) Episode = 400, T_Steps = 76987, E_Steps = 196, R =  1.7938, succ =  0.4500, FPS = 10.82
14:32:54.945 [INFO] (trainer.py:175) Episode = 401, T_Steps = 77203, E_Steps = 216, R =  1.6507, succ =  0.4500, FPS = 10.45
14:33:13.223 [INFO] (trainer.py:175) Episode = 402, T_Steps = 77399, E_Steps = 196, R =  1.7719, succ =  0.5000, FPS = 10.72
14:33:20.025 [INFO] (trainer.py:175) Episode = 403, T_Steps = 77472, E_Steps = 73, R = -0.7520, succ =  0.4500, FPS = 10.73
14:33:26.530 [INFO] (trainer.py:175) Episode = 404, T_Steps = 77541, E_Steps = 69, R = -0.7631, succ =  0.4500, FPS = 10.61
14:33:46.813 [INFO] (trainer.py:175) Episode = 405, T_Steps = 77756, E_Steps = 215, R =  1.7289, succ =  0.5000, FPS = 10.60
14:34:05.187 [INFO] (trainer.py:175) Episode = 406, T_Steps = 77950, E_Steps = 194, R =  1.8036, succ =  0.5500, FPS = 10.56
14:34:26.400 [INFO] (trainer.py:175) Episode = 407, T_Steps = 78174, E_Steps = 224, R =  1.6527, succ =  0.5500, FPS = 10.56
14:34:47.128 [INFO] (trainer.py:175) Episode = 408, T_Steps = 78393, E_Steps = 219, R =  1.6714, succ =  0.6000, FPS = 10.57
14:35:08.746 [INFO] (trainer.py:175) Episode = 409, T_Steps = 78622, E_Steps = 229, R =  1.7291, succ =  0.6000, FPS = 10.59
14:35:17.776 [INFO] (trainer.py:175) Episode = 410, T_Steps = 78719, E_Steps = 97, R = -0.6889, succ =  0.5500, FPS = 10.74
14:35:36.829 [INFO] (trainer.py:175) Episode = 411, T_Steps = 78922, E_Steps = 203, R =  1.7802, succ =  0.6000, FPS = 10.66
14:35:57.300 [INFO] (trainer.py:175) Episode = 412, T_Steps = 79141, E_Steps = 219, R =  1.7134, succ =  0.6000, FPS = 10.70
14:36:17.455 [INFO] (trainer.py:175) Episode = 413, T_Steps = 79357, E_Steps = 216, R =  1.7116, succ =  0.6500, FPS = 10.72
14:36:37.545 [INFO] (trainer.py:175) Episode = 414, T_Steps = 79573, E_Steps = 216, R =  1.7388, succ =  0.7000, FPS = 10.75
14:36:56.962 [INFO] (trainer.py:175) Episode = 415, T_Steps = 79779, E_Steps = 206, R =  1.7250, succ =  0.7500, FPS = 10.61
14:37:16.214 [INFO] (trainer.py:175) Episode = 416, T_Steps = 79985, E_Steps = 206, R =  1.7753, succ =  0.8000, FPS = 10.70
14:37:38.231 [INFO] (trainer.py:175) Episode = 417, T_Steps = 80217, E_Steps = 232, R =  1.7101, succ =  0.8500, FPS = 10.54
14:37:58.922 [INFO] (trainer.py:175) Episode = 418, T_Steps = 80436, E_Steps = 219, R =  1.7365, succ =  0.8500, FPS = 10.58
14:38:16.995 [INFO] (trainer.py:175) Episode = 419, T_Steps = 80630, E_Steps = 194, R =  1.8259, succ =  0.8500, FPS = 10.73
14:38:35.443 [INFO] (trainer.py:175) Episode = 420, T_Steps = 80827, E_Steps = 197, R =  1.8106, succ =  0.8500, FPS = 10.68
14:38:54.648 [INFO] (trainer.py:175) Episode = 421, T_Steps = 81032, E_Steps = 205, R =  1.7440, succ =  0.8500, FPS = 10.67
14:39:11.897 [INFO] (trainer.py:175) Episode = 422, T_Steps = 81219, E_Steps = 187, R =  1.8209, succ =  0.8500, FPS = 10.84
14:39:31.052 [INFO] (trainer.py:175) Episode = 423, T_Steps = 81423, E_Steps = 204, R =  1.7511, succ =  0.9000, FPS = 10.65
14:39:51.896 [INFO] (trainer.py:175) Episode = 424, T_Steps = 81644, E_Steps = 221, R =  1.7424, succ =  0.9500, FPS = 10.60
14:40:12.329 [INFO] (trainer.py:175) Episode = 425, T_Steps = 81861, E_Steps = 217, R =  1.6972, succ =  0.9500, FPS = 10.62
14:40:34.146 [INFO] (trainer.py:175) Episode = 426, T_Steps = 82093, E_Steps = 232, R =  1.6934, succ =  0.9500, FPS = 10.63
14:40:54.741 [INFO] (trainer.py:175) Episode = 427, T_Steps = 82313, E_Steps = 220, R =  1.7444, succ =  0.9500, FPS = 10.68
14:41:04.324 [INFO] (trainer.py:175) Episode = 428, T_Steps = 82416, E_Steps = 103, R = -0.6546, succ =  0.9000, FPS = 10.75
14:41:24.611 [INFO] (trainer.py:175) Episode = 429, T_Steps = 82632, E_Steps = 216, R =  1.6477, succ =  0.9000, FPS = 10.65
14:41:43.323 [INFO] (trainer.py:175) Episode = 430, T_Steps = 82832, E_Steps = 200, R =  1.7796, succ =  0.9500, FPS = 10.69
14:41:51.819 [INFO] (trainer.py:175) Episode = 431, T_Steps = 82922, E_Steps = 90, R = -0.7055, succ =  0.9000, FPS = 10.60
14:42:10.443 [INFO] (trainer.py:175) Episode = 432, T_Steps = 83121, E_Steps = 199, R =  1.7563, succ =  0.9000, FPS = 10.69
14:42:29.027 [INFO] (trainer.py:175) Episode = 433, T_Steps = 83319, E_Steps = 198, R =  1.7709, succ =  0.9000, FPS = 10.66
14:42:48.380 [INFO] (trainer.py:175) Episode = 434, T_Steps = 83523, E_Steps = 204, R =  1.8163, succ =  0.9000, FPS = 10.54
14:43:09.312 [INFO] (trainer.py:175) Episode = 435, T_Steps = 83743, E_Steps = 220, R =  1.7038, succ =  0.9000, FPS = 10.51
14:43:28.980 [INFO] (trainer.py:175) Episode = 436, T_Steps = 83954, E_Steps = 211, R =  1.7451, succ =  0.9000, FPS = 10.73
14:43:50.205 [INFO] (trainer.py:175) Episode = 437, T_Steps = 84183, E_Steps = 229, R =  1.7004, succ =  0.9000, FPS = 10.79
14:44:09.203 [INFO] (trainer.py:175) Episode = 438, T_Steps = 84385, E_Steps = 202, R =  1.7767, succ =  0.9000, FPS = 10.63
14:44:33.554 [INFO] (trainer.py:175) Episode = 439, T_Steps = 84643, E_Steps = 258, R =  1.7438, succ =  0.9000, FPS = 10.60
14:44:52.961 [INFO] (trainer.py:175) Episode = 440, T_Steps = 84850, E_Steps = 207, R =  1.7620, succ =  0.9000, FPS = 10.67
14:45:02.350 [INFO] (trainer.py:175) Episode = 441, T_Steps = 84951, E_Steps = 101, R = -0.6854, succ =  0.8500, FPS = 10.76
14:45:21.944 [INFO] (trainer.py:175) Episode = 442, T_Steps = 85160, E_Steps = 209, R =  1.7292, succ =  0.8500, FPS = 10.67
14:45:44.129 [INFO] (trainer.py:175) Episode = 443, T_Steps = 85396, E_Steps = 236, R =  1.6474, succ =  0.8500, FPS = 10.64
14:46:05.317 [INFO] (trainer.py:175) Episode = 444, T_Steps = 85623, E_Steps = 227, R =  1.7519, succ =  0.8500, FPS = 10.71
14:46:28.478 [INFO] (trainer.py:175) Episode = 445, T_Steps = 85865, E_Steps = 242, R =  1.6842, succ =  0.8500, FPS = 10.45
14:46:48.082 [INFO] (trainer.py:175) Episode = 446, T_Steps = 86077, E_Steps = 212, R =  1.7883, succ =  0.8500, FPS = 10.81
14:46:57.009 [INFO] (trainer.py:175) Episode = 447, T_Steps = 86174, E_Steps = 97, R = -0.6912, succ =  0.8000, FPS = 10.87
14:47:06.321 [INFO] (trainer.py:175) Episode = 448, T_Steps = 86275, E_Steps = 101, R = -0.6789, succ =  0.8000, FPS = 10.85
14:47:13.324 [INFO] (trainer.py:175) Episode = 449, T_Steps = 86350, E_Steps = 75, R = -0.7414, succ =  0.7500, FPS = 10.71
14:47:32.033 [INFO] (trainer.py:175) Episode = 450, T_Steps = 86550, E_Steps = 200, R =  1.8122, succ =  0.7500, FPS = 10.69
14:47:50.399 [INFO] (trainer.py:175) Episode = 451, T_Steps = 86746, E_Steps = 196, R =  1.7902, succ =  0.8000, FPS = 10.67
14:48:10.787 [INFO] (trainer.py:175) Episode = 452, T_Steps = 86964, E_Steps = 218, R =  1.7408, succ =  0.8000, FPS = 10.69
14:48:30.575 [INFO] (trainer.py:175) Episode = 453, T_Steps = 87173, E_Steps = 209, R =  1.7924, succ =  0.8000, FPS = 10.56
14:48:38.002 [INFO] (trainer.py:175) Episode = 454, T_Steps = 87253, E_Steps = 80, R = -0.7427, succ =  0.7500, FPS = 10.77
14:48:58.320 [INFO] (trainer.py:175) Episode = 455, T_Steps = 87472, E_Steps = 219, R =  1.7734, succ =  0.7500, FPS = 10.78
14:49:18.923 [INFO] (trainer.py:175) Episode = 456, T_Steps = 87692, E_Steps = 220, R =  1.7686, succ =  0.7500, FPS = 10.68
14:49:28.087 [INFO] (trainer.py:175) Episode = 457, T_Steps = 87790, E_Steps = 98, R = -0.6854, succ =  0.7000, FPS = 10.70
14:49:37.035 [INFO] (trainer.py:175) Episode = 458, T_Steps = 87887, E_Steps = 97, R = -0.6961, succ =  0.6500, FPS = 10.84
14:49:55.699 [INFO] (trainer.py:175) Episode = 459, T_Steps = 88087, E_Steps = 200, R =  1.7833, succ =  0.6500, FPS = 10.72
14:50:16.905 [INFO] (trainer.py:175) Episode = 460, T_Steps = 88312, E_Steps = 225, R =  1.6937, succ =  0.6500, FPS = 10.61
14:50:36.295 [INFO] (trainer.py:175) Episode = 461, T_Steps = 88520, E_Steps = 208, R =  1.7883, succ =  0.7000, FPS = 10.73
14:50:56.280 [INFO] (trainer.py:175) Episode = 462, T_Steps = 88732, E_Steps = 212, R =  1.7740, succ =  0.7000, FPS = 10.61
14:51:14.862 [INFO] (trainer.py:175) Episode = 463, T_Steps = 88929, E_Steps = 197, R =  1.8075, succ =  0.7000, FPS = 10.60
14:51:34.795 [INFO] (trainer.py:175) Episode = 464, T_Steps = 89140, E_Steps = 211, R =  1.8350, succ =  0.7000, FPS = 10.59
14:51:54.313 [INFO] (trainer.py:175) Episode = 465, T_Steps = 89346, E_Steps = 206, R =  1.8308, succ =  0.7000, FPS = 10.56
14:52:12.600 [INFO] (trainer.py:175) Episode = 466, T_Steps = 89545, E_Steps = 199, R =  1.7784, succ =  0.7000, FPS = 10.88
14:52:29.842 [INFO] (trainer.py:175) Episode = 467, T_Steps = 89730, E_Steps = 185, R =  1.8045, succ =  0.7500, FPS = 10.73
14:52:48.866 [INFO] (trainer.py:175) Episode = 468, T_Steps = 89933, E_Steps = 203, R =  1.7875, succ =  0.8000, FPS = 10.67
14:53:09.050 [INFO] (trainer.py:175) Episode = 469, T_Steps = 90145, E_Steps = 212, R =  1.7489, succ =  0.8500, FPS = 10.50
14:53:26.859 [INFO] (trainer.py:175) Episode = 470, T_Steps = 90334, E_Steps = 189, R =  1.7929, succ =  0.8500, FPS = 10.61
14:53:45.569 [INFO] (trainer.py:175) Episode = 471, T_Steps = 90533, E_Steps = 199, R =  1.7834, succ =  0.8500, FPS = 10.64
14:54:03.878 [INFO] (trainer.py:175) Episode = 472, T_Steps = 90728, E_Steps = 195, R =  1.7917, succ =  0.8500, FPS = 10.65
14:54:10.394 [INFO] (trainer.py:175) Episode = 473, T_Steps = 90800, E_Steps = 72, R = -0.7698, succ =  0.8000, FPS = 11.05
14:54:27.567 [INFO] (trainer.py:175) Episode = 474, T_Steps = 90982, E_Steps = 182, R =  1.8137, succ =  0.8500, FPS = 10.60
14:54:45.163 [INFO] (trainer.py:175) Episode = 475, T_Steps = 91171, E_Steps = 189, R =  1.7614, succ =  0.8500, FPS = 10.74
14:55:02.422 [INFO] (trainer.py:175) Episode = 476, T_Steps = 91356, E_Steps = 185, R =  1.8095, succ =  0.8500, FPS = 10.72
14:55:19.341 [INFO] (trainer.py:175) Episode = 477, T_Steps = 91538, E_Steps = 182, R =  1.7884, succ =  0.9000, FPS = 10.76
14:55:36.013 [INFO] (trainer.py:175) Episode = 478, T_Steps = 91716, E_Steps = 178, R =  1.8086, succ =  0.9500, FPS = 10.68
14:55:44.493 [INFO] (trainer.py:175) Episode = 479, T_Steps = 91806, E_Steps = 90, R = -0.6895, succ =  0.9000, FPS = 10.61
14:56:02.935 [INFO] (trainer.py:175) Episode = 480, T_Steps = 92002, E_Steps = 196, R =  1.7966, succ =  0.9000, FPS = 10.63
14:56:12.390 [INFO] (trainer.py:175) Episode = 481, T_Steps = 92104, E_Steps = 102, R = -0.6692, succ =  0.8500, FPS = 10.79
14:56:31.977 [INFO] (trainer.py:175) Episode = 482, T_Steps = 92311, E_Steps = 207, R =  1.7629, succ =  0.8500, FPS = 10.57
14:56:51.982 [INFO] (trainer.py:175) Episode = 483, T_Steps = 92521, E_Steps = 210, R =  1.7466, succ =  0.8500, FPS = 10.50
14:57:09.430 [INFO] (trainer.py:175) Episode = 484, T_Steps = 92706, E_Steps = 185, R =  1.8224, succ =  0.8500, FPS = 10.60
14:57:27.766 [INFO] (trainer.py:175) Episode = 485, T_Steps = 92901, E_Steps = 195, R =  1.7790, succ =  0.8500, FPS = 10.64
14:57:47.073 [INFO] (trainer.py:175) Episode = 486, T_Steps = 93104, E_Steps = 203, R =  1.8019, succ =  0.8500, FPS = 10.52
14:57:54.402 [INFO] (trainer.py:175) Episode = 487, T_Steps = 93182, E_Steps = 78, R = -0.7454, succ =  0.8000, FPS = 10.64
14:58:13.485 [INFO] (trainer.py:175) Episode = 488, T_Steps = 93387, E_Steps = 205, R =  1.7987, succ =  0.8000, FPS = 10.74
14:58:33.268 [INFO] (trainer.py:175) Episode = 489, T_Steps = 93599, E_Steps = 212, R =  1.7212, succ =  0.8000, FPS = 10.72
14:58:52.720 [INFO] (trainer.py:175) Episode = 490, T_Steps = 93806, E_Steps = 207, R =  1.8335, succ =  0.8000, FPS = 10.64
14:58:54.218 [INFO] (trainer.py:175) Episode = 491, T_Steps = 93822, E_Steps = 16, R = -0.9022, succ =  0.7500, FPS = 10.69
14:59:13.873 [INFO] (trainer.py:175) Episode = 492, T_Steps = 94031, E_Steps = 209, R =  1.8141, succ =  0.7500, FPS = 10.63
14:59:31.815 [INFO] (trainer.py:175) Episode = 493, T_Steps = 94223, E_Steps = 192, R =  1.8562, succ =  0.8000, FPS = 10.70
14:59:50.442 [INFO] (trainer.py:175) Episode = 494, T_Steps = 94422, E_Steps = 199, R =  1.8080, succ =  0.8000, FPS = 10.68
14:59:59.769 [INFO] (trainer.py:175) Episode = 495, T_Steps = 94524, E_Steps = 102, R = -0.6757, succ =  0.7500, FPS = 10.94
15:00:18.644 [INFO] (trainer.py:175) Episode = 496, T_Steps = 94724, E_Steps = 200, R =  1.7970, succ =  0.7500, FPS = 10.60
15:00:38.343 [INFO] (trainer.py:175) Episode = 497, T_Steps = 94934, E_Steps = 210, R =  1.7627, succ =  0.7500, FPS = 10.66
15:00:48.266 [INFO] (trainer.py:175) Episode = 498, T_Steps = 95037, E_Steps = 103, R = -0.6783, succ =  0.7000, FPS = 10.38
15:01:07.417 [INFO] (trainer.py:175) Episode = 499, T_Steps = 95240, E_Steps = 203, R =  1.7794, succ =  0.7500, FPS = 10.60
15:01:25.479 [INFO] (trainer.py:175) Episode = 500, T_Steps = 95434, E_Steps = 194, R =  1.8479, succ =  0.7500, FPS = 10.74
15:01:43.289 [INFO] (trainer.py:175) Episode = 501, T_Steps = 95625, E_Steps = 191, R =  1.8211, succ =  0.8000, FPS = 10.73
15:01:50.175 [INFO] (trainer.py:175) Episode = 502, T_Steps = 95699, E_Steps = 74, R = -0.7549, succ =  0.7500, FPS = 10.75
15:02:09.553 [INFO] (trainer.py:175) Episode = 503, T_Steps = 95905, E_Steps = 206, R =  1.8354, succ =  0.7500, FPS = 10.63
15:02:27.058 [INFO] (trainer.py:175) Episode = 504, T_Steps = 96093, E_Steps = 188, R =  1.8519, succ =  0.7500, FPS = 10.74
15:02:44.527 [INFO] (trainer.py:175) Episode = 505, T_Steps = 96278, E_Steps = 185, R =  1.8489, succ =  0.7500, FPS = 10.59
15:03:03.014 [INFO] (trainer.py:175) Episode = 506, T_Steps = 96476, E_Steps = 198, R =  1.8217, succ =  0.7500, FPS = 10.71
15:03:20.226 [INFO] (trainer.py:175) Episode = 507, T_Steps = 96660, E_Steps = 184, R =  1.8476, succ =  0.8000, FPS = 10.69
15:03:39.396 [INFO] (trainer.py:175) Episode = 508, T_Steps = 96864, E_Steps = 204, R =  1.7898, succ =  0.8000, FPS = 10.64
15:03:56.518 [INFO] (trainer.py:175) Episode = 509, T_Steps = 97047, E_Steps = 183, R =  1.8600, succ =  0.8000, FPS = 10.69
15:04:14.906 [INFO] (trainer.py:175) Episode = 510, T_Steps = 97243, E_Steps = 196, R =  1.8752, succ =  0.8000, FPS = 10.66
15:04:33.608 [INFO] (trainer.py:175) Episode = 511, T_Steps = 97444, E_Steps = 201, R =  1.8770, succ =  0.8500, FPS = 10.75
15:04:44.376 [INFO] (trainer.py:175) Episode = 512, T_Steps = 97558, E_Steps = 114, R = -0.6358, succ =  0.8000, FPS = 10.59
15:04:53.862 [INFO] (trainer.py:175) Episode = 513, T_Steps = 97660, E_Steps = 102, R = -0.6838, succ =  0.7500, FPS = 10.75
15:05:02.153 [INFO] (trainer.py:175) Episode = 514, T_Steps = 97749, E_Steps = 89, R = -0.7123, succ =  0.7000, FPS = 10.74
15:05:20.696 [INFO] (trainer.py:175) Episode = 515, T_Steps = 97946, E_Steps = 197, R =  1.8415, succ =  0.7500, FPS = 10.62
15:05:38.760 [INFO] (trainer.py:175) Episode = 516, T_Steps = 98137, E_Steps = 191, R =  1.8296, succ =  0.7500, FPS = 10.57
15:05:47.893 [INFO] (trainer.py:175) Episode = 517, T_Steps = 98234, E_Steps = 97, R = -0.7004, succ =  0.7000, FPS = 10.62
15:06:05.858 [INFO] (trainer.py:175) Episode = 518, T_Steps = 98426, E_Steps = 192, R =  1.8389, succ =  0.7500, FPS = 10.69
15:06:23.957 [INFO] (trainer.py:175) Episode = 519, T_Steps = 98616, E_Steps = 190, R =  1.8411, succ =  0.7500, FPS = 10.50
15:06:41.651 [INFO] (trainer.py:175) Episode = 520, T_Steps = 98804, E_Steps = 188, R =  1.8545, succ =  0.7500, FPS = 10.63
15:06:59.201 [INFO] (trainer.py:175) Episode = 521, T_Steps = 98991, E_Steps = 187, R =  1.8469, succ =  0.7500, FPS = 10.66
15:07:15.686 [INFO] (trainer.py:175) Episode = 522, T_Steps = 99168, E_Steps = 177, R =  1.8335, succ =  0.8000, FPS = 10.74
15:07:32.734 [INFO] (trainer.py:175) Episode = 523, T_Steps = 99348, E_Steps = 180, R =  1.8286, succ =  0.8000, FPS = 10.56
15:07:40.303 [INFO] (trainer.py:175) Episode = 524, T_Steps = 99430, E_Steps = 82, R = -0.7348, succ =  0.7500, FPS = 10.84
15:07:56.981 [INFO] (trainer.py:175) Episode = 525, T_Steps = 99608, E_Steps = 178, R =  1.8528, succ =  0.7500, FPS = 10.67
15:08:14.247 [INFO] (trainer.py:175) Episode = 526, T_Steps = 99792, E_Steps = 184, R =  1.8264, succ =  0.7500, FPS = 10.66
15:08:31.216 [INFO] (trainer.py:175) Episode = 527, T_Steps = 99975, E_Steps = 183, R =  1.8591, succ =  0.7500, FPS = 10.79
